2025-06-29 11:00:06 | INFO     | Seal Image Downloader Starting...
2025-06-29 11:00:06 | INFO     | Starting download from detection/training_data/00_raw/seals.csv
2025-06-29 11:00:06 | INFO     | Output directory: detection/training_data/00_raw/code_seal
2025-06-29 11:00:06 | INFO     | Download limit: 1 images
2025-06-29 11:00:06 | INFO     | Row 1: Downloading 002398 from https://media.cargosnap.net/thumbnails/sm/tenant1624/uploads/20250513/WxaBuV7N2zkh7NZSDXM6J1oSg46LACo9/fjy21f-1747143583276.jpg
2025-06-29 11:00:06 | INFO     | Row 1: ✓ Saved 002398.jpg
2025-06-29 11:00:06 | INFO     | Reached download limit of 1 images
2025-06-29 11:00:06 | INFO     | 
==================================================
2025-06-29 11:00:06 | INFO     | DOWNLOAD SUMMARY
2025-06-29 11:00:06 | INFO     | ==================================================
2025-06-29 11:00:06 | INFO     | Total rows processed: 2
2025-06-29 11:00:06 | INFO     | Successfully downloaded: 1
2025-06-29 11:00:06 | INFO     | Skipped (already exists): 0
2025-06-29 11:00:06 | INFO     | Failed downloads: 0
2025-06-29 11:00:06 | INFO     | Invalid references: 0
2025-06-29 11:00:06 | INFO     | Output directory: detection/training_data/00_raw/code_seal
2025-06-29 11:00:06 | INFO     | 
✓ Successfully downloaded 1 seal images!
2025-06-29 11:00:06 | INFO     | 
Total time: 0.5 seconds
2025-06-29 11:00:19 | INFO     | Seal Image Downloader Starting...
2025-06-29 11:00:19 | INFO     | Starting download from detection/training_data/00_raw/seals.csv
2025-06-29 11:00:19 | INFO     | Output directory: detection/training_data/00_raw/code_seal
2025-06-29 11:00:19 | INFO     | Download limit: 300 images
2025-06-29 11:00:19 | INFO     | Row 2: Downloading 0451702 from https://media.cargosnap.net/thumbnails/sm/tenant1560/uploads/20250513/fsLTRORRTIn0tyJ8SYoB94wvt332pEdA/desym-1747143696824.jpg
2025-06-29 11:00:20 | INFO     | Row 2: ✓ Saved 0451702.jpg
2025-06-29 11:00:20 | INFO     | Row 3: Downloading 0044042 from https://media.cargosnap.net/thumbnails/sm/tenant535/uploads/20250513/qEkMzIdkd33RAxFVinfW1L5F0Zg6lRpG/dpcwmt-1747143723115.jpg
2025-06-29 11:00:20 | INFO     | Row 3: ✓ Saved 0044042.jpg
2025-06-29 11:00:20 | INFO     | Row 4: Downloading E44701MZD10392265 from https://media.cargosnap.net/thumbnails/sm/tenant273/uploads/20250513/vnuiVSflvY7u7OB0ozG0Yafsci9306aj/owp5rk-1747143784889.jpg
2025-06-29 11:00:21 | INFO     | Row 4: ✓ Saved E44701MZD10392265.jpg
2025-06-29 11:00:21 | INFO     | Row 5: Downloading LAAC75313 from https://media.cargosnap.net/thumbnails/sm/tenant1560/uploads/20250513/s6uk7mVPVOKjRlgj9BjhFRK3P9biTL9i/pg5dtm-1747143856447.jpg
2025-06-29 11:00:21 | INFO     | Row 5: ✓ Saved LAAC75313.jpg
2025-06-29 11:00:21 | INFO     | Row 6: Downloading 0131246 from https://media.cargosnap.net/thumbnails/sm/tenant420/uploads/20250513/nzlIuXKQAwZpG5oXYCSfvAohK5YiC6WU/a4kop5-1747143885162.jpg
2025-06-29 11:00:21 | INFO     | Row 6: ✓ Saved 0131246.jpg
2025-06-29 11:00:21 | INFO     | Row 8: Downloading 3973304 from https://media.cargosnap.net/thumbnails/sm/tenant1942/uploads/20250513/NR9b7c4yGXJGIoLhQc8P43XWBWgcZRTU/522s1q-1747143912894.jpg
2025-06-29 11:00:22 | INFO     | Row 8: ✓ Saved 3973304.jpg
2025-06-29 11:00:22 | INFO     | Row 9: Downloading L6976755 from https://media.cargosnap.net/thumbnails/sm/tenant1173/uploads/20250513/fVwHgCmARtBIBhKaWBVehKaHAdzWe4UD/2op8sh-1747143934503.jpg
2025-06-29 11:00:22 | INFO     | Row 9: ✓ Saved L6976755.jpg
2025-06-29 11:00:22 | INFO     | Row 10: Downloading 0127962 from https://media.cargosnap.net/thumbnails/sm/tenant420/uploads/20250513/Oqai9j2yS24nhJCkeBeHotwOvsjyOSYu/q5l6c7-1747143960470.jpg
2025-06-29 11:00:23 | INFO     | Row 10: ✓ Saved 0127962.jpg
2025-06-29 11:00:23 | INFO     | Row 11: Downloading DSCNO93015 from https://media.cargosnap.net/thumbnails/sm/tenant1121/uploads/20250513/kNpweUZHBQpYBIGUlLLlsx2MPMZUZEQR/d2d4ei-1747143997279.jpg
2025-06-29 11:00:23 | INFO     | Row 11: ✓ Saved DSCNO93015.jpg
2025-06-29 11:00:23 | INFO     | Row 12: Downloading 5001551 from https://media.cargosnap.net/thumbnails/sm/tenant1912/uploads/20250513/JGVN3PIkn2mSeBLOB3cOIF8R8U24Q1ES/e9l562-1747144020554.jpg
2025-06-29 11:00:23 | INFO     | Row 12: ✓ Saved 5001551.jpg
2025-06-29 11:00:23 | INFO     | Row 13: Downloading 693213 from https://media.cargosnap.net/thumbnails/sm/tenant3647/uploads/20250513/q8ITpAquJ5UGtMBilk0pXpAw1JBYXF8Q/ys73q-1747144027264.jpg
2025-06-29 11:00:24 | INFO     | Row 13: ✓ Saved 693213.jpg
2025-06-29 11:00:24 | INFO     | Row 14: Downloading 5000902 from https://media.cargosnap.net/thumbnails/sm/tenant1912/uploads/20250513/AdAL80qI8eVI9UPbnjxMpxBTD1nOIk2d/1og0sb-1747144071941.jpg
2025-06-29 11:00:24 | INFO     | Row 14: ✓ Saved 5000902.jpg
2025-06-29 11:00:24 | INFO     | Row 15: Downloading 1014321 from https://media.cargosnap.net/thumbnails/sm/tenant420/uploads/20250513/oxiVaV2thpGynlY45i3KZ4YT1Dk0lGkq/gqt8xn-1747144067614.jpg
2025-06-29 11:00:24 | INFO     | Row 15: ✓ Saved 1014321.jpg
2025-06-29 11:00:24 | INFO     | Row 16: Downloading 0059450 from https://media.cargosnap.net/thumbnails/sm/tenant678/uploads/20250513/MQ1e8hTvb8uHHQqCuMM3xUZ3gEQsTulH/h5dt5w-1747144110209.jpg
2025-06-29 11:00:25 | INFO     | Row 16: ✓ Saved 0059450.jpg
2025-06-29 11:00:25 | INFO     | Row 17: Downloading 4997005 from https://media.cargosnap.net/thumbnails/sm/tenant1912/uploads/20250513/eUkSYtBhDWz1B0B6W71pcHsDyz2PvoEb/gakoi9-1747144114246.jpg
2025-06-29 11:00:25 | INFO     | Row 17: ✓ Saved 4997005.jpg
2025-06-29 11:00:25 | INFO     | Row 18: Downloading 0030946 from https://media.cargosnap.net/thumbnails/sm/tenant2711/uploads/20250513/OXRuuZx9OB4Sj3nc2jqagdmnGlyxZuF9/8os4ki-1747144131745.jpg
2025-06-29 11:00:25 | INFO     | Row 18: ✓ Saved 0030946.jpg
2025-06-29 11:00:25 | INFO     | Row 19: Downloading 5001523 from https://media.cargosnap.net/thumbnails/sm/tenant1912/uploads/20250513/3uKlLbfrLZOHV2XOwFf9QGec06agXfLk/q54ydm-1747144147140.jpg
2025-06-29 11:00:26 | INFO     | Row 19: ✓ Saved 5001523.jpg
2025-06-29 11:00:26 | INFO     | Row 20: Downloading 2002028655 from https://media.cargosnap.net/thumbnails/sm/tenant90/uploads/20250513/zznOYEFU7s7gtBoMG4JIVHaMTOrUuva9/75es5-1747144163799.jpg
2025-06-29 11:00:26 | INFO     | Row 20: ✓ Saved 2002028655.jpg
2025-06-29 11:00:26 | INFO     | Row 21: Downloading 1189980 from https://media.cargosnap.net/thumbnails/sm/tenant90/uploads/20250513/0sCPWp51PUMEYeAIpFOFuNvRKHystcZO/vwuvt-1747144171434.jpg
2025-06-29 11:00:26 | INFO     | Row 21: ✓ Saved 1189980.jpg
2025-06-29 11:00:26 | INFO     | Row 22: Downloading 5001516 from https://media.cargosnap.net/thumbnails/sm/tenant1912/uploads/20250513/SxO5yOj01wUSZUZt36HFTZZAI8SHgiDd/z82qvm-1747144180546.jpg
2025-06-29 11:00:27 | INFO     | Row 22: ✓ Saved 5001516.jpg
2025-06-29 11:00:27 | INFO     | Row 23: Downloading 0127961 from https://media.cargosnap.net/thumbnails/sm/tenant420/uploads/20250513/5lZKbU3njN3ZTztLtCJOjQiG0Vn93UuD/2wjqe-1747144213499.jpg
2025-06-29 11:00:27 | INFO     | Row 23: ✓ Saved 0127961.jpg
2025-06-29 11:00:27 | INFO     | Row 24: Downloading SCNO93127 from https://media.cargosnap.net/thumbnails/sm/tenant1121/uploads/20250513/vseHFuv28q5jNe1duss2755B0AQ1MWeL/hesh7v-1747144221923.jpg
2025-06-29 11:00:27 | INFO     | Row 24: ✓ Saved SCNO93127.jpg
2025-06-29 11:00:28 | INFO     | Row 25: Downloading 0127969 from https://media.cargosnap.net/thumbnails/sm/tenant420/uploads/20250513/JWUyLtF0ZFCKMbBJY6P540t5GZgjMcuD/wwle4s-1747144232077.jpg
2025-06-29 11:00:28 | INFO     | Row 25: ✓ Saved 0127969.jpg
2025-06-29 11:00:28 | INFO     | Row 26: Downloading 2343577 from https://media.cargosnap.net/thumbnails/sm/tenant1451/uploads/20250513/Bu7Ze1mcPMMBgVRwmZPiat9jzRcvBXTg/apa5z-1747144257416.jpg
2025-06-29 11:00:28 | INFO     | Row 26: ✓ Saved 2343577.jpg
2025-06-29 11:00:28 | INFO     | Row 27: Downloading 5000868 from https://media.cargosnap.net/thumbnails/sm/tenant1912/uploads/20250513/bhbPDPh4UxHC2TOqDrzWsm9fBObiUnZn/c9l0zq-1747144271957.jpg
2025-06-29 11:00:29 | INFO     | Row 27: ✓ Saved 5000868.jpg
2025-06-29 11:00:29 | INFO     | Row 28: Downloading 040478 from https://media.cargosnap.net/thumbnails/sm/tenant2073/uploads/20250513/2X4CD4GgEEWJYjkAdkZpUUhB6olhPoOz/u1qmc7-1747144249239.jpg
2025-06-29 11:00:29 | INFO     | Row 28: ✓ Saved 040478.jpg
2025-06-29 11:00:29 | INFO     | Row 29: Downloading 4292652 from https://media.cargosnap.net/thumbnails/sm/tenant1942/uploads/20250513/RwtjTs607l0Ic0o1BAGBmP01mR4znLvW/kjyblf-1747144294574.jpg
2025-06-29 11:00:29 | INFO     | Row 29: ✓ Saved 4292652.jpg
2025-06-29 11:00:29 | INFO     | Row 30: Downloading 4997188 from https://media.cargosnap.net/thumbnails/sm/tenant1912/uploads/20250513/LxIBqmxWqGg16RHwDq81O45Q9dwGOH98/pvkfal-1747144311040.jpg
2025-06-29 11:00:30 | INFO     | Row 30: ✓ Saved 4997188.jpg
2025-06-29 11:00:30 | INFO     | Row 31: Downloading 4996925 from https://media.cargosnap.net/thumbnails/sm/tenant1912/uploads/20250513/4GQBivX4NW3IaCWp92EuUxBNETf30Aky/i2kre-1747144351754.jpg
2025-06-29 11:00:30 | INFO     | Row 31: ✓ Saved 4996925.jpg
2025-06-29 11:00:30 | INFO     | Row 32: Downloading 0427644 from https://media.cargosnap.net/thumbnails/sm/tenant420/uploads/20250513/3udpeSh52LXmVC3vizqLr7BlCoXtEFz6/hnsyvl-1747144354164.jpg
2025-06-29 11:00:30 | INFO     | Row 32: ✓ Saved 0427644.jpg
2025-06-29 11:00:30 | INFO     | Row 33: Downloading L6957775 from https://media.cargosnap.net/thumbnails/sm/tenant1173/uploads/20250513/WWDv9sUCQgzIoYJ0lTsxvYJOlgbZp5ar/ncwgfs-1747144393701.jpg
2025-06-29 11:00:31 | INFO     | Row 33: ✓ Saved L6957775.jpg
2025-06-29 11:00:31 | INFO     | Row 34: Downloading FJ22411696 from https://media.cargosnap.net/thumbnails/sm/tenant535/uploads/20250513/ovOsHfbE3reRfgSeMenhyn6fbUoaXQeY/8em8x-1747144409436.jpg
2025-06-29 11:00:32 | INFO     | Row 34: ✓ Saved FJ22411696.jpg
2025-06-29 11:00:32 | INFO     | Row 35: Downloading 5001909 from https://media.cargosnap.net/thumbnails/sm/tenant1912/uploads/20250513/vZHCIzVNzIqirIax3rvx3MnX04akdVgT/dt4d8-1747144413514.jpg
2025-06-29 11:00:32 | INFO     | Row 35: ✓ Saved 5001909.jpg
2025-06-29 11:00:32 | INFO     | Row 36: Downloading 0131247 from https://media.cargosnap.net/thumbnails/sm/tenant420/uploads/20250513/u4asJc6tJPx25wpXBVf76QfhqxEwqTuv/p7irfe-1747144414919.jpg
2025-06-29 11:00:32 | INFO     | Row 36: ✓ Saved 0131247.jpg
2025-06-29 11:00:32 | INFO     | Row 37: Downloading CV384469 from https://media.cargosnap.net/thumbnails/sm/tenant1560/uploads/20250513/YQIctyhysSPpgOkmXwoioaHX3BLHjYKD/1sdoak-1747144434195.jpg
2025-06-29 11:00:33 | INFO     | Row 37: ✓ Saved CV384469.jpg
2025-06-29 11:00:33 | INFO     | Row 38: Downloading 0941362 from https://media.cargosnap.net/thumbnails/sm/tenant1912/uploads/20250513/rArTbkUTfEcfR9RldtlRHAgSJh31W6Kn/vysk7u-1747144458847.jpg
2025-06-29 11:00:33 | INFO     | Row 38: ✓ Saved 0941362.jpg
2025-06-29 11:00:33 | INFO     | Row 39: Downloading 022878 from https://media.cargosnap.net/thumbnails/sm/tenant1121/uploads/20250513/RiIzauQAABs9B4dZzPctHNZygeosgvAL/d0o0y-1747144520695.jpg
2025-06-29 11:00:33 | INFO     | Row 39: ✓ Saved 022878.jpg
2025-06-29 11:00:33 | INFO     | Row 40: Downloading HLKO855552 from https://media.cargosnap.net/thumbnails/sm/tenant1560/uploads/20250513/5z1Xyftt02es7eBwUiXhfJW1br5tBHY1/9zpxkd-1747144525028.jpg
2025-06-29 11:00:34 | INFO     | Row 40: ✓ Saved HLKO855552.jpg
2025-06-29 11:00:34 | INFO     | Row 41: Downloading 0104300 from https://media.cargosnap.net/thumbnails/sm/tenant420/uploads/20250513/TKSUVfMvmrW3QXCzkWJHTCnm11caNhBM/r6ltud-1747144555685.jpg
2025-06-29 11:00:34 | INFO     | Row 41: ✓ Saved 0104300.jpg
2025-06-29 11:00:34 | INFO     | Row 42: Downloading F44601NA410316938 from https://media.cargosnap.net/thumbnails/sm/tenant273/uploads/20250513/puMOCKK5ynAFnCNOmsY8etJQwvqAOcXF/hwqhk-1747144641601.jpg
2025-06-29 11:00:34 | INFO     | Row 42: ✓ Saved F44601NA410316938.jpg
2025-06-29 11:00:34 | INFO     | Row 43: Downloading FJ22304324 from https://media.cargosnap.net/thumbnails/sm/tenant535/uploads/20250513/8rzZ8nAYimmTYiwFwUGRd9BgDBxSUr81/x6chbo-1747144638887.jpg
2025-06-29 11:00:35 | INFO     | Row 43: ✓ Saved FJ22304324.jpg
2025-06-29 11:00:35 | INFO     | Row 44: Downloading 1013845 from https://media.cargosnap.net/thumbnails/sm/tenant420/uploads/20250513/9VszyWct9vRP9LpDclqt6dIPDO9MiDLA/awlxv-1747144696244.jpg
2025-06-29 11:00:35 | INFO     | Row 44: ✓ Saved 1013845.jpg
2025-06-29 11:00:35 | INFO     | Row 45: Downloading HLKO865109 from https://media.cargosnap.net/thumbnails/sm/tenant1560/uploads/20250513/Q8gLUhAsCUNrkUnnLryiaUaWnKYAGNIW/mh5z0n-1747144722090.jpg
2025-06-29 11:00:35 | INFO     | Row 45: ✓ Saved HLKO865109.jpg
2025-06-29 11:00:35 | INFO     | Row 46: Downloading MLCO0032347 from https://media.cargosnap.net/thumbnails/sm/tenant3376/uploads/20250513/8UtOkXR7PIFd5qp387sKAG8CbHLJllfU/6ibvpc-1747144733225.jpg
2025-06-29 11:00:36 | INFO     | Row 46: ✓ Saved MLCO0032347.jpg
2025-06-29 11:00:36 | INFO     | Row 47: Downloading FJ22304275 from https://media.cargosnap.net/thumbnails/sm/tenant535/uploads/20250513/EDbo5J2N6Pj6qzrN6WNp0hsj5sRRHilh/5m7n84-1747144776829.jpg
2025-06-29 11:00:36 | INFO     | Row 47: ✓ Saved FJ22304275.jpg
2025-06-29 11:00:36 | INFO     | Row 48: Downloading MO97 from https://media.cargosnap.net/thumbnails/sm/tenant911/uploads/20250513/Yy25rB32mZeK8xpiSERZ5YVoKaGCWyCL/4i8aal-1747144780332.jpg
2025-06-29 11:00:36 | INFO     | Row 48: ✓ Saved MO97.jpg
2025-06-29 11:00:36 | INFO     | Row 49: Downloading 4996899 from https://media.cargosnap.net/thumbnails/sm/tenant1912/uploads/20250513/YVQaaV87s2itOI63uruGaGOkZP6yNxmJ/i14lvh-1747144796188.jpg
2025-06-29 11:00:37 | INFO     | Row 49: ✓ Saved 4996899.jpg
2025-06-29 11:00:37 | INFO     | Row 50: Downloading FJ22411082 from https://media.cargosnap.net/thumbnails/sm/tenant535/uploads/20250513/pc8pLHdRagzQmpHVk5yp9G57eO1uHZ6Y/h7riwk-1747144830374.jpg
2025-06-29 11:00:37 | INFO     | Row 50: ✓ Saved FJ22411082.jpg
2025-06-29 11:00:37 | INFO     | Row 51: Downloading 0023923 from https://media.cargosnap.net/thumbnails/sm/tenant802/uploads/20250513/eX9XuhLTcA8ixIaexfVjpPVQWAgADReZ/ge934-1747144882343.jpg
2025-06-29 11:00:37 | INFO     | Row 51: ✓ Saved 0023923.jpg
2025-06-29 11:00:37 | INFO     | Row 52: Downloading MLCO0032386 from https://media.cargosnap.net/thumbnails/sm/tenant3376/uploads/20250513/FdBGpKSamR0pfUivApfSnZGc76Fja2kU/n94c5d-1747144989396.jpg
2025-06-29 11:00:38 | INFO     | Row 52: ✓ Saved MLCO0032386.jpg
2025-06-29 11:00:38 | INFO     | Progress: 50 downloaded, 0 failed
2025-06-29 11:00:38 | INFO     | Row 53: Downloading R7810161D from https://media.cargosnap.net/thumbnails/sm/tenant1624/uploads/20250513/mY4UnRiOHRXLt8or92v8z2HZ3XBrh8c8/k5eiju-1747144995307.jpg
2025-06-29 11:00:38 | INFO     | Row 53: ✓ Saved R7810161D.jpg
2025-06-29 11:00:38 | INFO     | Row 54: Downloading L662664 from https://media.cargosnap.net/thumbnails/sm/tenant1624/uploads/20250513/oMG6ngc2RGod0nQpPtKELf9DqE0snw3v/irhscd-1747145015320.jpg
2025-06-29 11:00:38 | INFO     | Row 54: ✓ Saved L662664.jpg
2025-06-29 11:00:38 | INFO     | Row 55: Downloading 0450611 from https://media.cargosnap.net/thumbnails/sm/tenant2945/uploads/20250513/xW76IjbnJtGghmenCfgGEOzgxjkB88gy/sx1wi-1747145039225.jpg
2025-06-29 11:00:39 | INFO     | Row 55: ✓ Saved 0450611.jpg
2025-06-29 11:00:39 | INFO     | Row 56: Downloading 0455RC from https://media.cargosnap.net/thumbnails/sm/tenant2344/uploads/20250513/KvXVCIInoGHNpQDqQwAIadjtiPuV6gy2/iuzbx5-1747145139974.jpg
2025-06-29 11:00:39 | INFO     | Row 56: ✓ Saved 0455RC.jpg
2025-06-29 11:00:39 | INFO     | Row 57: Downloading CV300915 from https://media.cargosnap.net/thumbnails/sm/tenant1560/uploads/20250513/079SJLY2GPUT1HpREZ2TO7ciGxSheJxi/f7stb4-1747145140366.jpg
2025-06-29 11:00:39 | INFO     | Row 57: ✓ Saved CV300915.jpg
2025-06-29 11:00:39 | INFO     | Row 59: Downloading 0127983 from https://media.cargosnap.net/thumbnails/sm/tenant420/uploads/20250513/9lTuaqopn7eWUEURnTZ0m8A8m3MeRRoN/jdjz4n-1747145178684.jpg
2025-06-29 11:00:40 | INFO     | Row 59: ✓ Saved 0127983.jpg
2025-06-29 11:00:40 | INFO     | Row 60: Downloading BRO62095 from https://media.cargosnap.net/thumbnails/sm/tenant2668/uploads/20250513/3C3HjrEoH7sRI8EBbwDrDc3aHmInkKDy/glilwm-1747145193732.jpg
2025-06-29 11:00:40 | INFO     | Row 60: ✓ Saved BRO62095.jpg
2025-06-29 11:00:40 | INFO     | Row 61: Downloading JPE372923 from https://media.cargosnap.net/thumbnails/sm/tenant1560/uploads/20250513/OOPj9Y57aUKfGPfdS6pDxdY7GOqjkky0/ly0rbe-1747145199809.jpg
2025-06-29 11:00:40 | INFO     | Row 61: ✓ Saved JPE372923.jpg
2025-06-29 11:00:40 | INFO     | Row 62: Downloading 0004796 from https://media.cargosnap.net/thumbnails/sm/tenant535/uploads/20250513/f7CjOtn1H8ImhnDq5Ex5NXYyNLoJZIqZ/45hzh-1747145099546.jpg
2025-06-29 11:00:41 | INFO     | Row 62: ✓ Saved 0004796.jpg
2025-06-29 11:00:41 | INFO     | Row 63: Downloading 15 from https://media.cargosnap.net/thumbnails/sm/tenant1782/uploads/20250513/BFM8t2q2LorK8qFVAZBhVmDUsYnwzS5c/1oq9jnn-1747145221274.jpg
2025-06-29 11:00:41 | INFO     | Row 63: ✓ Saved 15.jpg
2025-06-29 11:00:41 | INFO     | Row 64: Downloading 0127759 from https://media.cargosnap.net/thumbnails/sm/tenant420/uploads/20250513/ZLzz0fUHXYLnlorvfukWQXZgo37gB2w8/zg913k-1747145234385.jpg
2025-06-29 11:00:42 | INFO     | Row 64: ✓ Saved 0127759.jpg
2025-06-29 11:00:42 | INFO     | Row 65: Downloading 0131248 from https://media.cargosnap.net/thumbnails/sm/tenant420/uploads/20250513/p5PSYAxAumoFAerYJTJExHDQp4T8ruXG/rq6vc-1747145232610.jpg
2025-06-29 11:00:42 | INFO     | Row 65: ✓ Saved 0131248.jpg
2025-06-29 11:00:42 | INFO     | Row 66: Downloading 3394 from https://media.cargosnap.net/thumbnails/sm/tenant3555/uploads/20250513/8fU5yJF9oFgbnCq6CcZqtYySYfpXzCvw/ukseqi-1747145254517.jpg
2025-06-29 11:00:42 | INFO     | Row 66: ✓ Saved 3394.jpg
2025-06-29 11:00:43 | INFO     | Row 68: Downloading 0003649 from https://media.cargosnap.net/thumbnails/sm/tenant2180/uploads/20250513/HedrKskzhGML9ozJvZsQ7z4u2gOYHdL3/1jpqx-1747145305125.jpg
2025-06-29 11:00:43 | INFO     | Row 68: ✓ Saved 0003649.jpg
2025-06-29 11:00:43 | INFO     | Row 69: Downloading DO939244 from https://media.cargosnap.net/thumbnails/sm/tenant1560/uploads/20250513/4VSnVKyygqjJxHrvvY7sJakUgfSvMvSK/4d7lkw-1747145329995.jpg
2025-06-29 11:00:44 | INFO     | Row 69: ✓ Saved DO939244.jpg
2025-06-29 11:00:44 | INFO     | Row 70: Downloading CX0269337 from https://media.cargosnap.net/thumbnails/sm/tenant1560/uploads/20250513/cpCLxDva9dZXUruksbGhQHLHmqdrTenr/8dsa6f-1747145347031.jpg
2025-06-29 11:00:44 | INFO     | Row 70: ✓ Saved CX0269337.jpg
2025-06-29 11:00:44 | INFO     | Row 71: Downloading 28800 from https://media.cargosnap.net/thumbnails/sm/tenant1560/uploads/20250513/7HkvzqlQPuszfzj51EH6Go3gUcn8tCOs/dhgids-1747145368816.jpg
2025-06-29 11:00:45 | INFO     | Row 71: ✓ Saved 28800.jpg
2025-06-29 11:00:45 | INFO     | Row 72: Downloading FJ22411020 from https://media.cargosnap.net/thumbnails/sm/tenant535/uploads/20250513/gEgxmPi1AY5teE9e5HaFLSL6JtVV4VSg/g14rro-1747145372353.jpg
2025-06-29 11:00:45 | INFO     | Row 72: ✓ Saved FJ22411020.jpg
2025-06-29 11:00:45 | INFO     | Row 73: Downloading EGS7438 from https://media.cargosnap.net/thumbnails/sm/tenant1560/uploads/20250513/1gxwkhpZE8pvAI3GgjM2hheLk97rycc7/gv7oc-1747144854430.jpg
2025-06-29 11:00:45 | INFO     | Row 73: ✓ Saved EGS7438.jpg
2025-06-29 11:00:45 | INFO     | Row 74: Downloading EG57438 from https://media.cargosnap.net/thumbnails/sm/tenant1560/uploads/20250513/GwAjVQEHqOTtLz2O5iXUF8CsInQlhv63/yutif-1747144866217.jpg
2025-06-29 11:00:46 | INFO     | Row 74: ✓ Saved EG57438.jpg
2025-06-29 11:00:46 | INFO     | Row 75: Downloading CN2209245 from https://media.cargosnap.net/thumbnails/sm/tenant1560/uploads/20250513/kyQAPIntcJPOZ5pjfmbz6KfbQktQuKhr/rreqh-1747145092179.jpg
2025-06-29 11:00:46 | INFO     | Row 75: ✓ Saved CN2209245.jpg
2025-06-29 11:00:46 | INFO     | Row 76: Downloading CNO638706 from https://media.cargosnap.net/thumbnails/sm/tenant1560/uploads/20250513/bSCZiykwPPNgn2wwkxpHilJnFkw1gDWf/dsiszd-1747145452223.jpg
2025-06-29 11:00:46 | INFO     | Row 76: ✓ Saved CNO638706.jpg
2025-06-29 11:00:46 | INFO     | Row 77: Downloading FJ24253696 from https://media.cargosnap.net/thumbnails/sm/tenant1560/uploads/20250513/BfW5boiagafjHGcL72F0UUqelzf3sg1D/plr7ce-1747145456653.jpg
2025-06-29 11:00:47 | INFO     | Row 77: ✓ Saved FJ24253696.jpg
2025-06-29 11:00:47 | INFO     | Row 78: Downloading SCS1190743 from https://media.cargosnap.net/thumbnails/sm/tenant90/uploads/20250513/DRBqHitUCJZHEXTRLNnGzBD9Ac8CQVjG/omgjhl-1747145496985.jpg
2025-06-29 11:00:47 | INFO     | Row 78: ✓ Saved SCS1190743.jpg
2025-06-29 11:00:47 | INFO     | Row 79: Downloading 443010506 from https://media.cargosnap.net/thumbnails/sm/tenant1624/uploads/20250513/TNAwgGVEK6rzOYlDSOZI9SwcqDZkWAk8/03ca1-1747145506330.jpg
2025-06-29 11:00:47 | INFO     | Row 79: ✓ Saved 443010506.jpg
2025-06-29 11:00:47 | INFO     | Row 80: Downloading 28557989 from https://media.cargosnap.net/thumbnails/sm/tenant1751/uploads/20250513/oUcS2vTtCqilyaVH0fxOYtKaK7S4XBrc/5mxwwa-1747145506630.jpg
2025-06-29 11:00:48 | INFO     | Row 80: ✓ Saved 28557989.jpg
2025-06-29 11:00:48 | INFO     | Row 82: Downloading CNO649371 from https://media.cargosnap.net/thumbnails/sm/tenant1560/uploads/20250513/XwO9Hz2C763abFP0cMj29WaCFyHKpYeg/mc898w-1747145550274.jpg
2025-06-29 11:00:48 | INFO     | Row 82: ✓ Saved CNO649371.jpg
2025-06-29 11:00:48 | INFO     | Row 83: Downloading FJ23363986 from https://media.cargosnap.net/thumbnails/sm/tenant535/uploads/20250513/moICLIHaAkVVzpYRJpUbkpYTXzKdTbFJ/cgkp2-1747145569506.jpg
2025-06-29 11:00:48 | INFO     | Row 83: ✓ Saved FJ23363986.jpg
2025-06-29 11:00:48 | INFO     | Row 84: Downloading 0131249 from https://media.cargosnap.net/thumbnails/sm/tenant420/uploads/20250513/clsSIO6MuDAs71W7soRVIAOroZkIG7dh/se6ryv-1747145579891.jpg
2025-06-29 11:00:49 | INFO     | Row 84: ✓ Saved 0131249.jpg
2025-06-29 11:00:49 | INFO     | Row 85: Downloading FJ24244134 from https://media.cargosnap.net/thumbnails/sm/tenant1560/uploads/20250513/17LSoaBgJvfiDFmGHt7o34casDYToTdJ/mzc4xk-1747145590678.jpg
2025-06-29 11:00:49 | INFO     | Row 85: ✓ Saved FJ24244134.jpg
2025-06-29 11:00:49 | INFO     | Row 86: Downloading CN2207246 from https://media.cargosnap.net/thumbnails/sm/tenant1560/uploads/20250513/RHU8C07xHJlLuwtg3FZMGH5ZRYZZvNwp/pbd2ng-1747145603985.jpg
2025-06-29 11:00:49 | INFO     | Row 86: ✓ Saved CN2207246.jpg
2025-06-29 11:00:49 | INFO     | Row 87: Downloading 9294113 from https://media.cargosnap.net/thumbnails/sm/tenant1121/uploads/20250513/ONFjjuN9CUPftWN5UAnfWOi6rBlYOS3H/fgcdur-1747145679933.jpg
2025-06-29 11:00:50 | INFO     | Row 87: ✓ Saved 9294113.jpg
2025-06-29 11:00:50 | INFO     | Row 88: Downloading 9294114 from https://media.cargosnap.net/thumbnails/sm/tenant1121/uploads/20250513/rCyKpge5oZFsJhYOMU3Q93cfbfyLJEWL/agg8p-1747145685247.jpg
2025-06-29 11:00:50 | INFO     | Row 88: ✓ Saved 9294114.jpg
2025-06-29 11:00:50 | INFO     | Row 89: Downloading JPO323504 from https://media.cargosnap.net/thumbnails/sm/tenant1560/uploads/20250513/zf7WgjOinZvRSxNtLHWIUVt7AGbvhvnz/6glqyr-1747145688544.jpg
2025-06-29 11:00:50 | INFO     | Row 89: ✓ Saved JPO323504.jpg
2025-06-29 11:00:51 | INFO     | Row 90: Downloading FJ24239701 from https://media.cargosnap.net/thumbnails/sm/tenant1560/uploads/20250513/HrB1OgGEF9yPno8CSWvMpT4ZvmPiGlA8/asnhdg-1747145703368.jpg
2025-06-29 11:00:51 | INFO     | Row 90: ✓ Saved FJ24239701.jpg
2025-06-29 11:00:51 | INFO     | Row 91: Downloading HLKO047169 from https://media.cargosnap.net/thumbnails/sm/tenant1560/uploads/20250513/cqimOOffMt3WeFWYzmCYvdzOItYGdqXq/u86szr-1747145730361.jpg
2025-06-29 11:00:51 | INFO     | Row 91: ✓ Saved HLKO047169.jpg
2025-06-29 11:00:51 | INFO     | Row 92: Downloading HLK1016230 from https://media.cargosnap.net/thumbnails/sm/tenant1560/uploads/20250513/F3slK3LSlXn7HFMQWLbm28RTSocQe6P7/jksabm-1747145784565.jpg
2025-06-29 11:00:51 | INFO     | Row 92: ✓ Saved HLK1016230.jpg
2025-06-29 11:00:52 | INFO     | Row 93: Downloading CN9883398 from https://media.cargosnap.net/thumbnails/sm/tenant1560/uploads/20250513/OVAuROqFfDI0BRKTKAOaE49DHdujlTFx/5hrxin-1747145819321.jpg
2025-06-29 11:00:52 | INFO     | Row 93: ✓ Saved CN9883398.jpg
2025-06-29 11:00:52 | INFO     | Row 94: Downloading WHAC157196 from https://media.cargosnap.net/thumbnails/sm/tenant1560/uploads/20250513/PNPZRKZNZG8FRy1Lo7l8DdkLWHvFAdPO/t94lq-1747145819283.jpg
2025-06-29 11:00:52 | INFO     | Row 94: ✓ Saved WHAC157196.jpg
2025-06-29 11:00:52 | INFO     | Row 95: Downloading 2333BBN from https://media.cargosnap.net/thumbnails/sm/tenant1820/uploads/20250513/5lkVq1W1FdlFzzuBKwJvGgmUiSwLqmIO/0n4huj-1747145872857.jpg
2025-06-29 11:00:53 | INFO     | Row 95: ✓ Saved 2333BBN.jpg
2025-06-29 11:00:53 | INFO     | Row 96: Downloading 8226625 from https://media.cargosnap.net/thumbnails/sm/tenant1820/uploads/20250513/MpNfyOk2xlTTK9ElG6tSdew4phxBWIVF/qw9ikn-1747145907938.jpg
2025-06-29 11:00:53 | INFO     | Row 96: ✓ Saved 8226625.jpg
2025-06-29 11:00:53 | INFO     | Row 97: Downloading ONECNDA48980 from https://media.cargosnap.net/thumbnails/sm/tenant1560/uploads/20250513/OYLyemkqK58IV3cZnjujn11XeqRIVfnd/obgn4m-1747145913245.jpg
2025-06-29 11:00:54 | INFO     | Row 97: ✓ Saved ONECNDA48980.jpg
2025-06-29 11:00:54 | INFO     | Row 98: Downloading 8226629 from https://media.cargosnap.net/thumbnails/sm/tenant1820/uploads/20250513/P1pBKRg6tqLgO3qDtfpOJMqRuduqQPiw/w02zte-1747145928451.jpg
2025-06-29 11:00:54 | INFO     | Row 98: ✓ Saved 8226629.jpg
2025-06-29 11:00:54 | INFO     | Row 99: Downloading ANHAIWHA1727912 from https://media.cargosnap.net/thumbnails/sm/tenant1560/uploads/20250513/WK34gzNXOn9fYSvn0aCcvxR9lVhY1Qru/p94fn6-1747145928356.jpg
2025-06-29 11:00:55 | INFO     | Row 99: ✓ Saved ANHAIWHA1727912.jpg
2025-06-29 11:00:55 | INFO     | Row 100: Downloading ONECNCL36936 from https://media.cargosnap.net/thumbnails/sm/tenant1560/uploads/20250513/81HlMeaUpoUtJBsDAT5g5NzSciXtkJSv/p7drnh-1747145929682.jpg
2025-06-29 11:00:55 | INFO     | Row 100: ✓ Saved ONECNCL36936.jpg
2025-06-29 11:00:55 | INFO     | Row 101: Downloading OS00040579 from https://media.cargosnap.net/thumbnails/sm/tenant2073/uploads/20250513/YV4DiXzmSzNPUdjGkouUAWEL9ICfDukE/mw8jnp-1747145966431.jpg
2025-06-29 11:00:55 | INFO     | Row 101: ✓ Saved OS00040579.jpg
2025-06-29 11:00:55 | INFO     | Row 102: Downloading 24_000L_TER3M24KLI2-021832 from https://media.cargosnap.net/thumbnails/sm/tenant1820/uploads/20250513/6j7IsrK3QkOauPDQPP4xM5jL5PmVFyt7/xlurjt-1747145965380.jpeg
2025-06-29 11:00:56 | INFO     | Row 102: ✓ Saved 24_000L_TER3M24KLI2-021832.jpg
2025-06-29 11:00:56 | INFO     | Row 104: Downloading 053241 from https://media.cargosnap.net/thumbnails/sm/tenant1820/uploads/20250513/gavJCBkkakDuVzKbhsQFpZnIOWxSMfQr/2urk2ln-1747145976077.jpeg
2025-06-29 11:00:56 | INFO     | Row 104: ✓ Saved 053241.jpg
2025-06-29 11:00:56 | INFO     | Row 105: Downloading VESEALED8226620 from https://media.cargosnap.net/thumbnails/sm/tenant1820/uploads/20250513/AzAmR2h6YCxVNpQUr26R1FNCgOOiVafZ/1s6p2p-1747145980840.jpeg
2025-06-29 11:00:57 | INFO     | Row 105: ✓ Saved VESEALED8226620.jpg
2025-06-29 11:00:57 | INFO     | Row 106: Downloading M0724082314562 from https://media.cargosnap.net/thumbnails/sm/tenant1820/uploads/20250513/D9B163ItVL2u9zDIZF3E0XHRB9bsnA2S/7tost-1747145985530.jpg
2025-06-29 11:00:57 | INFO     | Row 106: ✓ Saved M0724082314562.jpg
2025-06-29 11:00:57 | INFO     | Progress: 100 downloaded, 0 failed
2025-06-29 11:00:57 | INFO     | Row 107: Downloading ENEMCLLA1884 from https://media.cargosnap.net/thumbnails/sm/tenant1560/uploads/20250513/m0PtucmOHqOVTM226YoY6c5vh56jTCwf/yy5vgc-1747145986986.jpg
2025-06-29 11:00:57 | INFO     | Row 107: ✓ Saved ENEMCLLA1884.jpg
2025-06-29 11:00:57 | INFO     | Row 108: Downloading ONECNDA57573 from https://media.cargosnap.net/thumbnails/sm/tenant1560/uploads/20250513/iI5fsG4LAcmcDEeZS8usBPAgm3zXpBAm/26vmie-1747145992212.jpg
2025-06-29 11:00:58 | INFO     | Row 108: ✓ Saved ONECNDA57573.jpg
2025-06-29 11:00:58 | INFO     | Row 109: Downloading VNO619635 from https://media.cargosnap.net/thumbnails/sm/tenant1560/uploads/20250513/FH5i9U4lmMj2zKvWSz8x6bfFdHMQMWcm/z30ar-1747145995696.jpg
2025-06-29 11:00:58 | INFO     | Row 109: ✓ Saved VNO619635.jpg
2025-06-29 11:00:58 | INFO     | Row 110: Downloading 24_000LITER3M24KL2-021836_TOLERANCE_23_500L_-24_500L_XBOTTOMLOADAIRVETWITHHOSEPRESSUREVALVE from https://media.cargosnap.net/thumbnails/sm/tenant1820/uploads/20250513/wKmCGwePaKSaPg0xWISwLDwpZqApRItG/t7rd8i-1747146000712.jpeg
2025-06-29 11:00:59 | INFO     | Row 110: ✓ Saved 24_000LITER3M24KL2-021836_TOLERANCE_23_500L_-24_500L_XBOTTOMLOADAIRVETWITHHOSEPRESSUREVALVE.jpg
2025-06-29 11:00:59 | INFO     | Row 111: Downloading 053247 from https://media.cargosnap.net/thumbnails/sm/tenant1820/uploads/20250513/Kf6A2fn08NXnkeKoxstyqdqCBNQwqAT9/svc1ah-1747146010589.jpeg
2025-06-29 11:00:59 | INFO     | Row 111: ✓ Saved 053247.jpg
2025-06-29 11:00:59 | INFO     | Row 112: Downloading 8226630 from https://media.cargosnap.net/thumbnails/sm/tenant1820/uploads/20250513/PmVne9vLubOfNSrcyJf61Fn9GwvB4JKL/o6r278-1747146021452.jpg
2025-06-29 11:00:59 | INFO     | Row 112: ✓ Saved 8226630.jpg
2025-06-29 11:00:59 | INFO     | Row 113: Downloading VESEALED8226618 from https://media.cargosnap.net/thumbnails/sm/tenant1820/uploads/20250513/76tYauqfiichiv3wPittMGbxp2Uz7mRF/lwcgj-1747146015787.jpeg
2025-06-29 11:01:00 | INFO     | Row 113: ✓ Saved VESEALED8226618.jpg
2025-06-29 11:01:00 | INFO     | Row 114: Downloading 0022014 from https://media.cargosnap.net/thumbnails/sm/tenant802/uploads/20250513/lkCZbEHfbuQruGi2r2Ku6EQAyodUFx3I/2hv7-1747146027612.jpg
2025-06-29 11:01:00 | INFO     | Row 114: ✓ Saved 0022014.jpg
2025-06-29 11:01:00 | INFO     | Row 115: Downloading 8226624 from https://media.cargosnap.net/thumbnails/sm/tenant1820/uploads/20250513/T8iORdYmVRBYs4ke8W5E6hbFhe6tzMXX/wmr3wm-1747146027983.jpg
2025-06-29 11:01:00 | INFO     | Row 115: ✓ Saved 8226624.jpg
2025-06-29 11:01:00 | INFO     | Row 116: Downloading 24_000LITER3M24KLI2-021831 from https://media.cargosnap.net/thumbnails/sm/tenant1820/uploads/20250513/MYhLDcd9fQtHyfeFGGsY4SOqhsdFuQdP/ehgm0p-1747146049749.jpeg
2025-06-29 11:01:01 | INFO     | Row 116: ✓ Saved 24_000LITER3M24KLI2-021831.jpg
2025-06-29 11:01:01 | INFO     | Row 117: Downloading 053203 from https://media.cargosnap.net/thumbnails/sm/tenant1820/uploads/20250513/oupcMAxabl4HMMHcP4HpnDoNQTG6vT2H/3wdti-1747146061887.jpeg
2025-06-29 11:01:01 | INFO     | Row 117: ✓ Saved 053203.jpg
2025-06-29 11:01:01 | INFO     | Row 118: Downloading LAAA59801 from https://media.cargosnap.net/thumbnails/sm/tenant1560/uploads/20250513/n42jjW5LkMvkVKofreRHns2PCemBkRXB/wx55h-1747146063358.jpg
2025-06-29 11:01:01 | INFO     | Row 118: ✓ Saved LAAA59801.jpg
2025-06-29 11:01:02 | INFO     | Row 119: Downloading VESEALED8226619 from https://media.cargosnap.net/thumbnails/sm/tenant1820/uploads/20250513/aw3d8UA9TfkWhqRU1mPwQSBgpxQAA87M/cswfi-1747146067368.jpeg
2025-06-29 11:01:02 | INFO     | Row 119: ✓ Saved VESEALED8226619.jpg
2025-06-29 11:01:02 | INFO     | Row 120: Downloading ONECNCL36937 from https://media.cargosnap.net/thumbnails/sm/tenant1560/uploads/20250513/VlIlR1AtR1Y3HSp7vyiKFMEE8F60ndJd/unm1b-1747146085954.jpg
2025-06-29 11:01:02 | INFO     | Row 120: ✓ Saved ONECNCL36937.jpg
2025-06-29 11:01:02 | INFO     | Row 121: Downloading 24_000LITER3M24KLI2-021834_TOLERANCE_23_500L-24_XBOTTOMLOADAIRVENTWITHHOSEPRESSUREVALVE from https://media.cargosnap.net/thumbnails/sm/tenant1820/uploads/20250513/w2uEa3PEnvpKybUwu622itv3bCrvGq9N/qc7pgw-1747146095308.jpeg
2025-06-29 11:01:02 | INFO     | Row 121: ✓ Saved 24_000LITER3M24KLI2-021834_TOLERANCE_23_500L-24_XBOTTOMLOADAIRVENTWITHHOSEPRESSUREVALVE.jpg
2025-06-29 11:01:03 | INFO     | Row 122: Downloading KRAU28199 from https://media.cargosnap.net/thumbnails/sm/tenant1560/uploads/20250513/LVtGaXVya8UM4nTGlbniSj5tGgGEs2Ep/zd9uqg-1747146099892.jpg
2025-06-29 11:01:03 | INFO     | Row 122: ✓ Saved KRAU28199.jpg
2025-06-29 11:01:03 | INFO     | Row 123: Downloading O53221 from https://media.cargosnap.net/thumbnails/sm/tenant1820/uploads/20250513/GUkteXgDIaL8gpx1B2Gis14kpI3R1rZh/or1uha-1747146105515.jpeg
2025-06-29 11:01:03 | INFO     | Row 123: ✓ Saved O53221.jpg
2025-06-29 11:01:03 | INFO     | Row 124: Downloading 0137043 from https://media.cargosnap.net/thumbnails/sm/tenant420/uploads/20250514/fx1y8hj6J6g2N95s4D6vqzoWjvhfwwo2/j8bsf-1747220803329.jpg
2025-06-29 11:01:03 | INFO     | Row 124: ✓ Saved 0137043.jpg
2025-06-29 11:01:04 | INFO     | Row 125: Downloading HN02532 from https://media.cargosnap.net/thumbnails/sm/tenant913/uploads/20250514/kydMXVAtFUWh6XqTvo6erxt9mqnBrbc4/cq7odr-1747220825922.jpg
2025-06-29 11:01:04 | INFO     | Row 125: ✓ Saved HN02532.jpg
2025-06-29 11:01:04 | INFO     | Row 126: Downloading 0133584 from https://media.cargosnap.net/thumbnails/sm/tenant420/uploads/20250514/l6MrL7ntaLhMUuWIiE8dV3JWxGu4dQSv/13mm6-1747220879716.jpg
2025-06-29 11:01:04 | INFO     | Row 126: ✓ Saved 0133584.jpg
2025-06-29 11:01:04 | INFO     | Row 127: Downloading 0789749 from https://media.cargosnap.net/thumbnails/sm/tenant1820/uploads/20250514/Sina4SEJi0jDnV2Kg4fOozclJWf5LTKe/jjrp9r-1747214401499.jpg
2025-06-29 11:01:05 | INFO     | Row 127: ✓ Saved 0789749.jpg
2025-06-29 11:01:05 | INFO     | Row 128: Downloading 8226716 from https://media.cargosnap.net/thumbnails/sm/tenant1820/uploads/20250514/GAq1SvCx1BAowHjj6r8CDlgrMpN8ygTS/axu7fb-1747214406390.jpg
2025-06-29 11:01:05 | INFO     | Row 128: ✓ Saved 8226716.jpg
2025-06-29 11:01:05 | INFO     | Row 129: Downloading 103723801 from https://media.cargosnap.net/thumbnails/sm/tenant1624/uploads/20250514/zqQqY1XxAyRiSnM7V2nu5owD1WUxNH2A/u21er-1747219054940.jpg
2025-06-29 11:01:05 | INFO     | Row 129: ✓ Saved 103723801.jpg
2025-06-29 11:01:05 | INFO     | Row 130: Downloading 100300 from https://media.cargosnap.net/thumbnails/sm/tenant2515/uploads/20250514/QXhV1EP31RAiygE330AfJJyccHUswCCn/saq2fc-1747221071126.jpg
2025-06-29 11:01:06 | INFO     | Row 130: ✓ Saved 100300.jpg
2025-06-29 11:01:06 | INFO     | Row 131: Downloading RA35599 from https://media.cargosnap.net/thumbnails/sm/tenant553/uploads/20250514/Vo49iCHAnkvLdE6zFpNMqYyznUdZ6SHW/rs6xl-1747221047764.jpg
2025-06-29 11:01:06 | INFO     | Row 131: ✓ Saved RA35599.jpg
2025-06-29 11:01:06 | INFO     | Row 132: Downloading 15395779 from https://media.cargosnap.net/thumbnails/sm/tenant2823/uploads/20250514/La9Eaf4jaipmqBSQvZFqrJo7Oiqoj40X/b1vkqw-1747221088177.jpg
2025-06-29 11:01:06 | INFO     | Row 132: ✓ Saved 15395779.jpg
2025-06-29 11:01:07 | INFO     | Row 133: Downloading 0116085 from https://media.cargosnap.net/thumbnails/sm/tenant420/uploads/20250514/c3r3YvRNhN1WPY7C9oEncIACSEW9CVGC/lxixo-1747221107460.jpg
2025-06-29 11:01:07 | INFO     | Row 133: ✓ Saved 0116085.jpg
2025-06-29 11:01:07 | INFO     | Row 134: Downloading 15395498 from https://media.cargosnap.net/thumbnails/sm/tenant2823/uploads/20250514/N0srDQXyLrepS4sJ3Em4vKcYpmYQKxVx/yw2zz-1747221206166.jpg
2025-06-29 11:01:07 | INFO     | Row 134: ✓ Saved 15395498.jpg
2025-06-29 11:01:07 | INFO     | Row 135: Downloading YMAS390339 from https://media.cargosnap.net/thumbnails/sm/tenant766/uploads/20250514/EGAFV6bQqKzAiJ3IfJbPZlTruF5c7F9p/m2jjcl-1747221206400.jpg
2025-06-29 11:01:07 | INFO     | Row 135: ✓ Saved YMAS390339.jpg
2025-06-29 11:01:08 | INFO     | Row 136: Downloading 2002028673 from https://media.cargosnap.net/thumbnails/sm/tenant90/uploads/20250514/8IGq3Z08oYOB6bd0bqMLIgL1PKUtVEzu/qt3q5i-1747221245580.jpg
2025-06-29 11:01:08 | INFO     | Row 136: ✓ Saved 2002028673.jpg
2025-06-29 11:01:08 | INFO     | Row 137: Downloading SCS1189877 from https://media.cargosnap.net/thumbnails/sm/tenant90/uploads/20250514/gyCiTP1WyI8LqJldjtMUfvC177TpFt6K/f5788c-1747221248316.jpg
2025-06-29 11:01:08 | INFO     | Row 137: ✓ Saved SCS1189877.jpg
2025-06-29 11:01:08 | INFO     | Row 138: Downloading 18669638 from https://media.cargosnap.net/thumbnails/sm/tenant913/uploads/20250514/cKK06WfprL418HtE8WqLRTuUMtsPb03V/ftorbu-1747221268112.jpg
2025-06-29 11:01:08 | INFO     | Row 138: ✓ Saved 18669638.jpg
2025-06-29 11:01:09 | INFO     | Row 139: Downloading 0133583 from https://media.cargosnap.net/thumbnails/sm/tenant420/uploads/20250514/3xhdsO11ebyldT0sACpqi9JDzzBhpx1H/qt9z38-1747221281276.jpg
2025-06-29 11:01:09 | INFO     | Row 139: ✓ Saved 0133583.jpg
2025-06-29 11:01:09 | INFO     | Row 140: Downloading CL1678842 from https://media.cargosnap.net/thumbnails/sm/tenant1451/uploads/20250514/kKf3ezgsbYILNztANCu3xVeoxGzofsvS/s30wow-1747221305888.jpg
2025-06-29 11:01:09 | INFO     | Row 140: ✓ Saved CL1678842.jpg
2025-06-29 11:01:09 | INFO     | Row 141: Downloading 4292656 from https://media.cargosnap.net/thumbnails/sm/tenant1942/uploads/20250514/pJUBXzK51Uz9f7aBOTYntAotANAoK63H/kd2j57-1747221325041.jpg
2025-06-29 11:01:09 | INFO     | Row 141: ✓ Saved 4292656.jpg
2025-06-29 11:01:10 | INFO     | Row 142: Downloading 15393634 from https://media.cargosnap.net/thumbnails/sm/tenant2823/uploads/20250514/OslWi9hsUkbDBPlfqxXGm0jEGS50MX0i/xhrgmu-1747221326747.jpg
2025-06-29 11:01:10 | INFO     | Row 142: ✓ Saved 15393634.jpg
2025-06-29 11:01:10 | INFO     | Row 143: Downloading 0137042 from https://media.cargosnap.net/thumbnails/sm/tenant420/uploads/20250514/8I686InO7nI1ePgLRCeHuQ9wpKFqY1bo/cclnx-1747221357579.jpg
2025-06-29 11:01:10 | INFO     | Row 143: ✓ Saved 0137042.jpg
2025-06-29 11:01:10 | INFO     | Row 144: Downloading 157347 from https://media.cargosnap.net/thumbnails/sm/tenant886/uploads/20250514/4Davigl9oWXr15Jeg36vnt5juPGjMHxC/fkk0w9-1747221359013.jpg
2025-06-29 11:01:11 | INFO     | Row 144: ✓ Saved 157347.jpg
2025-06-29 11:01:11 | INFO     | Row 146: Downloading D045245 from https://media.cargosnap.net/thumbnails/sm/tenant535/uploads/20250514/MiR9hLbNuzzLtgbl2bOfhDtN7etQGAYX/1krnto-1747221585286.jpg
2025-06-29 11:01:11 | INFO     | Row 146: ✓ Saved D045245.jpg
2025-06-29 11:01:11 | INFO     | Row 147: Downloading 6007834 from https://media.cargosnap.net/thumbnails/sm/tenant420/uploads/20250514/WFtLIi8xqMI3FwYmkudLb8tKzKQWsvfF/1yuiz-1747221605973.jpg
2025-06-29 11:01:11 | INFO     | Row 147: ✓ Saved 6007834.jpg
2025-06-29 11:01:11 | INFO     | Row 148: Downloading 024308 from https://media.cargosnap.net/thumbnails/sm/tenant420/uploads/20250514/3OLTt3m8dukrXWXcSmeOeS7OnON0lt64/9yifxakq-1747221577372.jpg
2025-06-29 11:01:12 | INFO     | Row 148: ✓ Saved 024308.jpg
2025-06-29 11:01:12 | INFO     | Row 149: Downloading SEALED8226617 from https://media.cargosnap.net/thumbnails/sm/tenant1820/uploads/20250513/y4jV3H71jRsPwgLHsS53YcxsgqTQdgEX/emzxdv-1747146111039.jpeg
2025-06-29 11:01:12 | INFO     | Row 149: ✓ Saved SEALED8226617.jpg
2025-06-29 11:01:12 | INFO     | Row 150: Downloading NHAIWHLU301334 from https://media.cargosnap.net/thumbnails/sm/tenant1560/uploads/20250513/sx32zJKMtTOsjTf0FMjzAc5CswtKbWEs/upp6r-1747146157670.jpg
2025-06-29 11:01:12 | INFO     | Row 150: ✓ Saved NHAIWHLU301334.jpg
2025-06-29 11:01:12 | INFO     | Row 151: Downloading 0450617 from https://media.cargosnap.net/thumbnails/sm/tenant2945/uploads/20250513/KZ9IY21s3lQBq18QbGhmvColOyenwfPL/2st9df-1747146160639.jpg
2025-06-29 11:01:13 | INFO     | Row 151: ✓ Saved 0450617.jpg
2025-06-29 11:01:13 | INFO     | Row 152: Downloading KRAUO1392 from https://media.cargosnap.net/thumbnails/sm/tenant1560/uploads/20250513/nBOkPvdWefud8UZol7LsglaDygWp7oxv/wxa8rn-1747146182913.jpg
2025-06-29 11:01:13 | INFO     | Row 152: ✓ Saved KRAUO1392.jpg
2025-06-29 11:01:13 | INFO     | Row 153: Downloading FJ22411604 from https://media.cargosnap.net/thumbnails/sm/tenant535/uploads/20250513/NtpoRqUDcDshZQQtqUTsUk4MLAi9FIgW/e9qb5-1747146193093.jpg
2025-06-29 11:01:13 | INFO     | Row 153: ✓ Saved FJ22411604.jpg
2025-06-29 11:01:14 | INFO     | Row 154: Downloading CN56830 from https://media.cargosnap.net/thumbnails/sm/tenant1560/uploads/20250513/nbgfppwUSujiZ5Km3pu5H39LfBctZhVu/xw4kaa-1747146206620.jpg
2025-06-29 11:01:14 | INFO     | Row 154: ✓ Saved CN56830.jpg
2025-06-29 11:01:14 | INFO     | Row 155: Downloading 30100 from https://media.cargosnap.net/thumbnails/sm/tenant3469/uploads/20250513/mvURvhMoA1vk1ZRPIE1OgbwxgT3y2UAL/excxxu-1747144571002.jpg
2025-06-29 11:01:14 | INFO     | Row 155: ✓ Saved 30100.jpg
2025-06-29 11:01:14 | INFO     | Row 156: Downloading ENEMCLUL0254 from https://media.cargosnap.net/thumbnails/sm/tenant1560/uploads/20250513/rlVOhZOXiKTtDWdojrZiZTy4oJ7RMadb/ujw0ek-1747146212726.jpg
2025-06-29 11:01:15 | INFO     | Row 156: ✓ Saved ENEMCLUL0254.jpg
2025-06-29 11:01:15 | INFO     | Row 157: Downloading FJ22411607 from https://media.cargosnap.net/thumbnails/sm/tenant535/uploads/20250513/yOPTBpaKFl1Ux4cE24FroMJj0lpY5QlO/f2tih-1747146243877.jpg
2025-06-29 11:01:15 | INFO     | Row 157: ✓ Saved FJ22411607.jpg
2025-06-29 11:01:15 | INFO     | Progress: 150 downloaded, 0 failed
2025-06-29 11:01:15 | INFO     | Row 158: Downloading HLKOOS0467 from https://media.cargosnap.net/thumbnails/sm/tenant1560/uploads/20250513/zXUAbndhamFaAb8ky2wU6RwbjjaJj9Ep/8b7s7c-1747146303621.jpg
2025-06-29 11:01:16 | INFO     | Row 158: ✓ Saved HLKOOS0467.jpg
2025-06-29 11:01:16 | INFO     | Row 160: Downloading GORIFICO0002208 from https://media.cargosnap.net/thumbnails/sm/tenant1415/uploads/20250513/nTsofxoe5J7jlwzVOId9BAqhf28qb9xt/sebvjo-1747146318244.jpg
2025-06-29 11:01:16 | INFO     | Row 160: ✓ Saved GORIFICO0002208.jpg
2025-06-29 11:01:16 | INFO     | Row 161: Downloading GORIFICO0002209 from https://media.cargosnap.net/thumbnails/sm/tenant1415/uploads/20250513/KvQ6XQ32FM5K6MrFEyTuuf8TweI2CZJm/1190ym-1747146345170.jpg
2025-06-29 11:01:16 | INFO     | Row 161: ✓ Saved GORIFICO0002209.jpg
2025-06-29 11:01:16 | INFO     | Row 162: Downloading 0127960 from https://media.cargosnap.net/thumbnails/sm/tenant420/uploads/20250513/W2LvgkgMiWaRQGdMer8DCt09K4XHapf7/0o4aud-1747146351595.jpg
2025-06-29 11:01:17 | INFO     | Row 162: ✓ Saved 0127960.jpg
2025-06-29 11:01:17 | INFO     | Row 163: Downloading ENEMCRLX2753 from https://media.cargosnap.net/thumbnails/sm/tenant1560/uploads/20250513/s6Fc9V4snmwSZWY0X1SLaikSy2gheykI/c1xct-1747146356143.jpg
2025-06-29 11:01:17 | INFO     | Row 163: ✓ Saved ENEMCRLX2753.jpg
2025-06-29 11:01:17 | INFO     | Row 164: Downloading CN1418649 from https://media.cargosnap.net/thumbnails/sm/tenant1560/uploads/20250513/V3K3orlUTziGB7tSpWx7JC95H7yHLDmM/l9zywe-1747146363970.jpg
2025-06-29 11:01:17 | INFO     | Row 164: ✓ Saved CN1418649.jpg
2025-06-29 11:01:17 | INFO     | Row 165: Downloading O06570 from https://media.cargosnap.net/thumbnails/sm/tenant3419/uploads/20250513/McjvRTHwhnNRu9OYNsxOdPRCTCXuYWWg/knwad8-1747146368485.jpg
2025-06-29 11:01:18 | INFO     | Row 165: ✓ Saved O06570.jpg
2025-06-29 11:01:18 | INFO     | Row 167: Downloading GORIFICO0002210 from https://media.cargosnap.net/thumbnails/sm/tenant1415/uploads/20250513/upuNo31xYtCvR1SO75dYjVlYlkD1JN0K/5s5dk-1747146396475.jpg
2025-06-29 11:01:18 | INFO     | Row 167: ✓ Saved GORIFICO0002210.jpg
2025-06-29 11:01:18 | INFO     | Row 168: Downloading ONEKRAUO1337 from https://media.cargosnap.net/thumbnails/sm/tenant1560/uploads/20250513/pEs7E2YeW6M8v0tpuj2J2HDQldib72NP/iuor05-1747146402578.jpg
2025-06-29 11:01:18 | INFO     | Row 168: ✓ Saved ONEKRAUO1337.jpg
2025-06-29 11:01:18 | INFO     | Row 169: Downloading L7622147 from https://media.cargosnap.net/thumbnails/sm/tenant1173/uploads/20250513/zUmFqqlwT9tGG3oVZIVMvF9zYojy2PTc/82xeg5-1747146418808.jpg
2025-06-29 11:01:19 | INFO     | Row 169: ✓ Saved L7622147.jpg
2025-06-29 11:01:19 | INFO     | Row 170: Downloading EMCQYX7554 from https://media.cargosnap.net/thumbnails/sm/tenant1560/uploads/20250513/bWicuU5TYbgqfoDLO9AmqNtEGRAfY7fE/1hhepu-1747146428805.jpg
2025-06-29 11:01:19 | INFO     | Row 170: ✓ Saved EMCQYX7554.jpg
2025-06-29 11:01:19 | INFO     | Row 171: Downloading CN19330AT from https://media.cargosnap.net/thumbnails/sm/tenant1560/uploads/20250513/qckjg2WO0pFqIeNDa8S4Dm5bik9X4Nae/um6r-1747146439500.jpg
2025-06-29 11:01:19 | INFO     | Row 171: ✓ Saved CN19330AT.jpg
2025-06-29 11:01:20 | INFO     | Row 172: Downloading VNO716180 from https://media.cargosnap.net/thumbnails/sm/tenant1560/uploads/20250513/FQRKXXaGKjJCz5gKgYomqvLNA58Itpw3/c5hvm-1747146474779.jpg
2025-06-29 11:01:20 | INFO     | Row 172: ✓ Saved VNO716180.jpg
2025-06-29 11:01:20 | INFO     | Row 173: Downloading ENEMCRLY1783 from https://media.cargosnap.net/thumbnails/sm/tenant1560/uploads/20250513/TKMrAekVMOkSCJQsI1w9kgPUhLM18s1e/uegmd-1747146504520.jpg
2025-06-29 11:01:20 | INFO     | Row 173: ✓ Saved ENEMCRLY1783.jpg
2025-06-29 11:01:20 | INFO     | Row 174: Downloading SEALED01984379 from https://media.cargosnap.net/thumbnails/sm/tenant1451/uploads/20250514/jTWkWi82GdVoDH7YNae5bWfBx5ykSlR2/dkveq-1747221642388.jpg
2025-06-29 11:01:21 | INFO     | Row 174: ✓ Saved SEALED01984379.jpg
2025-06-29 11:01:21 | INFO     | Row 175: Downloading 1010048 from https://media.cargosnap.net/thumbnails/sm/tenant420/uploads/20250514/AkHshLx1VpZwiY8XcKNINodSlFmL2L9X/w9nn7-1747221714274.jpg
2025-06-29 11:01:21 | INFO     | Row 175: ✓ Saved 1010048.jpg
2025-06-29 11:01:21 | INFO     | Row 176: Downloading SEALEDO2343576 from https://media.cargosnap.net/thumbnails/sm/tenant1451/uploads/20250514/4xf2J1cLn88qKYj3rEKO4BLvLy396FM4/4el3a2-1747221755779.jpg
2025-06-29 11:01:22 | INFO     | Row 176: ✓ Saved SEALEDO2343576.jpg
2025-06-29 11:01:22 | INFO     | Row 177: Downloading 022926 from https://media.cargosnap.net/thumbnails/sm/tenant1121/uploads/20250514/9ooVmMmDWvG2VjPSZvD85ZyEKL5wCmHf/bj3my-1747221761594.jpg
2025-06-29 11:01:22 | INFO     | Row 177: ✓ Saved 022926.jpg
2025-06-29 11:01:22 | INFO     | Row 178: Downloading 0059414 from https://media.cargosnap.net/thumbnails/sm/tenant678/uploads/20250514/yCBaMGMsuc0ar6KKUuDN5eDjP9odxrLC/p6za1-1747221770896.jpg
2025-06-29 11:01:22 | INFO     | Row 178: ✓ Saved 0059414.jpg
2025-06-29 11:01:22 | INFO     | Row 179: Downloading G7600675 from https://media.cargosnap.net/thumbnails/sm/tenant2/uploads/20250514/ZZ1lznfWPQH8i0SgwAMPVhx0bHnbXp5k/7qjvrf-1747221781744.jpg
2025-06-29 11:01:23 | INFO     | Row 179: ✓ Saved G7600675.jpg
2025-06-29 11:01:23 | INFO     | Row 180: Downloading 0127956 from https://media.cargosnap.net/thumbnails/sm/tenant420/uploads/20250514/sa2qZiw5DXOddTKnjewly0QH5b6yvWf0/m72h95-1747221854688.jpg
2025-06-29 11:01:23 | INFO     | Row 180: ✓ Saved 0127956.jpg
2025-06-29 11:01:23 | INFO     | Row 181: Downloading CNO805075 from https://media.cargosnap.net/thumbnails/sm/tenant646/uploads/20250514/tFtcJfieHvyxK5ej0jy4R5o8V91ouRLV/kd0uqh-1747221877976.jpg
2025-06-29 11:01:24 | INFO     | Row 181: ✓ Saved CNO805075.jpg
2025-06-29 11:01:24 | INFO     | Row 182: Downloading 1016319 from https://media.cargosnap.net/thumbnails/sm/tenant420/uploads/20250514/D2mxDHz73P9ClCla053abViMemlaASRL/oaregc-1747221894028.jpg
2025-06-29 11:01:24 | INFO     | Row 182: ✓ Saved 1016319.jpg
2025-06-29 11:01:24 | INFO     | Row 183: Downloading BB4 from https://media.cargosnap.net/thumbnails/sm/tenant1624/uploads/20250514/8GnBBXpGYX0uTKQYsUGsYJnJaJZRVjRN/rgjyv-1747221971745.jpg
2025-06-29 11:01:24 | INFO     | Row 183: ✓ Saved BB4.jpg
2025-06-29 11:01:24 | INFO     | Row 184: Downloading AK914725549 from https://media.cargosnap.net/thumbnails/sm/tenant273/uploads/20250514/Jezin0x1G1LQrxXb3Z8mjbG57thaIJhb/msou9g-1747222069966.jpg
2025-06-29 11:01:25 | INFO     | Row 184: ✓ Saved AK914725549.jpg
2025-06-29 11:01:25 | INFO     | Row 185: Downloading FX30573911 from https://media.cargosnap.net/thumbnails/sm/tenant2/uploads/20250514/lAqq0hIAwgycIRXdcSMTGUzr0VQ7WxVJ/s54np4-1747222084336.jpg
2025-06-29 11:01:25 | INFO     | Row 185: ✓ Saved FX30573911.jpg
2025-06-29 11:01:25 | INFO     | Row 187: Downloading 0427647 from https://media.cargosnap.net/thumbnails/sm/tenant420/uploads/20250514/uUaFpCBy25jbidQ6RFJXrvN3pBJIqktH/5i1wt-1747222101663.jpg
2025-06-29 11:01:25 | INFO     | Row 187: ✓ Saved 0427647.jpg
2025-06-29 11:01:25 | INFO     | Row 188: Downloading 0448587 from https://media.cargosnap.net/thumbnails/sm/tenant420/uploads/20250514/Ed4Umh1FF0SfAJulkWb52KUFN9yifjSP/ufckop-1747222136401.jpg
2025-06-29 11:01:26 | INFO     | Row 188: ✓ Saved 0448587.jpg
2025-06-29 11:01:26 | INFO     | Row 190: Downloading 1712633 from https://media.cargosnap.net/thumbnails/sm/tenant1799/uploads/20250514/NY16BcboWwnitKds7ACHjj6gZnKy52wN/1eyqd9-1747222324290.jpg
2025-06-29 11:01:26 | INFO     | Row 190: ✓ Saved 1712633.jpg
2025-06-29 11:01:26 | INFO     | Row 191: Downloading O2343593 from https://media.cargosnap.net/thumbnails/sm/tenant1451/uploads/20250514/iXEGyOXrhCupwaQ8Rb4iAlgShmfrcKt8/cq6mu7-1747222332103.jpg
2025-06-29 11:01:27 | INFO     | Row 191: ✓ Saved O2343593.jpg
2025-06-29 11:01:27 | INFO     | Row 192: Downloading 0127954 from https://media.cargosnap.net/thumbnails/sm/tenant420/uploads/20250514/4FBNRyz2v4H32BLPCxL62CKYBUHCEUwq/r6e3cl-1747222385150.jpg
2025-06-29 11:01:27 | INFO     | Row 192: ✓ Saved 0127954.jpg
2025-06-29 11:01:27 | INFO     | Row 194: Downloading FX31768756 from https://media.cargosnap.net/thumbnails/sm/tenant3651/uploads/20250514/VfgyXaCdfFBNyljbKQuYakNJwsF3L4JC/4wawe-1747145005475.jpg
2025-06-29 11:01:27 | INFO     | Row 194: ✓ Saved FX31768756.jpg
2025-06-29 11:01:27 | INFO     | Row 195: Downloading FX31768757 from https://media.cargosnap.net/thumbnails/sm/tenant3651/uploads/20250514/SPYYQlR7sSSjzBhNfn6Es11D0cm1O4gp/qqowd-1747153270257.jpg
2025-06-29 11:01:28 | INFO     | Row 195: ✓ Saved FX31768757.jpg
2025-06-29 11:01:28 | INFO     | Row 196: Downloading EMCNYX2054 from https://media.cargosnap.net/thumbnails/sm/tenant1624/uploads/20250514/mXxW9lhsUiT5Q71RrtikYcnTXEynpZcU/nb2ox2-1747222432054.jpg
2025-06-29 11:01:28 | INFO     | Row 196: ✓ Saved EMCNYX2054.jpg
2025-06-29 11:01:28 | INFO     | Row 197: Downloading SCFX31768752 from https://media.cargosnap.net/thumbnails/sm/tenant3651/uploads/20250514/xidKtVVwue2wOmmwOxqlb7vu7bbIcY3J/hl3a3a-1747159501881.jpg
2025-06-29 11:01:29 | INFO     | Row 197: ✓ Saved SCFX31768752.jpg
2025-06-29 11:01:29 | INFO     | Row 198: Downloading FJ22411740 from https://media.cargosnap.net/thumbnails/sm/tenant535/uploads/20250514/OMBBUm7gsmfUkYwJSGUTr2kHtwpncdCc/2tfidb-1747222470268.jpg
2025-06-29 11:01:29 | INFO     | Row 198: ✓ Saved FJ22411740.jpg
2025-06-29 11:01:29 | INFO     | Row 199: Downloading EMCLCJ3464 from https://media.cargosnap.net/thumbnails/sm/tenant1560/uploads/20250513/7kjBM40NkwMxofHAtvtDKFMn5v9WpYDp/vctz1-1747146507859.jpg
2025-06-29 11:01:29 | INFO     | Row 199: ✓ Saved EMCLCJ3464.jpg
2025-06-29 11:01:29 | INFO     | Row 200: Downloading CN56795 from https://media.cargosnap.net/thumbnails/sm/tenant1560/uploads/20250513/Te0CYDDMq9Z4BY6bCT3FoTQMDjM41xqL/zau57p-1747146534322.jpg
2025-06-29 11:01:29 | INFO     | Row 200: ✓ Saved CN56795.jpg
2025-06-29 11:01:30 | INFO     | Row 201: Downloading HLK2277878 from https://media.cargosnap.net/thumbnails/sm/tenant1560/uploads/20250513/dJQxjn3vvqWrBGUZVpcqXr8aezEZJ3JL/lw9y6w-1747146542383.jpg
2025-06-29 11:01:30 | INFO     | Row 201: ✓ Saved HLK2277878.jpg
2025-06-29 11:01:30 | INFO     | Row 202: Downloading 89112 from https://media.cargosnap.net/thumbnails/sm/tenant1121/uploads/20250513/X2P6R3fQkS3y8tmnXRYHAuHSa3GR9nbn/ez8z4-1747146564681.jpg
2025-06-29 11:01:31 | INFO     | Row 202: ✓ Saved 89112.jpg
2025-06-29 11:01:31 | INFO     | Row 203: Downloading CL1678877 from https://media.cargosnap.net/thumbnails/sm/tenant1451/uploads/20250513/cwBuy6vW3Sa7McgG6olDsE5XWW3QyHV2/qz73ca-1747146296119.jpg
2025-06-29 11:01:31 | INFO     | Row 203: ✓ Saved CL1678877.jpg
2025-06-29 11:01:31 | INFO     | Row 204: Downloading EMCRQT5503 from https://media.cargosnap.net/thumbnails/sm/tenant1560/uploads/20250513/uzHuK46qqlCNhXUvoyK3OXrioriFVH93/smj28-1747146613176.jpg
2025-06-29 11:01:32 | INFO     | Row 204: ✓ Saved EMCRQT5503.jpg
2025-06-29 11:01:32 | INFO     | Row 205: Downloading ONECNDF73807 from https://media.cargosnap.net/thumbnails/sm/tenant1560/uploads/20250513/2TmmSycwNdcR16nTOf0CIQm2C4TJsaJZ/pn4hwg-1747146621391.jpg
2025-06-29 11:01:32 | INFO     | Row 205: ✓ Saved ONECNDF73807.jpg
2025-06-29 11:01:32 | INFO     | Row 206: Downloading 1587346 from https://media.cargosnap.net/thumbnails/sm/tenant1624/uploads/20250513/3BPeY2W7V1OaecokQYiACfmxn6VbVLmB/nhqb8c-1747146640196.jpg
2025-06-29 11:01:32 | INFO     | Row 206: ✓ Saved 1587346.jpg
2025-06-29 11:01:32 | INFO     | Row 207: Downloading H1488487 from https://media.cargosnap.net/thumbnails/sm/tenant1560/uploads/20250513/loRYExt7FrEzH1h3z6WaxE9po9ProUJR/if1yho-1747146685877.jpg
2025-06-29 11:01:33 | INFO     | Row 207: ✓ Saved H1488487.jpg
2025-06-29 11:01:33 | INFO     | Row 208: Downloading CNDF73809 from https://media.cargosnap.net/thumbnails/sm/tenant1560/uploads/20250513/x4BUUrqmlvtdjzkpcEVg83UUUZz198Ky/jol19j-1747146704031.jpg
2025-06-29 11:01:33 | INFO     | Row 208: ✓ Saved CNDF73809.jpg
2025-06-29 11:01:33 | INFO     | Row 209: Downloading 0450635 from https://media.cargosnap.net/thumbnails/sm/tenant2945/uploads/20250513/oevXgW6vrPUBxDIcQwBzSyCBFsvkoccT/0d18yw-1747146722077.jpg
2025-06-29 11:01:33 | INFO     | Row 209: ✓ Saved 0450635.jpg
2025-06-29 11:01:34 | INFO     | Row 210: Downloading SEALEDO2343579 from https://media.cargosnap.net/thumbnails/sm/tenant1451/uploads/20250513/9PYkIooE2J6pRXKYo8bRIWxGr6KAlCSy/zvnpsd-1747146734562.jpg
2025-06-29 11:01:34 | INFO     | Row 210: ✓ Saved SEALEDO2343579.jpg
2025-06-29 11:01:34 | INFO     | Row 211: Downloading MLCO0032348 from https://media.cargosnap.net/thumbnails/sm/tenant3376/uploads/20250513/AwGbYWUMbM422377HY76eURjwH2JCvP2/4crx53-1747146735841.jpg
2025-06-29 11:01:34 | INFO     | Row 211: ✓ Saved MLCO0032348.jpg
2025-06-29 11:01:34 | INFO     | Row 212: Downloading CN19329AT from https://media.cargosnap.net/thumbnails/sm/tenant1560/uploads/20250513/VOS1JGNuhytMuNhRPKsazG2sROrnpoTT/9e4rl-1747146739086.jpg
2025-06-29 11:01:34 | INFO     | Row 212: ✓ Saved CN19329AT.jpg
2025-06-29 11:01:35 | INFO     | Progress: 200 downloaded, 0 failed
2025-06-29 11:01:35 | INFO     | Row 214: Downloading H1488288 from https://media.cargosnap.net/thumbnails/sm/tenant1560/uploads/20250513/F1UQcRHAtiUaJGYI81Vlba9G7WGtd5A0/m6uuy-1747146797763.jpg
2025-06-29 11:01:35 | INFO     | Row 214: ✓ Saved H1488288.jpg
2025-06-29 11:01:35 | INFO     | Row 215: Downloading CN1418456 from https://media.cargosnap.net/thumbnails/sm/tenant1560/uploads/20250513/x1xi0KJAdpWn5yRsoL90lZYEDtGsJdTE/2bp38i-1747146815946.jpg
2025-06-29 11:01:35 | INFO     | Row 215: ✓ Saved CN1418456.jpg
2025-06-29 11:01:35 | INFO     | Row 216: Downloading CLI678852 from https://media.cargosnap.net/thumbnails/sm/tenant1451/uploads/20250513/UW6y5YBUbQRulkNsN1utbsq8x9n1KIpT/4jk0ad-1747146820178.jpg
2025-06-29 11:01:35 | INFO     | Row 216: ✓ Saved CLI678852.jpg
2025-06-29 11:01:36 | INFO     | Row 218: Downloading MXO178611 from https://media.cargosnap.net/thumbnails/sm/tenant1560/uploads/20250513/RHBT0V3WVe8PSB2QdI72zDyxQTBbvc2h/31pg29-1747146817128.jpg
2025-06-29 11:01:36 | INFO     | Row 218: ✓ Saved MXO178611.jpg
2025-06-29 11:01:36 | INFO     | Row 219: Downloading CRO173417 from https://media.cargosnap.net/thumbnails/sm/tenant1560/uploads/20250513/1AmsjAcQVzCSEh1c00pa1Iuv5ho6edJe/xutwa5-1747146850500.jpg
2025-06-29 11:01:37 | INFO     | Row 219: ✓ Saved CRO173417.jpg
2025-06-29 11:01:37 | INFO     | Row 220: Downloading 0955712 from https://media.cargosnap.net/thumbnails/sm/tenant1912/uploads/20250513/dPrqwslBASI6M27Fgjw4uGEm6Z3afwEy/wih9yn-1747146828744.jpg
2025-06-29 11:01:37 | INFO     | Row 220: ✓ Saved 0955712.jpg
2025-06-29 11:01:37 | INFO     | Row 221: Downloading 0955736 from https://media.cargosnap.net/thumbnails/sm/tenant1912/uploads/20250513/chA66nedN0VBNs2g8zUeIMa0r0yWeVCp/a0d3a-1747146721753.jpg
2025-06-29 11:01:37 | INFO     | Row 221: ✓ Saved 0955736.jpg
2025-06-29 11:01:37 | INFO     | Row 222: Downloading CR0265043 from https://media.cargosnap.net/thumbnails/sm/tenant1560/uploads/20250513/dY97Tk8MWFHbwiDnxaQaImmeT7qaaIUF/3e0vhr-1747146909645.jpg
2025-06-29 11:01:38 | INFO     | Row 222: ✓ Saved CR0265043.jpg
2025-06-29 11:01:38 | INFO     | Row 223: Downloading FJ24252167 from https://media.cargosnap.net/thumbnails/sm/tenant1560/uploads/20250513/7KxgVBhxb8Fej6CdSaTUrIcLrJX7J7wq/khp9ha-1747146923055.jpg
2025-06-29 11:01:38 | INFO     | Row 223: ✓ Saved FJ24252167.jpg
2025-06-29 11:01:38 | INFO     | Row 224: Downloading CL678860 from https://media.cargosnap.net/thumbnails/sm/tenant1451/uploads/20250514/GZc7ONlsO2BSfgVkpTGLb1qepHUQokID/rrrtlmq-1747222496598.jpg
2025-06-29 11:01:38 | INFO     | Row 224: ✓ Saved CL678860.jpg
2025-06-29 11:01:39 | INFO     | Row 225: Downloading CL67860 from https://media.cargosnap.net/thumbnails/sm/tenant1451/uploads/20250514/RsmeyK7BhAoFDyWIJk5To1pp9PkTqp9j/65kllg-1747222509148.jpg
2025-06-29 11:01:39 | INFO     | Row 225: ✓ Saved CL67860.jpg
2025-06-29 11:01:39 | INFO     | Row 227: Downloading 0133585 from https://media.cargosnap.net/thumbnails/sm/tenant420/uploads/20250514/FM5hJQtJdxIpBGfCOsFACiQbneUeGKNu/u702fw-1747222540721.jpg
2025-06-29 11:01:39 | INFO     | Row 227: ✓ Saved 0133585.jpg
2025-06-29 11:01:39 | INFO     | Row 228: Downloading 0113682 from https://media.cargosnap.net/thumbnails/sm/tenant420/uploads/20250514/VO344cACvZNWsZq48kvBeQL7Spjpigqk/h01ewb-1747222549899.jpg
2025-06-29 11:01:39 | INFO     | Row 228: ✓ Saved 0113682.jpg
2025-06-29 11:01:39 | INFO     | Row 229: Downloading 1719419 from https://media.cargosnap.net/thumbnails/sm/tenant535/uploads/20250514/youChTTHIlO1zheRtP9yV55mDn0P60kd/c454zd-1747222556227.jpg
2025-06-29 11:01:40 | INFO     | Row 229: ✓ Saved 1719419.jpg
2025-06-29 11:01:40 | INFO     | Row 231: Downloading 1587474 from https://media.cargosnap.net/thumbnails/sm/tenant1624/uploads/20250514/SdZnRo7tOJtkL4brsuvGiFFvDkFHVag8/9cyakk-1747222659564.jpg
2025-06-29 11:01:41 | INFO     | Row 231: ✓ Saved 1587474.jpg
2025-06-29 11:01:41 | INFO     | Row 232: Downloading 2759196050 from https://media.cargosnap.net/thumbnails/sm/tenant3647/uploads/20250514/CD9TAP8cEJo3WvWvlWXkZ4sfc048nbiY/0kf9p9-1747222695264.jpg
2025-06-29 11:01:42 | INFO     | Row 232: ✓ Saved 2759196050.jpg
2025-06-29 11:01:42 | INFO     | Row 233: Downloading 693216 from https://media.cargosnap.net/thumbnails/sm/tenant3647/uploads/20250514/5PAva8SijXTQTwZl7LsNbTcLz0FoT2lA/9d583-1747222702780.jpg
2025-06-29 11:01:42 | INFO     | Row 233: ✓ Saved 693216.jpg
2025-06-29 11:01:42 | INFO     | Row 234: Downloading 0137044 from https://media.cargosnap.net/thumbnails/sm/tenant420/uploads/20250514/ztTXR65rHsBQEQ0pEcv2P4sGxm52lbGH/49ym89-1747222721065.jpg
2025-06-29 11:01:42 | INFO     | Row 234: ✓ Saved 0137044.jpg
2025-06-29 11:01:43 | INFO     | Row 235: Downloading 0127953 from https://media.cargosnap.net/thumbnails/sm/tenant420/uploads/20250514/TxvCnwLEkvfpMBufu7VgAPlgduPCCS60/ac7hes-1747222745614.jpg
2025-06-29 11:01:43 | INFO     | Row 235: ✓ Saved 0127953.jpg
2025-06-29 11:01:43 | INFO     | Row 236: Downloading 0059412 from https://media.cargosnap.net/thumbnails/sm/tenant678/uploads/20250514/0NDPfFCJIO2U9hod0LF6jCotGWTSQmGw/9ihgb-1747222817631.jpg
2025-06-29 11:01:43 | INFO     | Row 236: ✓ Saved 0059412.jpg
2025-06-29 11:01:43 | INFO     | Row 237: Downloading FMDC2053806 from https://media.cargosnap.net/thumbnails/sm/tenant1624/uploads/20250514/n8KN5OTRRauo8WDLnlWlH88ZwMwUtOLB/6x6e1f-1747222839609.jpg
2025-06-29 11:01:43 | INFO     | Row 237: ✓ Saved FMDC2053806.jpg
2025-06-29 11:01:44 | INFO     | Row 239: Downloading 22726 from https://media.cargosnap.net/thumbnails/sm/tenant420/uploads/20250514/SnnTWAXd3YBxxVpm3lGmXBGajFaZStcM/6p07kva-1747222890035.jpg
2025-06-29 11:01:44 | INFO     | Row 239: ✓ Saved 22726.jpg
2025-06-29 11:01:44 | INFO     | Row 242: Downloading 693385 from https://media.cargosnap.net/thumbnails/sm/tenant3647/uploads/20250514/YsGAounkrhscBEs8LFTfNTU1NW6l53yI/lh57aq-1747222909911.jpg
2025-06-29 11:01:44 | INFO     | Row 242: ✓ Saved 693385.jpg
2025-06-29 11:01:44 | INFO     | Row 243: Downloading 17933590 from https://media.cargosnap.net/thumbnails/sm/tenant2823/uploads/20250514/jrsizNMP2RMDK9yAeodjaK5BW8M2oXFl/yku9sd-1747222950231.jpg
2025-06-29 11:01:44 | INFO     | Row 243: ✓ Saved 17933590.jpg
2025-06-29 11:01:45 | INFO     | Row 244: Downloading HAT8583 from https://media.cargosnap.net/thumbnails/sm/tenant2997/uploads/20250514/xyLRYFseGG7gigFUUkDOvFgYuDQTrxKd/26arg8-1747223027967.jpg
2025-06-29 11:01:45 | INFO     | Row 244: ✓ Saved HAT8583.jpg
2025-06-29 11:01:45 | INFO     | Row 245: Downloading 022903 from https://media.cargosnap.net/thumbnails/sm/tenant1121/uploads/20250514/7IlBpjKkCSPAnsxlMv1SPyMn8Oqa9SC7/y3cys-1747223029772.jpg
2025-06-29 11:01:45 | INFO     | Row 245: ✓ Saved 022903.jpg
2025-06-29 11:01:45 | INFO     | Row 247: Downloading 693215 from https://media.cargosnap.net/thumbnails/sm/tenant3647/uploads/20250514/ZMi3uaYH5N5317TJDbjiFtkSDmW1JoD2/c24od8-1747223121181.jpg
2025-06-29 11:01:46 | INFO     | Row 247: ✓ Saved 693215.jpg
2025-06-29 11:01:46 | INFO     | Row 248: Downloading EVERGREEN from https://media.cargosnap.net/thumbnails/sm/tenant1624/uploads/20250514/ghJTgnm1nrJgGg0ngtqRajuxAGVIIlNj/483u5d-1747223167788.jpg
2025-06-29 11:01:46 | INFO     | Row 248: ✓ Saved EVERGREEN.jpg
2025-06-29 11:01:46 | INFO     | Row 249: Downloading CN2712558 from https://media.cargosnap.net/thumbnails/sm/tenant1560/uploads/20250513/cXXhuLlU0DvC78SNEvIdYo5wxw6GAFJi/wghh25-1747146992361.jpg
2025-06-29 11:01:46 | INFO     | Row 249: ✓ Saved CN2712558.jpg
2025-06-29 11:01:46 | INFO     | Row 250: Downloading HLK2420342 from https://media.cargosnap.net/thumbnails/sm/tenant1560/uploads/20250513/xSf2vCWIPjQMHKSeuyyfAsTVtecBRDOb/kg8b2-1747146994227.jpg
2025-06-29 11:01:47 | INFO     | Row 250: ✓ Saved HLK2420342.jpg
2025-06-29 11:01:47 | INFO     | Row 251: Downloading 15395727 from https://media.cargosnap.net/thumbnails/sm/tenant2823/uploads/20250513/2Nt0ayCquhyHEY5WOZlBPa4tu2lnZdWT/p139de-1747147007551.jpg
2025-06-29 11:01:47 | INFO     | Row 251: ✓ Saved 15395727.jpg
2025-06-29 11:01:47 | INFO     | Row 252: Downloading WHAC196696 from https://media.cargosnap.net/thumbnails/sm/tenant1560/uploads/20250513/vziP7OOwNOz3zmnkXuK1rZwHQeMDhcp6/fn1dlg-1747147029888.jpg
2025-06-29 11:01:47 | INFO     | Row 252: ✓ Saved WHAC196696.jpg
2025-06-29 11:01:47 | INFO     | Row 253: Downloading F43A01NA410276234 from https://media.cargosnap.net/thumbnails/sm/tenant273/uploads/20250513/fUR9e5XY3Io8DgxIrl4QGotLD9CRSYAo/vr37qb-1747147051448.jpg
2025-06-29 11:01:48 | INFO     | Row 253: ✓ Saved F43A01NA410276234.jpg
2025-06-29 11:01:48 | INFO     | Row 254: Downloading CNO638211 from https://media.cargosnap.net/thumbnails/sm/tenant1560/uploads/20250513/NduHnxXZhEWQXr2jJupyLJpDWUvSdQvI/kjn1c7-1747147076046.jpg
2025-06-29 11:01:48 | INFO     | Row 254: ✓ Saved CNO638211.jpg
2025-06-29 11:01:48 | INFO     | Row 255: Downloading 022888 from https://media.cargosnap.net/thumbnails/sm/tenant1121/uploads/20250513/G6GGNJ8L5zzng3cGrPYY1KvX1BjTWTl0/8wgikj-1747147090484.jpg
2025-06-29 11:01:48 | INFO     | Row 255: ✓ Saved 022888.jpg
2025-06-29 11:01:48 | INFO     | Row 256: Downloading CA0145 from https://media.cargosnap.net/thumbnails/sm/tenant1560/uploads/20250513/dOJNxGkoBcsPK3N5I24iWJkPFPxdCTI6/p4f46p-1747147113996.jpg
2025-06-29 11:01:49 | INFO     | Row 256: ✓ Saved CA0145.jpg
2025-06-29 11:01:49 | INFO     | Row 257: Downloading L6958460 from https://media.cargosnap.net/thumbnails/sm/tenant1173/uploads/20250513/2xoSLmpBp0wtjKH7yFXqC4SVdI0P1COb/s4hb1p-1747147121305.jpg
2025-06-29 11:01:49 | INFO     | Row 257: ✓ Saved L6958460.jpg
2025-06-29 11:01:49 | INFO     | Row 258: Downloading 174863 from https://media.cargosnap.net/thumbnails/sm/tenant1560/uploads/20250513/OCsHffkqveoFG4uGVqPvsYyVgLWW3bXp/459no-1747147134176.jpg
2025-06-29 11:01:49 | INFO     | Row 258: ✓ Saved 174863.jpg
2025-06-29 11:01:49 | INFO     | Row 259: Downloading 2002028394 from https://media.cargosnap.net/thumbnails/sm/tenant90/uploads/20250513/ejezrm6600Am764RursLcYOJ0slozeJj/k6f7d-1747147163060.jpg
2025-06-29 11:01:50 | INFO     | Row 259: ✓ Saved 2002028394.jpg
2025-06-29 11:01:50 | INFO     | Row 260: Downloading EMCRLY0883 from https://media.cargosnap.net/thumbnails/sm/tenant1560/uploads/20250513/RT6gApOAYN7l7Q0jOgMB0Hl3QfY5c5ZP/8eg78k-1747147182774.jpg
2025-06-29 11:01:50 | INFO     | Row 260: ✓ Saved EMCRLY0883.jpg
2025-06-29 11:01:50 | INFO     | Row 261: Downloading SCS1190742 from https://media.cargosnap.net/thumbnails/sm/tenant90/uploads/20250513/z5hyJJAYjChUaJ2GrorsU80kBxaS2uv1/b7sip-1747147185312.jpg
2025-06-29 11:01:50 | INFO     | Row 261: ✓ Saved SCS1190742.jpg
2025-06-29 11:01:50 | INFO     | Row 263: Downloading HLK2439541 from https://media.cargosnap.net/thumbnails/sm/tenant1560/uploads/20250513/3F3oBmhzJRnjQKR9sBr4pdUKZbykqOzV/3tndmi-1747147242948.jpg
2025-06-29 11:01:51 | INFO     | Row 263: ✓ Saved HLK2439541.jpg
2025-06-29 11:01:51 | INFO     | Row 264: Downloading CCIS181340 from https://media.cargosnap.net/thumbnails/sm/tenant1624/uploads/20250513/09XEqAAstOwb6ll4chowSGu9VWmWG96j/ncimdh-1747147262109.jpg
2025-06-29 11:01:51 | INFO     | Row 264: ✓ Saved CCIS181340.jpg
2025-06-29 11:01:51 | INFO     | Row 265: Downloading HLKO912899 from https://media.cargosnap.net/thumbnails/sm/tenant1560/uploads/20250513/fDmy6N4BpjB979ZUcn9tLt8uVUKw4F8x/2l9393-1747147266054.jpg
2025-06-29 11:01:51 | INFO     | Row 265: ✓ Saved HLKO912899.jpg
2025-06-29 11:01:52 | INFO     | Row 266: Downloading CN1378945 from https://media.cargosnap.net/thumbnails/sm/tenant1560/uploads/20250513/MA4eZmj2og4Jf39EinDAYgLTaktPwzxM/4zotbb-1747147269258.jpg
2025-06-29 11:01:52 | INFO     | Row 266: ✓ Saved CN1378945.jpg
2025-06-29 11:01:52 | INFO     | Row 267: Downloading ENEMCLLJ9074 from https://media.cargosnap.net/thumbnails/sm/tenant1560/uploads/20250513/PogcMhR3NZFgPADXlA2ph2PBOVPlH3Cf/xugcgv-1747147307897.jpg
2025-06-29 11:01:52 | INFO     | Row 267: ✓ Saved ENEMCLLJ9074.jpg
2025-06-29 11:01:52 | INFO     | Row 268: Downloading HLKO930090 from https://media.cargosnap.net/thumbnails/sm/tenant1560/uploads/20250513/nylOYMGNvXMRUbcltA9mwadProRvSmyo/pbop2e-1747147388234.jpg
2025-06-29 11:01:53 | INFO     | Row 268: ✓ Saved HLKO930090.jpg
2025-06-29 11:01:53 | INFO     | Row 269: Downloading EMCRNH3333 from https://media.cargosnap.net/thumbnails/sm/tenant1560/uploads/20250513/5fuMDT8B9sCLaoGtcgcUK5cYwxwtFAIv/e3jqqc-1747147405647.jpg
2025-06-29 11:01:53 | INFO     | Row 269: ✓ Saved EMCRNH3333.jpg
2025-06-29 11:01:53 | INFO     | Row 270: Downloading KRO602877 from https://media.cargosnap.net/thumbnails/sm/tenant1560/uploads/20250513/LYGZApeymc74QWtkBxZDC46DWBXmytwE/85m3a8-1747147406850.jpg
2025-06-29 11:01:53 | INFO     | Row 270: ✓ Saved KRO602877.jpg
2025-06-29 11:01:53 | INFO     | Row 271: Downloading BRO211079 from https://media.cargosnap.net/thumbnails/sm/tenant2515/uploads/20250513/Qz07z62gihIPtT5MuI3nrcRdDeKrILve/06km5-1747147465881.jpg
2025-06-29 11:01:54 | INFO     | Row 271: ✓ Saved BRO211079.jpg
2025-06-29 11:01:54 | INFO     | Progress: 250 downloaded, 0 failed
2025-06-29 11:01:54 | INFO     | Row 272: Downloading FX33275577 from https://media.cargosnap.net/thumbnails/sm/tenant1560/uploads/20250513/QOwT1jh6os63Y9mrxRgfVjOWWBT8UtoO/ux2z3-1747147476850.jpg
2025-06-29 11:01:54 | INFO     | Row 272: ✓ Saved FX33275577.jpg
2025-06-29 11:01:54 | INFO     | Row 273: Downloading 15395758 from https://media.cargosnap.net/thumbnails/sm/tenant2823/uploads/20250513/Jt0Y4KKsMLp1TLvTZJoEmvzFu6HpJv7u/4kboor-1747147486704.jpg
2025-06-29 11:01:54 | INFO     | Row 273: ✓ Saved 15395758.jpg
2025-06-29 11:01:54 | INFO     | Row 274: Downloading 0127952 from https://media.cargosnap.net/thumbnails/sm/tenant420/uploads/20250514/p4dAZN49Roe6Z56Ru0kGw5KmvC4xs6eG/gkdqe-1747223183225.jpg
2025-06-29 11:01:55 | INFO     | Row 274: ✓ Saved 0127952.jpg
2025-06-29 11:01:55 | INFO     | Row 276: Downloading 0137045 from https://media.cargosnap.net/thumbnails/sm/tenant420/uploads/20250514/6r21m0QexgXUY8uOBikA9NZ4JAEwHaUP/jzxzk-1747223256179.jpg
2025-06-29 11:01:55 | INFO     | Row 276: ✓ Saved 0137045.jpg
2025-06-29 11:01:55 | INFO     | Row 277: Downloading 693217 from https://media.cargosnap.net/thumbnails/sm/tenant3647/uploads/20250514/IQcduQVlcwt6AeF9p8pG57kUnvexuh6w/jy0scu-1747223259871.jpg
2025-06-29 11:01:55 | INFO     | Row 277: ✓ Saved 693217.jpg
2025-06-29 11:01:56 | INFO     | Row 278: Downloading 0137046 from https://media.cargosnap.net/thumbnails/sm/tenant420/uploads/20250514/MRSU31dlLgGtieXG943yGb41rWL4BIaf/t0iowl-1747223269973.jpg
2025-06-29 11:01:56 | INFO     | Row 278: ✓ Saved 0137046.jpg
2025-06-29 11:01:56 | INFO     | Row 279: Downloading SEALED01984428 from https://media.cargosnap.net/thumbnails/sm/tenant1451/uploads/20250514/tr9tgEL2mnK0zQsWP3UHSgNwh3uP40AR/dhtesp-1747223299446.jpg
2025-06-29 11:01:56 | INFO     | Row 279: ✓ Saved SEALED01984428.jpg
2025-06-29 11:01:56 | INFO     | Row 280: Downloading L9032999 from https://media.cargosnap.net/thumbnails/sm/tenant2/uploads/20250514/ynThYicNgc5OnvAD7RCCeKxR7nVHU9lz/gm6jl-1747223343590.jpg
2025-06-29 11:01:56 | INFO     | Row 280: ✓ Saved L9032999.jpg
2025-06-29 11:01:57 | INFO     | Row 281: Downloading 0127794 from https://media.cargosnap.net/thumbnails/sm/tenant420/uploads/20250514/eTG2R8apCYN3j6jRojKmi4Q9Iw92W6bp/xg5k0i-1747030242274.jpg
2025-06-29 11:01:57 | INFO     | Row 281: ✓ Saved 0127794.jpg
2025-06-29 11:01:57 | INFO     | Row 282: Downloading 0127763 from https://media.cargosnap.net/thumbnails/sm/tenant420/uploads/20250514/pCXhrdDEvJNhHmn7spnkNDgo4ghRJkZx/20wem-1747121581766.jpg
2025-06-29 11:01:57 | INFO     | Row 282: ✓ Saved 0127763.jpg
2025-06-29 11:01:58 | INFO     | Row 283: Downloading 0127971 from https://media.cargosnap.net/thumbnails/sm/tenant420/uploads/20250514/eke2HH3nDJVItxbQXTxKZhpcYjLBpeqd/a21zba-1747133382041.jpg
2025-06-29 11:01:58 | INFO     | Row 283: ✓ Saved 0127971.jpg
2025-06-29 11:01:58 | INFO     | Row 285: Downloading L7612773 from https://media.cargosnap.net/thumbnails/sm/tenant1173/uploads/20250514/4Mnbv6bzFc4AbtEOJKSUxwu4ybaIrtO4/016ebf-1747223385706.jpg
2025-06-29 11:01:58 | INFO     | Row 285: ✓ Saved L7612773.jpg
2025-06-29 11:01:58 | INFO     | Row 286: Downloading 157341 from https://media.cargosnap.net/thumbnails/sm/tenant886/uploads/20250514/QU2jQMiCdfIdHwp8mIVOMXbuQiupDj2e/p4jrzg-1747223395228.jpg
2025-06-29 11:01:59 | INFO     | Row 286: ✓ Saved 157341.jpg
2025-06-29 11:01:59 | INFO     | Row 287: Downloading 0104096 from https://media.cargosnap.net/thumbnails/sm/tenant420/uploads/20250514/W8p1kmWZTheIM6YRuPJTV9qkRzYF7uSC/317xxs-1747223434652.jpg
2025-06-29 11:01:59 | INFO     | Row 287: ✓ Saved 0104096.jpg
2025-06-29 11:01:59 | INFO     | Row 288: Downloading 22724 from https://media.cargosnap.net/thumbnails/sm/tenant420/uploads/20250514/lFcrBRjxQ9IbuRA3l5yvxp5BXE4jbqCb/ehhrrd-1747223438896.jpg
2025-06-29 11:01:59 | INFO     | Row 288: ✓ Saved 22724.jpg
2025-06-29 11:02:00 | INFO     | Row 289: Downloading HLC20704 from https://media.cargosnap.net/thumbnails/sm/tenant802/uploads/20250514/TN4CvsrqP7MubsyZmuW044BhzTDg6rNh/dz5lx4-1747219871953.jpg
2025-06-29 11:02:01 | INFO     | Row 289: ✓ Saved HLC20704.jpg
2025-06-29 11:02:01 | INFO     | Row 290: Downloading 0045245 from https://media.cargosnap.net/thumbnails/sm/tenant535/uploads/20250514/nXbBPhgRZvKP7cq6I9VqpT7Ek1ckIj2C/ug761j-1747223497567.jpg
2025-06-29 11:02:01 | INFO     | Row 290: ✓ Saved 0045245.jpg
2025-06-29 11:02:01 | INFO     | Row 291: Downloading BB18OM_3264695 from https://media.cargosnap.net/thumbnails/sm/tenant1820/uploads/20250514/dECvTgxqUGIpF8HSK1qzyWSzlzh3P6hm/524zte-1747223506814.jpg
2025-06-29 11:02:02 | INFO     | Row 291: ✓ Saved BB18OM_3264695.jpg
2025-06-29 11:02:02 | INFO     | Row 292: Downloading YMAT695922 from https://media.cargosnap.net/thumbnails/sm/tenant2/uploads/20250514/cweDU8pfFvgyIC5lhU0vQf0y2ldqQKvM/q2p3so-1747223518260.jpg
2025-06-29 11:02:02 | INFO     | Row 292: ✓ Saved YMAT695922.jpg
2025-06-29 11:02:02 | INFO     | Row 293: Downloading 6007835 from https://media.cargosnap.net/thumbnails/sm/tenant420/uploads/20250514/QFpaKoRXbcQJwt9Gb7mRQBAEdHHdb9o9/uka83i-1747223520244.jpg
2025-06-29 11:02:02 | INFO     | Row 293: ✓ Saved 6007835.jpg
2025-06-29 11:02:02 | INFO     | Row 294: Downloading EMCJFS1564 from https://media.cargosnap.net/thumbnails/sm/tenant763/uploads/20250514/4RWdZck6dOJB8uG2dW6vRk40J8BScpN5/qczpo-1747223519953.jpg
2025-06-29 11:02:03 | INFO     | Row 294: ✓ Saved EMCJFS1564.jpg
2025-06-29 11:02:03 | INFO     | Row 295: Downloading ASEALED0789741 from https://media.cargosnap.net/thumbnails/sm/tenant1820/uploads/20250514/KRJ78oYAg3oq1cFHcE04q22pmwcYlEtQ/28llgk-1747223526673.jpg
2025-06-29 11:02:03 | INFO     | Row 295: ✓ Saved ASEALED0789741.jpg
2025-06-29 11:02:03 | INFO     | Row 296: Downloading 8226126 from https://media.cargosnap.net/thumbnails/sm/tenant1820/uploads/20250514/1KzM9SuhlmFn4YVhJZDsH8BqiWyrcfRX/vg1vo-1747223532170.jpg
2025-06-29 11:02:03 | INFO     | Row 296: ✓ Saved 8226126.jpg
2025-06-29 11:02:03 | INFO     | Row 297: Downloading 00243299 from https://media.cargosnap.net/thumbnails/sm/tenant600/uploads/20250514/Ng93HJmLAYVGbnEUBAEblPqm65hKVx97/nfo1jem-1747223588165.jpg
2025-06-29 11:02:04 | INFO     | Row 297: ✓ Saved 00243299.jpg
2025-06-29 11:02:04 | INFO     | Row 298: Downloading FX30573807 from https://media.cargosnap.net/thumbnails/sm/tenant2/uploads/20250514/wsnkzmDP3Tg5c85ea0iRmuFLCxnqyg2h/x5hcja-1747223591775.jpg
2025-06-29 11:02:04 | INFO     | Row 298: ✓ Saved FX30573807.jpg
2025-06-29 11:02:04 | INFO     | Row 299: Downloading KRO602666 from https://media.cargosnap.net/thumbnails/sm/tenant1560/uploads/20250513/9Q8WTeTi12pxfQPRSmlWtQFD3leJ2vh5/6shadj-1747147515328.jpg
2025-06-29 11:02:04 | INFO     | Row 299: ✓ Saved KRO602666.jpg
2025-06-29 11:02:04 | INFO     | Row 301: Downloading WHAC161173 from https://media.cargosnap.net/thumbnails/sm/tenant1560/uploads/20250513/hOwjXhWKRy5wNG7Fh8QD0bOK1Jcu8DXT/tp6y1l-1747147605607.jpg
2025-06-29 11:02:05 | INFO     | Row 301: ✓ Saved WHAC161173.jpg
2025-06-29 11:02:05 | INFO     | Row 302: Downloading ONECNEI60845 from https://media.cargosnap.net/thumbnails/sm/tenant1560/uploads/20250513/RXPOzFnwODBTPUFGEAIpTSLzxlhR0JN0/wcvgw-1747147619424.jpg
2025-06-29 11:02:05 | INFO     | Row 302: ✓ Saved ONECNEI60845.jpg
2025-06-29 11:02:05 | INFO     | Row 303: Downloading SYA3454721 from https://media.cargosnap.net/thumbnails/sm/tenant1560/uploads/20250513/PpL2sdmWpT8JwGm3WE8JjXtaWxJbx5LW/a2o4rc-1747146893915.jpg
2025-06-29 11:02:05 | INFO     | Row 303: ✓ Saved SYA3454721.jpg
2025-06-29 11:02:05 | INFO     | Row 304: Downloading WHAC188721 from https://media.cargosnap.net/thumbnails/sm/tenant1560/uploads/20250513/OS9H5u2WUw2WkCTMnkM3dYtdMfAAYsJ3/p5nyq-1747147631938.jpg
2025-06-29 11:02:06 | INFO     | Row 304: ✓ Saved WHAC188721.jpg
2025-06-29 11:02:06 | INFO     | Row 305: Downloading 3531175 from https://media.cargosnap.net/thumbnails/sm/tenant1820/uploads/20250513/Ap0xEKFBWJJMlnoadtl09jmkjsZd457N/pdbbz9-1747147636249.jpeg
2025-06-29 11:02:06 | INFO     | Row 305: ✓ Saved 3531175.jpg
2025-06-29 11:02:06 | INFO     | Row 306: Downloading SYA3919765 from https://media.cargosnap.net/thumbnails/sm/tenant1560/uploads/20250513/g7RDVul6KuAfqOr3vS6JXMKWOjmPUtMn/izsig-1747147066900.jpg
2025-06-29 11:02:06 | INFO     | Row 306: ✓ Saved SYA3919765.jpg
2025-06-29 11:02:06 | INFO     | Row 307: Downloading SEALED498116 from https://media.cargosnap.net/thumbnails/sm/tenant1820/uploads/20250513/sjTFT4pw4dhF3I5oKjb6F3VPTr9Bx2nM/mzmqzh-1747147650249.jpeg
2025-06-29 11:02:07 | INFO     | Row 307: ✓ Saved SEALED498116.jpg
2025-06-29 11:02:07 | INFO     | Row 308: Downloading 121646 from https://media.cargosnap.net/thumbnails/sm/tenant1560/uploads/20250513/7wtqZS0aIeiiwmcSTdB59YPCPTYBku5c/csv78a-1747147194970.jpg
2025-06-29 11:02:07 | INFO     | Row 308: ✓ Saved 121646.jpg
2025-06-29 11:02:07 | INFO     | Row 309: Downloading 3583216 from https://media.cargosnap.net/thumbnails/sm/tenant1820/uploads/20250513/6VReuwTHSwlorCKnC2zlyaVLE8S8NgIf/7wqfmn-1747147666359.jpg
2025-06-29 11:02:07 | INFO     | Row 309: ✓ Saved 3583216.jpg
2025-06-29 11:02:08 | INFO     | Row 310: Downloading 0015499 from https://media.cargosnap.net/thumbnails/sm/tenant1560/uploads/20250513/BT5lD27EZ2OpN46GD3Xh386SVrhYfr6h/squfq5-1747147308081.jpg
2025-06-29 11:02:08 | INFO     | Row 310: ✓ Saved 0015499.jpg
2025-06-29 11:02:08 | INFO     | Row 311: Downloading EDUMSEAL0754708 from https://media.cargosnap.net/thumbnails/sm/tenant1820/uploads/20250513/3f3v9xy2Fx7AVbqWQbkdEz6mNQPpXjiQ/1txstn-1747147667225.jpeg
2025-06-29 11:02:08 | INFO     | Row 311: ✓ Saved EDUMSEAL0754708.jpg
2025-06-29 11:02:08 | INFO     | Row 313: Downloading 0015507 from https://media.cargosnap.net/thumbnails/sm/tenant1560/uploads/20250513/iAEmn1DVm5hBk0pRaf2tQsVmJi8zOL7I/1h4itb-1747147638170.jpg
2025-06-29 11:02:09 | INFO     | Row 313: ✓ Saved 0015507.jpg
2025-06-29 11:02:09 | INFO     | Row 314: Downloading CN2198543 from https://media.cargosnap.net/thumbnails/sm/tenant1560/uploads/20250513/OolAXwfkLrvXyVUlcbSJboLt8hckmQyU/cx4919-1747146602383.jpg
2025-06-29 11:02:09 | INFO     | Row 314: ✓ Saved CN2198543.jpg
2025-06-29 11:02:09 | INFO     | Row 315: Downloading 4999957 from https://media.cargosnap.net/thumbnails/sm/tenant1912/uploads/20250513/vIf47TZp04oXt7nO869R7wg81XSvJQJr/pl4num-1747147705762.jpg
2025-06-29 11:02:09 | INFO     | Row 315: ✓ Saved 4999957.jpg
2025-06-29 11:02:09 | INFO     | Row 316: Downloading FJ22411672 from https://media.cargosnap.net/thumbnails/sm/tenant535/uploads/20250513/YTaMjy0lcD2ul1sGIC1QJBX8A7vs4qvy/r7gzc7-1747147715257.jpg
2025-06-29 11:02:10 | INFO     | Row 316: ✓ Saved FJ22411672.jpg
2025-06-29 11:02:10 | INFO     | Row 317: Downloading SEALED491275 from https://media.cargosnap.net/thumbnails/sm/tenant1820/uploads/20250513/1WX1F7apvHHF2ZHUDuSdJeiwfNxSBUiK/m7wba9-1747147717716.jpg
2025-06-29 11:02:10 | INFO     | Row 317: ✓ Saved SEALED491275.jpg
2025-06-29 11:02:10 | INFO     | Row 318: Downloading NHAIWHLY069920 from https://media.cargosnap.net/thumbnails/sm/tenant1560/uploads/20250513/pVrt6ClLhZKp1saYRbRyfLzw6s4ackx7/ztq098-1747147725770.jpg
2025-06-29 11:02:10 | INFO     | Row 318: ✓ Saved NHAIWHLY069920.jpg
2025-06-29 11:02:10 | INFO     | Row 319: Downloading VESEALED8226694 from https://media.cargosnap.net/thumbnails/sm/tenant1820/uploads/20250513/nv5tD1OIAmH1Qn1GeWvwBoRC6kMNMKT0/s5jhiv-1747147732892.jpg
2025-06-29 11:02:10 | INFO     | Row 319: ✓ Saved VESEALED8226694.jpg
2025-06-29 11:02:11 | INFO     | Row 320: Downloading HLK2090082 from https://media.cargosnap.net/thumbnails/sm/tenant1560/uploads/20250513/ADs1tPiUWO1loReJWtqe6SnZ0SnC44Es/j7pks-1747147744896.jpg
2025-06-29 11:02:11 | INFO     | Row 320: ✓ Saved HLK2090082.jpg
2025-06-29 11:02:11 | INFO     | Row 321: Downloading EMCNAX4524 from https://media.cargosnap.net/thumbnails/sm/tenant1560/uploads/20250513/72ZZG7zDUSQ2F8eMXX3kG2FWF8NXzjaU/q6iluq-1747147746843.jpg
2025-06-29 11:02:11 | INFO     | Row 321: ✓ Saved EMCNAX4524.jpg
2025-06-29 11:02:11 | INFO     | Row 322: Downloading FJ22411685 from https://media.cargosnap.net/thumbnails/sm/tenant535/uploads/20250513/krlF8g9R9JjTcBsGeN43u2kBLNsCSKLg/0nlq1-1747147766194.jpg
2025-06-29 11:02:12 | INFO     | Row 322: ✓ Saved FJ22411685.jpg
2025-06-29 11:02:12 | INFO     | Row 323: Downloading EB2403583217 from https://media.cargosnap.net/thumbnails/sm/tenant1820/uploads/20250513/JnigxS4r2bk0IdH8lPudWpApAJeAvPrV/hq6f5-1747147792076.jpg
2025-06-29 11:02:12 | INFO     | Row 323: ✓ Saved EB2403583217.jpg
2025-06-29 11:02:12 | INFO     | Row 324: Downloading SEALED476579 from https://media.cargosnap.net/thumbnails/sm/tenant1820/uploads/20250513/L6WtkOmyEsK3D3N5R6Re0a4PKFritZoq/ca4ilv-1747147813836.jpg
2025-06-29 11:02:12 | INFO     | Row 324: ✓ Saved SEALED476579.jpg
2025-06-29 11:02:12 | INFO     | Row 325: Downloading CRO082689 from https://media.cargosnap.net/thumbnails/sm/tenant1560/uploads/20250513/Wvdo7aky9T9EVvejBW7gW0cd81zwMx65/7parbr-1747147812230.jpg
2025-06-29 11:02:12 | INFO     | Row 325: ✓ Saved CRO082689.jpg
2025-06-29 11:02:13 | INFO     | Progress: 300 downloaded, 0 failed
2025-06-29 11:02:13 | INFO     | Reached download limit of 300 images
2025-06-29 11:02:13 | INFO     | 
==================================================
2025-06-29 11:02:13 | INFO     | DOWNLOAD SUMMARY
2025-06-29 11:02:13 | INFO     | ==================================================
2025-06-29 11:02:13 | INFO     | Total rows processed: 326
2025-06-29 11:02:13 | INFO     | Successfully downloaded: 300
2025-06-29 11:02:13 | INFO     | Skipped (already exists): 25
2025-06-29 11:02:13 | INFO     | Failed downloads: 0
2025-06-29 11:02:13 | INFO     | Invalid references: 0
2025-06-29 11:02:13 | INFO     | Output directory: detection/training_data/00_raw/code_seal
2025-06-29 11:02:13 | INFO     | 
✓ Successfully downloaded 300 seal images!
2025-06-29 11:02:13 | INFO     | 
Total time: 113.2 seconds
