2025-06-29 11:20:12 | INFO     | License Plate Image Downloader Starting...
2025-06-29 11:20:12 | INFO     | Starting download from detection/training_data/00_raw/code_license_plate.csv
2025-06-29 11:20:12 | INFO     | Output directory: detection/training_data/00_raw/code_license_plate
2025-06-29 11:20:12 | INFO     | Download limit: 300 images
2025-06-29 11:20:12 | INFO     | Row 1: Downloading 29BKP1 from https://media.cargosnap.net/thumbnails/sm/tenant3555/uploads/20250513/eY1EqBvCel3Mbz9pFh3DNcBvHXQlAE7u/7sbhcm-1747143690539.jpg
2025-06-29 11:20:12 | INFO     | Row 1: ✓ Saved 29BKP1.jpg
2025-06-29 11:20:12 | INFO     | Row 2: Downloading OR76RH from https://media.cargosnap.net/thumbnails/sm/tenant3555/uploads/20250513/ptHsLbYf1fFchU2RwJqlX1pXwESHMIm6/jjl7o-1747143799553.jpg
2025-06-29 11:20:13 | INFO     | Row 2: ✓ Saved OR76RH.jpg
2025-06-29 11:20:13 | INFO     | Row 3: Downloading AAS668MP from https://media.cargosnap.net/thumbnails/sm/tenant2217/uploads/20250513/Og517smrqbvXGEhqgq2QqGlSZYiEwWPV/ljsn2u-1747143825544.jpg
2025-06-29 11:20:13 | INFO     | Row 3: ✓ Saved AAS668MP.jpg
2025-06-29 11:20:13 | INFO     | Row 4: Downloading FT711PR from https://media.cargosnap.net/thumbnails/sm/tenant805/uploads/20250513/U2VyGKET9HJRsLJpMRTYa5DNhBUnYRmp/y0odtk-1747143883587.jpg
2025-06-29 11:20:14 | INFO     | Row 4: ✓ Saved FT711PR.jpg
2025-06-29 11:20:14 | INFO     | Row 5: Downloading 1UNE195 from https://media.cargosnap.net/thumbnails/sm/tenant2/uploads/20250513/mcR2fzFD81YsP6ac6PTuZUPK1NrekNIt/artpp-1747143889945.jpg
2025-06-29 11:20:14 | INFO     | Row 5: ✓ Saved 1UNE195.jpg
2025-06-29 11:20:14 | INFO     | Row 6: Downloading QAER777 from https://media.cargosnap.net/thumbnails/sm/tenant2/uploads/20250513/DrzqRowzFxR4lb40K27ksWkr6mGzzxir/d3bag6-1747143897092.jpg
2025-06-29 11:20:15 | INFO     | Row 6: ✓ Saved QAER777.jpg
2025-06-29 11:20:15 | INFO     | Row 7: Downloading FF0903A from https://media.cargosnap.net/thumbnails/sm/tenant1560/uploads/20250513/dMOmhGr7dS49HKBCQqbw5vqbGJTYa9NW/lph8x-1747143920581.jpg
2025-06-29 11:20:15 | INFO     | Row 7: ✓ Saved FF0903A.jpg
2025-06-29 11:20:15 | INFO     | Row 8: Downloading 45AS4V from https://media.cargosnap.net/thumbnails/sm/tenant1560/uploads/20250513/qI9epo7L19mnNPvbZGCKOSiPnRTrP5nu/ipty9-1747143988223.jpg
2025-06-29 11:20:15 | INFO     | Row 8: ✓ Saved 45AS4V.jpg
2025-06-29 11:20:15 | INFO     | Row 9: Downloading 1244HSV from https://media.cargosnap.net/thumbnails/sm/tenant4053/uploads/20250513/alhQFtBVFc1JUeV0OqhpVBEBfjXnwd8O/uujujg-1747143999665.jpg
2025-06-29 11:20:16 | INFO     | Row 9: ✓ Saved 1244HSV.jpg
2025-06-29 11:20:16 | INFO     | Row 10: Downloading MLX3965 from https://media.cargosnap.net/thumbnails/sm/tenant2217/uploads/20250513/v2hCwxTV7CS7KPhgf9zMmA4uoXq7LJNm/y0egw-1747144035882.jpg
2025-06-29 11:20:16 | INFO     | Row 10: ✓ Saved MLX3965.jpg
2025-06-29 11:20:16 | INFO     | Row 11: Downloading 60-AM-1E from https://media.cargosnap.net/thumbnails/sm/tenant1560/uploads/20250513/94apz7xCVpCIuZKugcHDXK45i5AbGIhi/kfd50h-1747144071772.jpg
2025-06-29 11:20:16 | INFO     | Row 11: ✓ Saved 60-AM-1E.jpg
2025-06-29 11:20:16 | INFO     | Row 12: Downloading AAL05I2 from https://media.cargosnap.net/thumbnails/sm/tenant1830/uploads/20250513/0bZNFaRegcJwOmMFOe5nsUSafn5VDknt/lf22vk-1747144052115.jpg
2025-06-29 11:20:17 | INFO     | Row 12: ✓ Saved AAL05I2.jpg
2025-06-29 11:20:17 | INFO     | Row 13: Downloading RLX2119 from https://media.cargosnap.net/thumbnails/sm/tenant2217/uploads/20250513/Wi77C2UKR4vagkkdqGYn0mHyLgfsrkTN/aqb8vn-1747143940393.jpg
2025-06-29 11:20:17 | INFO     | Row 13: ✓ Saved RLX2119.jpg
2025-06-29 11:20:17 | INFO     | Row 14: Downloading IMLD1343 from https://media.cargosnap.net/thumbnails/sm/tenant2217/uploads/20250513/Ui4D7pPjThMD4BcUY3eTkKvQ4vr1Q4tm/mk9qu-1747144171864.jpg
2025-06-29 11:20:17 | INFO     | Row 14: ✓ Saved IMLD1343.jpg
2025-06-29 11:20:17 | INFO     | Row 15: Downloading CD727DF from https://media.cargosnap.net/thumbnails/sm/tenant2/uploads/20250513/907InGoYArQiiXn2gXRLhlIPAKjRIbQO/lfiovh-1747144251628.jpg
2025-06-29 11:20:18 | INFO     | Row 15: ✓ Saved CD727DF.jpg
2025-06-29 11:20:18 | INFO     | Row 16: Downloading XA_928BM from https://media.cargosnap.net/thumbnails/sm/tenant2/uploads/20250513/xNw3saCT1j8Tm7fgTpktxLiep73noySY/6fpie-1747144278923.jpg
2025-06-29 11:20:18 | INFO     | Row 16: ✓ Saved XA_928BM.jpg
2025-06-29 11:20:18 | INFO     | Row 17: Downloading MMM3977 from https://media.cargosnap.net/thumbnails/sm/tenant2217/uploads/20250513/VRBDTslGV9anv2mspn5px2wSwVztoN5h/0z03vh-1747144076005.jpg
2025-06-29 11:20:18 | INFO     | Row 17: ✓ Saved MMM3977.jpg
2025-06-29 11:20:18 | INFO     | Row 18: Downloading CT553EMC from https://media.cargosnap.net/thumbnails/sm/tenant2217/uploads/20250513/Hu1yhCW5cOcoiDFKaEdBrBn67jngYlaw/ca0xp-1747144296118.jpg
2025-06-29 11:20:19 | INFO     | Row 18: ✓ Saved CT553EMC.jpg
2025-06-29 11:20:19 | INFO     | Row 19: Downloading FH6954A from https://media.cargosnap.net/thumbnails/sm/tenant1560/uploads/20250513/WozSlyZokEcMgCWrpxv6LQPc8E9N4bZ6/7vw44-1747144305899.jpg
2025-06-29 11:20:19 | INFO     | Row 19: ✓ Saved FH6954A.jpg
2025-06-29 11:20:19 | INFO     | Row 20: Downloading OS21GS from https://media.cargosnap.net/thumbnails/sm/tenant3555/uploads/20250513/577SUlDgvFZVlGEe8HZE6N1hfUC3l0Ql/ilzdhh-1747144376714.jpg
2025-06-29 11:20:19 | INFO     | Row 20: ✓ Saved OS21GS.jpg
2025-06-29 11:20:20 | INFO     | Row 21: Downloading 81BXV1 from https://media.cargosnap.net/thumbnails/sm/tenant1098/uploads/20250513/MfF1jkWdPL4JMIzotMooC2NGXCVekIky/xwpho6-1747144454089.jpg
2025-06-29 11:20:20 | INFO     | Row 21: ✓ Saved 81BXV1.jpg
2025-06-29 11:20:20 | INFO     | Row 22: Downloading HC9931F from https://media.cargosnap.net/thumbnails/sm/tenant1560/uploads/20250513/oFljhl82TmFBd8QaWxlQ6qMxWRKseUyi/b7c76s-1747144506349.jpg
2025-06-29 11:20:20 | INFO     | Row 22: ✓ Saved HC9931F.jpg
2025-06-29 11:20:20 | INFO     | Row 23: Downloading MMP1339 from https://media.cargosnap.net/thumbnails/sm/tenant2217/uploads/20250513/U6QGElu1YHgeoTkpR1DPAT0gJtMxr2H4/12kccj-1747144709199.jpg
2025-06-29 11:20:21 | INFO     | Row 23: ✓ Saved MMP1339.jpg
2025-06-29 11:20:21 | INFO     | Row 24: Downloading 58BC1S from https://media.cargosnap.net/thumbnails/sm/tenant1560/uploads/20250513/4xkMWsBHU1quuQawsEfz8M1dRyG13iL9/ndntv-1747145083392.jpg
2025-06-29 11:20:21 | INFO     | Row 24: ✓ Saved 58BC1S.jpg
2025-06-29 11:20:21 | INFO     | Row 25: Downloading 721GZAAE from https://media.cargosnap.net/thumbnails/sm/tenant2217/uploads/20250513/oLUFAy3bCIfjVjjoWtiUKQukw9BMy7Sa/cw4qpd-1747145084336.jpg
2025-06-29 11:20:21 | INFO     | Row 25: ✓ Saved 721GZAAE.jpg
2025-06-29 11:20:21 | INFO     | Row 26: Downloading MLD2C80 from https://media.cargosnap.net/thumbnails/sm/tenant3905/uploads/20250513/viVvz8TdBHGbuqH5OkocgHz1YGr6ZREn/vluqdf-1747145088251.jpg
2025-06-29 11:20:22 | INFO     | Row 26: ✓ Saved MLD2C80.jpg
2025-06-29 11:20:22 | INFO     | Row 27: Downloading AAQ101MC from https://media.cargosnap.net/thumbnails/sm/tenant2217/uploads/20250513/24ibBSyy62W1N3a8pYEysFJJop3whshc/p24klg-1747145634018.jpg
2025-06-29 11:20:22 | INFO     | Row 27: ✓ Saved AAQ101MC.jpg
2025-06-29 11:20:22 | INFO     | Row 28: Downloading FN660EME from https://media.cargosnap.net/thumbnails/sm/tenant2217/uploads/20250513/YA9bCawmhOAGISzjug6HsI2tpdrq316i/wufplg-1747145768222.jpg
2025-06-29 11:20:22 | INFO     | Row 28: ✓ Saved FN660EME.jpg
2025-06-29 11:20:23 | INFO     | Row 29: Downloading Q012G92 from https://media.cargosnap.net/thumbnails/sm/tenant3905/uploads/20250513/thHMsFpd6ZTKDG7FnAaHorAJ7lLFR2eW/y523wr-1747145784689.jpg
2025-06-29 11:20:23 | INFO     | Row 29: ✓ Saved Q012G92.jpg
2025-06-29 11:20:23 | INFO     | Row 30: Downloading MGB0621 from https://media.cargosnap.net/thumbnails/sm/tenant2217/uploads/20250513/01SDkruMrV29SPxonWv0DT69BIADdfbi/pn462-1747145908738.jpg
2025-06-29 11:20:23 | INFO     | Row 30: ✓ Saved MGB0621.jpg
2025-06-29 11:20:23 | INFO     | Row 31: Downloading MLO9367 from https://media.cargosnap.net/thumbnails/sm/tenant2217/uploads/20250513/phWXWHngAfRh53FTxLNcwJk9qqFyOUXf/v285nm-1747145803222.jpg
2025-06-29 11:20:24 | INFO     | Row 31: ✓ Saved MLO9367.jpg
2025-06-29 11:20:24 | INFO     | Row 32: Downloading JK916EMC from https://media.cargosnap.net/thumbnails/sm/tenant2217/uploads/20250513/5wWFcZ9tjGXg2H79pJxXC3k4mrZtwrla/q2ey7g-1747146204412.jpg
2025-06-29 11:20:24 | INFO     | Row 32: ✓ Saved JK916EMC.jpg
2025-06-29 11:20:24 | INFO     | Row 33: Downloading OS20GS from https://media.cargosnap.net/thumbnails/sm/tenant3555/uploads/20250513/E0NXrWzQ3jVypXrOwm6HhbLngssZ9qGF/zteile-1747146214777.jpg
2025-06-29 11:20:24 | INFO     | Row 33: ✓ Saved OS20GS.jpg
2025-06-29 11:20:24 | INFO     | Row 34: Downloading 1584FNR from https://media.cargosnap.net/thumbnails/sm/tenant4053/uploads/20250513/oy9uu3OoetRSC96JvfKgWS1vBpoAmSMJ/04txil-1747146220803.jpg
2025-06-29 11:20:25 | INFO     | Row 34: ✓ Saved 1584FNR.jpg
2025-06-29 11:20:25 | INFO     | Row 35: Downloading AE748FF from https://media.cargosnap.net/thumbnails/sm/tenant1415/uploads/20250513/QgBEucPJXiR0yHmKUGyyz1GtLtiOLNEK/m9ahaa-1747146253221.jpg
2025-06-29 11:20:25 | INFO     | Row 35: ✓ Saved AE748FF.jpg
2025-06-29 11:20:25 | INFO     | Row 36: Downloading AD977UZ from https://media.cargosnap.net/thumbnails/sm/tenant1415/uploads/20250513/EMdgTKciNaX8bms4gvl8TWTcQ5YtjUwT/y7hd2n-1747146247288.jpg
2025-06-29 11:20:25 | INFO     | Row 36: ✓ Saved AD977UZ.jpg
2025-06-29 11:20:26 | INFO     | Row 37: Downloading FE431EMC from https://media.cargosnap.net/thumbnails/sm/tenant2217/uploads/20250513/UPenS0pOjaLjBY34ZpVFMyYRqwfsHETs/6rlfcm-1747146492867.jpg
2025-06-29 11:20:26 | INFO     | Row 37: ✓ Saved FE431EMC.jpg
2025-06-29 11:20:26 | INFO     | Row 38: Downloading 241-EV-3 from https://media.cargosnap.net/thumbnails/sm/tenant1560/uploads/20250513/ktfvZ9c47vkCf2Jk3r8T6bjTjWm7przu/2g3de9-1747146528228.jpg
2025-06-29 11:20:26 | INFO     | Row 38: ✓ Saved 241-EV-3.jpg
2025-06-29 11:20:26 | INFO     | Row 39: Downloading MBP1904 from https://media.cargosnap.net/thumbnails/sm/tenant2217/uploads/20250513/rO2oEcn0Yv8S5tuqzFsjfsPi16jU7uzy/bi6ca4-1747146723200.jpg
2025-06-29 11:20:26 | INFO     | Row 39: ✓ Saved MBP1904.jpg
2025-06-29 11:20:27 | INFO     | Row 40: Downloading MMP7283 from https://media.cargosnap.net/thumbnails/sm/tenant2217/uploads/20250513/Af5CtvnpvWLUfMbzLUuTES8kPM5uLSyW/3v6fj-1747146836636.jpg
2025-06-29 11:20:27 | INFO     | Row 40: ✓ Saved MMP7283.jpg
2025-06-29 11:20:27 | INFO     | Row 41: Downloading NWMAF719 from https://media.cargosnap.net/thumbnails/sm/tenant1868/uploads/20250513/Ht2ATxcYu2MN9LUpPRi10ECxWZuagxZC/6odcvf-1747146846394.jpg
2025-06-29 11:20:27 | INFO     | Row 41: ✓ Saved NWMAF719.jpg
2025-06-29 11:20:28 | INFO     | Row 42: Downloading FH5320A from https://media.cargosnap.net/thumbnails/sm/tenant1560/uploads/20250513/cKD0MJFNMD2dx1uOFRqmuLn2xv6OCIC4/jw897u-1747146960743.jpg
2025-06-29 11:20:28 | INFO     | Row 42: ✓ Saved FH5320A.jpg
2025-06-29 11:20:28 | INFO     | Row 43: Downloading AEA074MP from https://media.cargosnap.net/thumbnails/sm/tenant2217/uploads/20250513/os1FnFTlzaAxwE24FRHiMtRjK2MgWEZY/zrrxhe-1747146997007.jpg
2025-06-29 11:20:28 | INFO     | Row 43: ✓ Saved AEA074MP.jpg
2025-06-29 11:20:28 | INFO     | Row 44: Downloading FG0517A from https://media.cargosnap.net/thumbnails/sm/tenant1560/uploads/20250513/9qBLFjksLgUk4VWJ0d6akB1NEJzpCupz/150dkn-1747147001212.jpg
2025-06-29 11:20:29 | INFO     | Row 44: ✓ Saved FG0517A.jpg
2025-06-29 11:20:29 | INFO     | Row 45: Downloading KFY10I7 from https://media.cargosnap.net/thumbnails/sm/tenant1830/uploads/20250513/aSDx86rDgkxHiCCFiDzKuAkTJfyNbYl6/ldockk-1747146968348.jpg
2025-06-29 11:20:29 | INFO     | Row 45: ✓ Saved KFY10I7.jpg
2025-06-29 11:20:29 | INFO     | Row 46: Downloading JF64375 from https://media.cargosnap.net/thumbnails/sm/tenant1560/uploads/20250513/96wnyWyeqijxWaZgPHOamFXQnjAR4YLV/1dwck-1747147046241.jpg
2025-06-29 11:20:29 | INFO     | Row 46: ✓ Saved JF64375.jpg
2025-06-29 11:20:29 | INFO     | Row 47: Downloading OR96LZ from https://media.cargosnap.net/thumbnails/sm/tenant2971/uploads/20250513/u3ITdsEpmFhM3luqmBy33jIVnRZ1oZ8Q/oa4j1l-1747147071086.jpg
2025-06-29 11:20:30 | INFO     | Row 47: ✓ Saved OR96LZ.jpg
2025-06-29 11:20:30 | INFO     | Row 48: Downloading MLX1223 from https://media.cargosnap.net/thumbnails/sm/tenant2217/uploads/20250513/BxdQdRrs2tn0KrywESzHe9CTf9Q38Mot/h565m8-1747147244897.jpg
2025-06-29 11:20:30 | INFO     | Row 48: ✓ Saved MLX1223.jpg
2025-06-29 11:20:30 | INFO     | Row 49: Downloading O0056297 from https://media.cargosnap.net/thumbnails/sm/tenant3611/uploads/20250513/KVZFA1wljZskFVdiKsJQ8i2OU7SJDYIE/n3648u-1747147268159.jpg
2025-06-29 11:20:30 | INFO     | Row 49: ✓ Saved O0056297.jpg
2025-06-29 11:20:30 | INFO     | Row 50: Downloading SXIZF20 from https://media.cargosnap.net/thumbnails/sm/tenant3905/uploads/20250513/5FrKWOxOqTEdI6RscrVv0p6wFuJkIuc7/qcyhcr-1747147281941.jpg
2025-06-29 11:20:31 | INFO     | Row 50: ✓ Saved SXIZF20.jpg
2025-06-29 11:20:31 | INFO     | Progress: 50 downloaded, 0 failed
2025-06-29 11:20:31 | INFO     | Row 51: Downloading 0846KZF from https://media.cargosnap.net/thumbnails/sm/tenant3611/uploads/20250513/Eoz3eCXHjR4NnMXlAGjwgZpmNKxhOOWY/pcaku-1747147362553.jpg
2025-06-29 11:20:31 | INFO     | Row 51: ✓ Saved 0846KZF.jpg
2025-06-29 11:20:31 | INFO     | Row 52: Downloading 835MCAKH from https://media.cargosnap.net/thumbnails/sm/tenant2217/uploads/20250513/tq9unBvTah2Ec3EHmTDWgthyirAxyyix/dsiz27-1747147576511.jpg
2025-06-29 11:20:31 | INFO     | Row 52: ✓ Saved 835MCAKH.jpg
2025-06-29 11:20:31 | INFO     | Row 53: Downloading 556EP5 from https://media.cargosnap.net/thumbnails/sm/tenant1560/uploads/20250513/Mtqvb7UCgavYgjhXWGUOW5HiPb6mlIOv/9ksyqk-1747147602600.jpg
2025-06-29 11:20:32 | INFO     | Row 53: ✓ Saved 556EP5.jpg
2025-06-29 11:20:32 | INFO     | Row 54: Downloading AFZ506MP from https://media.cargosnap.net/thumbnails/sm/tenant2217/uploads/20250513/bM5RoBOejXrnjp8QYrswKBtPWMF8l2p1/12tnle-1747147760321.jpg
2025-06-29 11:20:32 | INFO     | Row 54: ✓ Saved AFZ506MP.jpg
2025-06-29 11:20:32 | INFO     | Row 56: Downloading MB6763 from https://media.cargosnap.net/thumbnails/sm/tenant2217/uploads/20250513/TYptP5RsK63q41ENEZhthuqSxwrn5f5k/nykht6-1747147886391.jpg
2025-06-29 11:20:32 | INFO     | Row 56: ✓ Saved MB6763.jpg
2025-06-29 11:20:33 | INFO     | Row 57: Downloading 08BK7D from https://media.cargosnap.net/thumbnails/sm/tenant1560/uploads/20250513/ohfYTTuwQsVCgWookuAjpbOhcxR3IKTv/4uadhd-1747147924557.jpg
2025-06-29 11:20:33 | INFO     | Row 57: ✓ Saved 08BK7D.jpg
2025-06-29 11:20:33 | INFO     | Row 58: Downloading MLO9646 from https://media.cargosnap.net/thumbnails/sm/tenant2217/uploads/20250513/xFBuhbNzQD59ADM1eWjsSfQutMoxrmjF/ikum4j-1747148006468.jpg
2025-06-29 11:20:33 | INFO     | Row 58: ✓ Saved MLO9646.jpg
2025-06-29 11:20:33 | INFO     | Row 59: Downloading BWT6616 from https://media.cargosnap.net/thumbnails/sm/tenant1830/uploads/20250513/Z6NxlD7FDyWUqyUt26mEgfuBnQTuKtfA/q4694w-1747148021249.jpg
2025-06-29 11:20:33 | INFO     | Row 59: ✓ Saved BWT6616.jpg
2025-06-29 11:20:34 | INFO     | Row 60: Downloading AAY248SF from https://media.cargosnap.net/thumbnails/sm/tenant2217/uploads/20250513/9Zom8Ka1p6wGFPQ2PNuIBkwyOiYtTjP4/hprge-1747148152200.jpg
2025-06-29 11:20:34 | INFO     | Row 60: ✓ Saved AAY248SF.jpg
2025-06-29 11:20:34 | INFO     | Row 61: Downloading AEP506MC from https://media.cargosnap.net/thumbnails/sm/tenant2217/uploads/20250513/EoYjOSVAwRoLaTbgqsIL0FwAhEPQn8S6/ikcbc-1747148309928.jpg
2025-06-29 11:20:34 | INFO     | Row 61: ✓ Saved AEP506MC.jpg
2025-06-29 11:20:34 | INFO     | Row 62: Downloading AAJ080ME from https://media.cargosnap.net/thumbnails/sm/tenant2217/uploads/20250513/v1H5ztgAQ7nL4qAuTWtGWxwwqiLq8Byn/fe3sur-1747148523748.jpg
2025-06-29 11:20:34 | INFO     | Row 62: ✓ Saved AAJ080ME.jpg
2025-06-29 11:20:35 | INFO     | Row 63: Downloading WMSAF725 from https://media.cargosnap.net/thumbnails/sm/tenant1868/uploads/20250513/BeTcvAg7RJEyviWMqLKIhVH9AozY8QAc/zm34f3q-1747148570770.jpg
2025-06-29 11:20:35 | INFO     | Row 63: ✓ Saved WMSAF725.jpg
2025-06-29 11:20:35 | INFO     | Row 64: Downloading 86BZJ9 from https://media.cargosnap.net/thumbnails/sm/tenant3555/uploads/20250513/4BxQ6aebK8fnZ4smaJuzUXuIcoxXCw1G/kjz5ai-1747148689262.jpg
2025-06-29 11:20:35 | INFO     | Row 64: ✓ Saved 86BZJ9.jpg
2025-06-29 11:20:35 | INFO     | Row 65: Downloading MLX3412 from https://media.cargosnap.net/thumbnails/sm/tenant2217/uploads/20250513/PHyoOW3Nr7CmnOYqI19B3NVt6b7KySer/ubl4je-1747148740048.jpg
2025-06-29 11:20:35 | INFO     | Row 65: ✓ Saved MLX3412.jpg
2025-06-29 11:20:35 | INFO     | Row 66: Downloading AAX187SF from https://media.cargosnap.net/thumbnails/sm/tenant2217/uploads/20250513/ipayTOuWWNnQwgpSeBMOgs5s2LYFtjxK/0nd4yo-1747149667452.jpg
2025-06-29 11:20:36 | INFO     | Row 66: ✓ Saved AAX187SF.jpg
2025-06-29 11:20:36 | INFO     | Row 67: Downloading FH-85-599 from https://media.cargosnap.net/thumbnails/sm/tenant1560/uploads/20250513/QYCWLC60tibt5zkiaDQyICk3hOaXvywX/wd8317-1747149919948.jpg
2025-06-29 11:20:36 | INFO     | Row 67: ✓ Saved FH-85-599.jpg
2025-06-29 11:20:36 | INFO     | Row 68: Downloading L203053 from https://media.cargosnap.net/thumbnails/sm/tenant2971/uploads/20250513/9OuWSGrleDfYAUg3VsOwm8MSRBRXi8RM/74i28c-1747149967018.jpg
2025-06-29 11:20:36 | INFO     | Row 68: ✓ Saved L203053.jpg
2025-06-29 11:20:36 | INFO     | Row 69: Downloading FJFJ39 from https://media.cargosnap.net/thumbnails/sm/tenant1415/uploads/20250513/chY2x63jwksQbC2zDBsH1UCvqxKcXCL3/9elxx-1747150140945.jpg
2025-06-29 11:20:37 | INFO     | Row 69: ✓ Saved FJFJ39.jpg
2025-06-29 11:20:37 | INFO     | Row 70: Downloading LB-77-485 from https://media.cargosnap.net/thumbnails/sm/tenant1560/uploads/20250513/ZeV4FNLPcPicZ0NuB7Z3Mc23jyRbDcCz/5o7d5q-1747150249725.jpg
2025-06-29 11:20:37 | INFO     | Row 70: ✓ Saved LB-77-485.jpg
2025-06-29 11:20:37 | INFO     | Row 71: Downloading PWTS68 from https://media.cargosnap.net/thumbnails/sm/tenant1415/uploads/20250513/TtXlGBueRTiA5WpwYFJWdb1ZALJuLms1/wkgc32-1747150278355.jpg
2025-06-29 11:20:37 | INFO     | Row 71: ✓ Saved PWTS68.jpg
2025-06-29 11:20:37 | INFO     | Row 72: Downloading 74AU7W from https://media.cargosnap.net/thumbnails/sm/tenant1560/uploads/20250513/nDBhFqkcDuOcPWdMfmggeErNglnPSxa9/4dbmur-1747150690657.jpg
2025-06-29 11:20:38 | INFO     | Row 72: ✓ Saved 74AU7W.jpg
2025-06-29 11:20:38 | INFO     | Row 73: Downloading 291EV3 from https://media.cargosnap.net/thumbnails/sm/tenant1560/uploads/20250513/qYyEZyITw9oRD62Q5mN0nfhN5WllnVUQ/jinvqt-1747150972921.jpg
2025-06-29 11:20:38 | INFO     | Row 73: ✓ Saved 291EV3.jpg
2025-06-29 11:20:38 | INFO     | Row 74: Downloading 07AUN6 from https://media.cargosnap.net/thumbnails/sm/tenant1639/uploads/20250513/WJDnZkuBNUSb59nW4LFY30bbekosUIhc/gpkphh-1747151033358.jpg
2025-06-29 11:20:38 | INFO     | Row 74: ✓ Saved 07AUN6.jpg
2025-06-29 11:20:38 | INFO     | Row 75: Downloading 626EW2 from https://media.cargosnap.net/thumbnails/sm/tenant1560/uploads/20250513/2xxo5gCxP6Cgu6aaxNoYEPq5LOmxnyu7/60eqyv-1747151075009.jpg
2025-06-29 11:20:39 | INFO     | Row 75: ✓ Saved 626EW2.jpg
2025-06-29 11:20:39 | INFO     | Row 76: Downloading BPGY44 from https://media.cargosnap.net/thumbnails/sm/tenant1415/uploads/20250513/vTq09buaeN6OUuk7dBgXduzN1vG1MLvW/qa5mk-1747152521746.jpg
2025-06-29 11:20:39 | INFO     | Row 76: ✓ Saved BPGY44.jpg
2025-06-29 11:20:39 | INFO     | Row 77: Downloading JL2850 from https://media.cargosnap.net/thumbnails/sm/tenant1415/uploads/20250513/obSgE0lqPlArO0D3ZEkFv1jXF84b1IOl/lbcrr-1747152569752.jpg
2025-06-29 11:20:39 | INFO     | Row 77: ✓ Saved JL2850.jpg
2025-06-29 11:20:39 | INFO     | Row 78: Downloading 02AZ2G from https://media.cargosnap.net/thumbnails/sm/tenant1560/uploads/20250513/iKxLagM1fAOolnGqa1nWG9eIXVFl5qGd/u1v9fc-1747152883711.jpg
2025-06-29 11:20:40 | INFO     | Row 78: ✓ Saved 02AZ2G.jpg
2025-06-29 11:20:40 | INFO     | Row 79: Downloading ACT002MC from https://media.cargosnap.net/thumbnails/sm/tenant2217/uploads/20250513/qTVSIv8HbI3p9fcQav7LkQoIa9TanMFf/65b4kk-1747153212125.jpg
2025-06-29 11:20:40 | INFO     | Row 79: ✓ Saved ACT002MC.jpg
2025-06-29 11:20:40 | INFO     | Row 80: Downloading MMB-67-63 from https://media.cargosnap.net/thumbnails/sm/tenant2217/uploads/20250513/8I4qJud4ohnM0LmQYu3AvoYVS2l11Mxt/xoahsb-1747153466454.jpg
2025-06-29 11:20:40 | INFO     | Row 80: ✓ Saved MMB-67-63.jpg
2025-06-29 11:20:40 | INFO     | Row 82: Downloading 755EP6 from https://media.cargosnap.net/thumbnails/sm/tenant1560/uploads/20250513/iVEOaAmT7BWrRfN5tkOs8xM1skEz54OC/5pkd8-1747153517621.jpg
2025-06-29 11:20:41 | INFO     | Row 82: ✓ Saved 755EP6.jpg
2025-06-29 11:20:41 | INFO     | Row 83: Downloading AKL016MC from https://media.cargosnap.net/thumbnails/sm/tenant2217/uploads/20250513/KNtq0t9pxz6wfwNA3pWFRXruUqKnOnC3/sxtqa9-1747153534606.jpg
2025-06-29 11:20:41 | INFO     | Row 83: ✓ Saved AKL016MC.jpg
2025-06-29 11:20:41 | INFO     | Row 84: Downloading QJK6305 from https://media.cargosnap.net/thumbnails/sm/tenant3905/uploads/20250513/jc2BkTzrMQRirmhAAMhEyNUcjT34AfzR/g73w2t-1747153732845.jpg
2025-06-29 11:20:42 | INFO     | Row 84: ✓ Saved QJK6305.jpg
2025-06-29 11:20:42 | INFO     | Row 85: Downloading 78BB3F from https://media.cargosnap.net/thumbnails/sm/tenant1560/uploads/20250513/oQjdgUlCvFV7C0bSuuqksoduf0QoKwgh/96a7u7-1747153784949.jpg
2025-06-29 11:20:43 | INFO     | Row 85: ✓ Saved 78BB3F.jpg
2025-06-29 11:20:43 | INFO     | Row 86: Downloading MBT7630 from https://media.cargosnap.net/thumbnails/sm/tenant1830/uploads/20250513/16u0w87OH4CDTKWyuqp1erPEMp1t5j3g/7e09y-1747153965446.jpg
2025-06-29 11:20:43 | INFO     | Row 86: ✓ Saved MBT7630.jpg
2025-06-29 11:20:43 | INFO     | Row 88: Downloading FG7387A from https://media.cargosnap.net/thumbnails/sm/tenant1560/uploads/20250513/BFYscnxZk9yd3I9quLNxinqYGDlTokIX/ym157b-1747154233848.jpg
2025-06-29 11:20:43 | INFO     | Row 88: ✓ Saved FG7387A.jpg
2025-06-29 11:20:43 | INFO     | Row 89: Downloading P103280 from https://media.cargosnap.net/thumbnails/sm/tenant2971/uploads/20250513/VYd97MXiFfTcXH35HsLKN914OHHYB0h2/6oyvp-1747154434076.jpg
2025-06-29 11:20:44 | INFO     | Row 89: ✓ Saved P103280.jpg
2025-06-29 11:20:44 | INFO     | Row 90: Downloading ACO-948-MP from https://media.cargosnap.net/thumbnails/sm/tenant2217/uploads/20250513/GwqGR9BI4zsHs8GYqv4qsgauBWtCOpbR/ke39t8-1743459337574.jpg
2025-06-29 11:20:44 | INFO     | Row 90: ✓ Saved ACO-948-MP.jpg
2025-06-29 11:20:45 | INFO     | Row 91: Downloading RDVCH20 from https://media.cargosnap.net/thumbnails/sm/tenant3905/uploads/20250513/Je8fQTXoDVx4pSmMgceLWjFpUsXEp4To/de380q-1747154959933.jpg
2025-06-29 11:20:45 | INFO     | Row 91: ✓ Saved RDVCH20.jpg
2025-06-29 11:20:45 | INFO     | Row 92: Downloading 98BA5K from https://media.cargosnap.net/thumbnails/sm/tenant1560/uploads/20250513/lymBau01EKImv5YWBg4hIc8Dtz0mLWaf/rqpnwo-1747155221418.jpg
2025-06-29 11:20:45 | INFO     | Row 92: ✓ Saved 98BA5K.jpg
2025-06-29 11:20:45 | INFO     | Row 93: Downloading GCWH10 from https://media.cargosnap.net/thumbnails/sm/tenant1415/uploads/20250513/ZNT97UzZDsjZclyw3keRFoohe5ekWwye/ca2lnk-1747155354507.jpg
2025-06-29 11:20:45 | INFO     | Row 93: ✓ Saved GCWH10.jpg
2025-06-29 11:20:45 | INFO     | Row 94: Downloading JH6644 from https://media.cargosnap.net/thumbnails/sm/tenant1415/uploads/20250513/KwOcCmEhOPGESPiFWPoWFVQJlpALFAEN/dnx02s-1747155369962.jpg
2025-06-29 11:20:46 | INFO     | Row 94: ✓ Saved JH6644.jpg
2025-06-29 11:20:46 | INFO     | Row 95: Downloading LFCZ37 from https://media.cargosnap.net/thumbnails/sm/tenant1415/uploads/20250513/CtSszIsEJVHTYmMSyLcJ4BXpHt2URlSw/9z214x-1747155801070.jpg
2025-06-29 11:20:46 | INFO     | Row 95: ✓ Saved LFCZ37.jpg
2025-06-29 11:20:46 | INFO     | Row 96: Downloading JG2215 from https://media.cargosnap.net/thumbnails/sm/tenant1415/uploads/20250513/UC7l6YhXA5zD7ooJSAMi08eQO82gRYF9/zyxcod-1747155810167.jpg
2025-06-29 11:20:46 | INFO     | Row 96: ✓ Saved JG2215.jpg
2025-06-29 11:20:46 | INFO     | Row 97: Downloading ENZ1042 from https://media.cargosnap.net/thumbnails/sm/tenant3905/uploads/20250513/rMlvK3ME8AnQ3zzaujVOc7tkC5HxUhks/sxsu4p-1747156084294.jpg
2025-06-29 11:20:47 | INFO     | Row 97: ✓ Saved ENZ1042.jpg
2025-06-29 11:20:47 | INFO     | Row 98: Downloading LZD6H20 from https://media.cargosnap.net/thumbnails/sm/tenant3647/uploads/20250513/Puhx1PrLnxiMul4AZ2UPbLeUMfVQfM8g/k6pih-1747156558847.jpg
2025-06-29 11:20:47 | INFO     | Row 98: ✓ Saved LZD6H20.jpg
2025-06-29 11:20:47 | INFO     | Row 99: Downloading MEI4D62 from https://media.cargosnap.net/thumbnails/sm/tenant3647/uploads/20250513/BEgvoLmaVlyH8oCcl6WiL5wFpjRKNEnX/jgup2-1747156581919.jpg
2025-06-29 11:20:47 | INFO     | Row 99: ✓ Saved MEI4D62.jpg
2025-06-29 11:20:47 | INFO     | Row 102: Downloading AFW6E97 from https://media.cargosnap.net/thumbnails/sm/tenant3905/uploads/20250513/rupOxMNq86KgNbN6TvaLBoFvg5v7C9Pw/lxloy-1747157138813.jpg
2025-06-29 11:20:48 | INFO     | Row 102: ✓ Saved AFW6E97.jpg
2025-06-29 11:20:48 | INFO     | Row 103: Downloading VI-12190 from https://media.cargosnap.net/thumbnails/sm/tenant2971/uploads/20250513/lQWBe7Q6ryrounoPGpH2FASfesABhfhS/nyj5i6-1747157624872.jpg
2025-06-29 11:20:48 | INFO     | Row 103: ✓ Saved VI-12190.jpg
2025-06-29 11:20:48 | INFO     | Row 104: Downloading 74BG4B from https://media.cargosnap.net/thumbnails/sm/tenant1560/uploads/20250513/X0ZN4BcHlCiQHJeuuttWF6KvoG8qzFTR/0ii79r-1747157864922.jpg
2025-06-29 11:20:48 | INFO     | Row 104: ✓ Saved 74BG4B.jpg
2025-06-29 11:20:48 | INFO     | Row 105: Downloading ABPOJ21 from https://media.cargosnap.net/thumbnails/sm/tenant3647/uploads/20250513/XPa4XsB34i82zrCNS3cpEbRzIUFAeo4B/09098m-1747158739596.jpg
2025-06-29 11:20:49 | INFO     | Row 105: ✓ Saved ABPOJ21.jpg
2025-06-29 11:20:49 | INFO     | Progress: 100 downloaded, 0 failed
2025-06-29 11:20:49 | INFO     | Row 107: Downloading AAY499SF from https://media.cargosnap.net/thumbnails/sm/tenant2217/uploads/20250513/0xk2bUNtunV8ZvPjdh2btcNrCO8ePILS/rsf6g9-1747159240067.jpg
2025-06-29 11:20:49 | INFO     | Row 107: ✓ Saved AAY499SF.jpg
2025-06-29 11:20:49 | INFO     | Row 108: Downloading ARP4A55 from https://media.cargosnap.net/thumbnails/sm/tenant3905/uploads/20250513/x3zm9t3Y2YE5BHz8e1hQlELXpXAIot4A/17tkwa-1747159009442.jpg
2025-06-29 11:20:49 | INFO     | Row 108: ✓ Saved ARP4A55.jpg
2025-06-29 11:20:49 | INFO     | Row 109: Downloading AUP7452 from https://media.cargosnap.net/thumbnails/sm/tenant1673/uploads/20250513/dAqm04IIox0Yd2PTvNaUebm3VZj9Fyj5/wy9s7j-1747163587224.jpg
2025-06-29 11:20:50 | INFO     | Row 109: ✓ Saved AUP7452.jpg
2025-06-29 11:20:50 | INFO     | Row 110: Downloading DVS24B4 from https://media.cargosnap.net/thumbnails/sm/tenant1673/uploads/20250513/TBZw3Y02zQQbwY6zAqtf54ZX9LFso2uu/ys0ss7-1747163598761.jpg
2025-06-29 11:20:50 | INFO     | Row 110: ✓ Saved DVS24B4.jpg
2025-06-29 11:20:50 | INFO     | Row 111: Downloading IEG68EMC from https://media.cargosnap.net/thumbnails/sm/tenant2217/uploads/20250513/RA2WpHEIRvySaM7xmvPMgQUXlwp5cDBu/j5waml-1747160106771.jpg
2025-06-29 11:20:50 | INFO     | Row 111: ✓ Saved IEG68EMC.jpg
2025-06-29 11:20:50 | INFO     | Row 112: Downloading HSU4369 from https://media.cargosnap.net/thumbnails/sm/tenant1673/uploads/20250513/cICe1E9kVcX5jGKC5n5YbPWERLWlUXpF/8mbfcj-1747164162955.jpg
2025-06-29 11:20:51 | INFO     | Row 112: ✓ Saved HSU4369.jpg
2025-06-29 11:20:51 | INFO     | Row 113: Downloading ESU7J50 from https://media.cargosnap.net/thumbnails/sm/tenant1673/uploads/20250513/p7UCFn2frfQ6eZAx1hUKEg6AkUN257eq/8vuftg-1747164175851.jpg
2025-06-29 11:20:51 | INFO     | Row 113: ✓ Saved ESU7J50.jpg
2025-06-29 11:20:51 | INFO     | Row 114: Downloading QZY5J40 from https://media.cargosnap.net/thumbnails/sm/tenant1830/uploads/20250513/ra2BoaegAgHhZ2nUbFmFiNRPcf5laq7B/iubrst-1747160616276.jpg
2025-06-29 11:20:51 | INFO     | Row 114: ✓ Saved QZY5J40.jpg
2025-06-29 11:20:51 | INFO     | Row 115: Downloading HFK4948 from https://media.cargosnap.net/thumbnails/sm/tenant1673/uploads/20250513/d1X0F9Gioi6cjAqUHNTYxVzSsND40st7/d309kp-1747160695861.jpg
2025-06-29 11:20:52 | INFO     | Row 115: ✓ Saved HFK4948.jpg
2025-06-29 11:20:52 | INFO     | Row 116: Downloading CXA3J19 from https://media.cargosnap.net/thumbnails/sm/tenant1673/uploads/20250513/hdTmsG7IFYLZUjiFZ9VWaaqOQMIV3YYN/h7jx2w-1747160707169.jpg
2025-06-29 11:20:52 | INFO     | Row 116: ✓ Saved CXA3J19.jpg
2025-06-29 11:20:52 | INFO     | Row 117: Downloading DPC5328 from https://media.cargosnap.net/thumbnails/sm/tenant1673/uploads/20250513/WlRIO4BjFZwGi0ObCi3ZFwkn6PW8v7fv/y6ima-1747164557361.jpg
2025-06-29 11:20:52 | INFO     | Row 117: ✓ Saved DPC5328.jpg
2025-06-29 11:20:52 | INFO     | Row 118: Downloading BRASIL from https://media.cargosnap.net/thumbnails/sm/tenant1673/uploads/20250513/if18TxI7P9VmUxf0cixyCHRvEzBYHlMS/p4gzlu-1747164574817.jpg
2025-06-29 11:20:53 | INFO     | Row 118: ✓ Saved BRASIL.jpg
2025-06-29 11:20:53 | INFO     | Row 119: Downloading MLX5449 from https://media.cargosnap.net/thumbnails/sm/tenant2217/uploads/20250513/SKBJmGuY5VUTkBP7EXKmEIr1rUg0WxRg/u8v43-1747161108939.jpg
2025-06-29 11:20:53 | INFO     | Row 119: ✓ Saved MLX5449.jpg
2025-06-29 11:20:53 | INFO     | Row 120: Downloading L-184822 from https://media.cargosnap.net/thumbnails/sm/tenant2971/uploads/20250513/PCNVAS68fyc8DSZtaGIah0hVPLKr4cNa/7m2wl-1747161583308.jpg
2025-06-29 11:20:53 | INFO     | Row 120: ✓ Saved L-184822.jpg
2025-06-29 11:20:54 | INFO     | Row 121: Downloading CPI3B70 from https://media.cargosnap.net/thumbnails/sm/tenant1673/uploads/20250513/eCOjPZoxikdIzpR53yW0BS7OZqRHSNTD/jff4s7-1747164971078.jpg
2025-06-29 11:20:54 | INFO     | Row 121: ✓ Saved CPI3B70.jpg
2025-06-29 11:20:54 | INFO     | Row 122: Downloading BXG9643 from https://media.cargosnap.net/thumbnails/sm/tenant1673/uploads/20250513/MxvGDzwge3BkIqTRXcJ5OP0AHvrtXloT/23cy9p-1747164958047.jpg
2025-06-29 11:20:54 | INFO     | Row 122: ✓ Saved BXG9643.jpg
2025-06-29 11:20:54 | INFO     | Row 123: Downloading EJW6694 from https://media.cargosnap.net/thumbnails/sm/tenant1673/uploads/20250513/yQXqSNFXwDtoHMzmXpxVmB9rp0maavjW/771fh-1747165511782.jpg
2025-06-29 11:20:54 | INFO     | Row 123: ✓ Saved EJW6694.jpg
2025-06-29 11:20:54 | INFO     | Row 124: Downloading CFYO6B59 from https://media.cargosnap.net/thumbnails/sm/tenant1673/uploads/20250513/gNTTEnSJooxKQdoP1BdjjxIcWUTJ0KaE/jfbqeb-1747165524345.jpg
2025-06-29 11:20:55 | INFO     | Row 124: ✓ Saved CFYO6B59.jpg
2025-06-29 11:20:55 | INFO     | Row 125: Downloading SX03G99 from https://media.cargosnap.net/thumbnails/sm/tenant3905/uploads/20250513/qJZ2vbRrRbI9ns1kSyYtVeSflN2ICAoT/1frf69-1747162155780.jpg
2025-06-29 11:20:55 | INFO     | Row 125: ✓ Saved SX03G99.jpg
2025-06-29 11:20:55 | INFO     | Row 126: Downloading ESU9720 from https://media.cargosnap.net/thumbnails/sm/tenant1673/uploads/20250513/JyMVPm3jleapgSTscXHlaOA1tpuW8EVC/4w7o4-1747166055263.jpg
2025-06-29 11:20:55 | INFO     | Row 126: ✓ Saved ESU9720.jpg
2025-06-29 11:20:55 | INFO     | Row 127: Downloading BSFG448 from https://media.cargosnap.net/thumbnails/sm/tenant1673/uploads/20250513/6u3Tq0htIYUXvEjJPkaM68XBsmxIQu2p/z7s4k-1747166069821.jpg
2025-06-29 11:20:56 | INFO     | Row 127: ✓ Saved BSFG448.jpg
2025-06-29 11:20:56 | INFO     | Row 128: Downloading PDU8A94 from https://media.cargosnap.net/thumbnails/sm/tenant3905/uploads/20250513/Zr7aOWs2GD7zpIqHR24Jw3QRc0angpaF/89ogh-1747162951750.jpg
2025-06-29 11:20:56 | INFO     | Row 128: ✓ Saved PDU8A94.jpg
2025-06-29 11:20:56 | INFO     | Row 129: Downloading RYR1D35 from https://media.cargosnap.net/thumbnails/sm/tenant3647/uploads/20250513/HymftKQn01lbtEnPxhvBFcyjmg5MGLaN/kjqxjg-1747163052926.jpg
2025-06-29 11:20:56 | INFO     | Row 129: ✓ Saved RYR1D35.jpg
2025-06-29 11:20:56 | INFO     | Row 131: Downloading FK965EMP from https://media.cargosnap.net/thumbnails/sm/tenant2217/uploads/20250513/dEpPwTnoxq2jvecql3nlteNT1blm6e9N/7cz0tw-1747163194454.jpg
2025-06-29 11:20:57 | INFO     | Row 131: ✓ Saved FK965EMP.jpg
2025-06-29 11:20:57 | INFO     | Row 132: Downloading PHK9581 from https://media.cargosnap.net/thumbnails/sm/tenant1830/uploads/20250513/UhEE1HBIEhZkYRhoNaf2x4WmFnVsnnWb/qrm5wl-1747163374003.jpg
2025-06-29 11:20:57 | INFO     | Row 132: ✓ Saved PHK9581.jpg
2025-06-29 11:20:57 | INFO     | Row 133: Downloading MMM6242 from https://media.cargosnap.net/thumbnails/sm/tenant2217/uploads/20250513/ZPSYMxBAe6HtO2QYvhYJEZioWu3Oby6H/526pq-1747163375999.jpg
2025-06-29 11:20:57 | INFO     | Row 133: ✓ Saved MMM6242.jpg
2025-06-29 11:20:57 | INFO     | Row 134: Downloading FY593EMC from https://media.cargosnap.net/thumbnails/sm/tenant2217/uploads/20250513/WJvYtoZTRfz4Tx8ySUVSlX3YEU4fb6NF/al4glq-1747163560305.jpg
2025-06-29 11:20:58 | INFO     | Row 134: ✓ Saved FY593EMC.jpg
2025-06-29 11:20:58 | INFO     | Row 135: Downloading AKZ024MC from https://media.cargosnap.net/thumbnails/sm/tenant2217/uploads/20250513/wkQTprh0HOykkGBSDHGeb28XFBAijQ33/cov7wk-1747163845373.jpg
2025-06-29 11:20:58 | INFO     | Row 135: ✓ Saved AKZ024MC.jpg
2025-06-29 11:20:58 | INFO     | Row 136: Downloading MMP7588 from https://media.cargosnap.net/thumbnails/sm/tenant2217/uploads/20250513/SYD0vZj3efzCOPvaueeRT0tyUKPFbpKO/jznr-1747163842377.jpg
2025-06-29 11:20:59 | INFO     | Row 136: ✓ Saved MMP7588.jpg
2025-06-29 11:20:59 | INFO     | Row 137: Downloading JXB0131 from https://media.cargosnap.net/thumbnails/sm/tenant1830/uploads/20250513/jSqw5WkbgKPAFDLD3Yfiwhuz5Mpdb65x/r16t1-1747164189597.jpg
2025-06-29 11:20:59 | INFO     | Row 137: ✓ Saved JXB0131.jpg
2025-06-29 11:20:59 | INFO     | Row 138: Downloading AEV1421 from https://media.cargosnap.net/thumbnails/sm/tenant3905/uploads/20250513/1X4F10bbxatwJrtLIu5setFfwVbi2y5G/apwa7c-1747164741468.jpg
2025-06-29 11:20:59 | INFO     | Row 138: ✓ Saved AEV1421.jpg
2025-06-29 11:20:59 | INFO     | Row 139: Downloading ABU761MC from https://media.cargosnap.net/thumbnails/sm/tenant2217/uploads/20250513/Mz93zWFtnNQSVXdx5ZXqTiVNoQGtnwqr/d9lw1-1747164139208.jpg
2025-06-29 11:21:00 | INFO     | Row 139: ✓ Saved ABU761MC.jpg
2025-06-29 11:21:00 | INFO     | Row 140: Downloading CZB7459 from https://media.cargosnap.net/thumbnails/sm/tenant1830/uploads/20250513/ZqfSFbxHExwu6XYtmgecdxMs2fbxKUHN/hefk2c-1747164987417.jpg
2025-06-29 11:21:00 | INFO     | Row 140: ✓ Saved CZB7459.jpg
2025-06-29 11:21:00 | INFO     | Row 141: Downloading VI14988 from https://media.cargosnap.net/thumbnails/sm/tenant2971/uploads/20250513/m3iOXdEcIQ6jmx8RdvX9VCk8DEYK2FOe/fhhgd2-1747165056558.jpg
2025-06-29 11:21:00 | INFO     | Row 141: ✓ Saved VI14988.jpg
2025-06-29 11:21:01 | INFO     | Row 142: Downloading MMM1270 from https://media.cargosnap.net/thumbnails/sm/tenant2217/uploads/20250513/PDQQDAx8FRpAT87Nw8INxElDYbXLfT4T/a367n-1747164625246.jpg
2025-06-29 11:21:01 | INFO     | Row 142: ✓ Saved MMM1270.jpg
2025-06-29 11:21:01 | INFO     | Row 143: Downloading AAJ687MC from https://media.cargosnap.net/thumbnails/sm/tenant2217/uploads/20250513/lnxpiISWJICQmOPDPK33YCdjrioRWIm9/niah1c-1747166238223.jpg
2025-06-29 11:21:01 | INFO     | Row 143: ✓ Saved AAJ687MC.jpg
2025-06-29 11:21:01 | INFO     | Row 144: Downloading MMP2749 from https://media.cargosnap.net/thumbnails/sm/tenant2217/uploads/20250513/RwTai00YDYhcHHt2miASRbn4hCP644Cw/55bxcca-1747166834993.jpg
2025-06-29 11:21:01 | INFO     | Row 144: ✓ Saved MMP2749.jpg
2025-06-29 11:21:01 | INFO     | Row 145: Downloading LYT2D49 from https://media.cargosnap.net/thumbnails/sm/tenant3647/uploads/20250513/9vENSea6WAY6NvFsgI8RWhyN9afyyC1N/4wdqvf-1747167119306.jpg
2025-06-29 11:21:02 | INFO     | Row 145: ✓ Saved LYT2D49.jpg
2025-06-29 11:21:02 | INFO     | Row 146: Downloading MAS7J59 from https://media.cargosnap.net/thumbnails/sm/tenant3647/uploads/20250513/2lcj1P9M8WfGJfqu8wbHtLDglgrzUai9/x978to-1747167130338.jpg
2025-06-29 11:21:02 | INFO     | Row 146: ✓ Saved MAS7J59.jpg
2025-06-29 11:21:02 | INFO     | Row 151: Downloading AGS_454MC from https://media.cargosnap.net/thumbnails/sm/tenant2217/uploads/20250515/D5JoastEnmT8QKuZ9lMjmOkCji0mIqFo/ue3vhe-1747267009346.jpg
2025-06-29 11:21:03 | INFO     | Row 151: ✓ Saved AGS_454MC.jpg
2025-06-29 11:21:03 | INFO     | Row 152: Downloading ACM854MC from https://media.cargosnap.net/thumbnails/sm/tenant2217/uploads/20250515/9rPzPtYWVkqcsy5XXefOMvQXeoDm9xj2/rd6rhb-1747274593760.jpg
2025-06-29 11:21:03 | INFO     | Row 152: ✓ Saved ACM854MC.jpg
2025-06-29 11:21:03 | INFO     | Row 153: Downloading ADC_951MP from https://media.cargosnap.net/thumbnails/sm/tenant2217/uploads/20250515/u2xZpwTb5MZfCUWR4ziJAlMkNqa4MwGA/oq92l9-1747266574463.jpg
2025-06-29 11:21:03 | INFO     | Row 153: ✓ Saved ADC_951MP.jpg
2025-06-29 11:21:03 | INFO     | Row 154: Downloading MMM9932 from https://media.cargosnap.net/thumbnails/sm/tenant2217/uploads/20250515/iLwBCZ15Q0VlceLLg4Z1IW82Jqb0V6nl/6b836u-1747265469789.jpg
2025-06-29 11:21:04 | INFO     | Row 154: ✓ Saved MMM9932.jpg
2025-06-29 11:21:04 | INFO     | Row 155: Downloading MMB6763 from https://media.cargosnap.net/thumbnails/sm/tenant2217/uploads/20250515/ntsgJ1Ti5NmZZ874ZjkW0Vbw7ZLrxEZD/0emm9k-1747265225874.jpg
2025-06-29 11:21:04 | INFO     | Row 155: ✓ Saved MMB6763.jpg
2025-06-29 11:21:04 | INFO     | Row 156: Downloading ACO948MP from https://media.cargosnap.net/thumbnails/sm/tenant2217/uploads/20250515/uFSy8QbU8qg0xavOIYGes2H3tEyhluDW/vodqoe-1747273865135.jpg
2025-06-29 11:21:04 | INFO     | Row 156: ✓ Saved ACO948MP.jpg
2025-06-29 11:21:04 | INFO     | Row 158: Downloading AFM714MP from https://media.cargosnap.net/thumbnails/sm/tenant2217/uploads/20250515/WuquvGBJeux0QsedDPkpzmsl9bM9g3gN/wxsupw-1747273657609.jpg
2025-06-29 11:21:05 | INFO     | Row 158: ✓ Saved AFM714MP.jpg
2025-06-29 11:21:05 | INFO     | Row 159: Downloading MLX_33_88 from https://media.cargosnap.net/thumbnails/sm/tenant2217/uploads/20250515/Jn2IgbBLkeY6JO7xF005w4fbcjqQ6J8W/iqfij8r-1747273504555.jpg
2025-06-29 11:21:05 | INFO     | Row 159: ✓ Saved MLX_33_88.jpg
2025-06-29 11:21:05 | INFO     | Row 160: Downloading ACQ533MC from https://media.cargosnap.net/thumbnails/sm/tenant2217/uploads/20250515/TfG0eTjvdKangPDC0E1ubw8pQ2xOfrqw/hke6xn-1747273369457.jpg
2025-06-29 11:21:05 | INFO     | Row 160: ✓ Saved ACQ533MC.jpg
2025-06-29 11:21:05 | INFO     | Row 161: Downloading AMZ_868MC from https://media.cargosnap.net/thumbnails/sm/tenant2217/uploads/20250515/2fSaDMUNAc1FfOrk6fAiPuJQ7ccIpGIc/nbsk5q-1747267155000.jpg
2025-06-29 11:21:06 | INFO     | Row 161: ✓ Saved AMZ_868MC.jpg
2025-06-29 11:21:06 | INFO     | Row 162: Downloading CLGOE72 from https://media.cargosnap.net/thumbnails/sm/tenant2250/uploads/20250515/lxpRLxOXqTSaOpzYylAJOJ7NnAHsGktF/zoyc39-1747272142756.jpg
2025-06-29 11:21:06 | INFO     | Row 162: ✓ Saved CLGOE72.jpg
2025-06-29 11:21:06 | INFO     | Progress: 150 downloaded, 0 failed
2025-06-29 11:21:06 | INFO     | Row 167: Downloading WMSAF728 from https://media.cargosnap.net/thumbnails/sm/tenant1868/uploads/20250515/ymhAJBZQkCPWEImpptuurIrovK9Y0ix9/70qg5h-1747271870710.jpg
2025-06-29 11:21:06 | INFO     | Row 167: ✓ Saved WMSAF728.jpg
2025-06-29 11:21:06 | INFO     | Row 168: Downloading NHMAF723 from https://media.cargosnap.net/thumbnails/sm/tenant1868/uploads/20250515/ghrqIeIUvT8TanwFHUrVa9KUfzw44GDQ/syxhq-1747271303045.jpg
2025-06-29 11:21:07 | INFO     | Row 168: ✓ Saved NHMAF723.jpg
2025-06-29 11:21:07 | INFO     | Row 169: Downloading DH545EMP from https://media.cargosnap.net/thumbnails/sm/tenant2217/uploads/20250515/ALRE7pL3emutGstK0KcqwsnicoANKJyV/j0k55g-1747267582226.jpg
2025-06-29 11:21:07 | INFO     | Row 169: ✓ Saved DH545EMP.jpg
2025-06-29 11:21:07 | INFO     | Row 170: Downloading ABZ953MC from https://media.cargosnap.net/thumbnails/sm/tenant2217/uploads/20250515/JJqfwgcJ5DmsEXYsVLvFzlFPqheGHiFV/tqoaw7-1747274003470.jpg
2025-06-29 11:21:07 | INFO     | Row 170: ✓ Saved ABZ953MC.jpg
2025-06-29 11:21:07 | INFO     | Row 171: Downloading AHB_456MC from https://media.cargosnap.net/thumbnails/sm/tenant2217/uploads/20250515/VUFjfDFpdtSMWR9Yu6mDCy9ILhvx6NAz/4q5ocm7-1747274223244.jpg
2025-06-29 11:21:07 | INFO     | Row 171: ✓ Saved AHB_456MC.jpg
2025-06-29 11:21:08 | INFO     | Row 173: Downloading ADL370MP from https://media.cargosnap.net/thumbnails/sm/tenant2217/uploads/20250515/OCZaAPyaFbOGe2nQjc3o1loBPYg9bZfJ/oxni7-1747274759905.jpg
2025-06-29 11:21:08 | INFO     | Row 173: ✓ Saved ADL370MP.jpg
2025-06-29 11:21:08 | INFO     | Row 174: Downloading WMSAF724 from https://media.cargosnap.net/thumbnails/sm/tenant1868/uploads/20250515/c3NZU5Itjxb8sGyIlNG3wYHdcyLBs64K/2dykt-1747274789218.jpg
2025-06-29 11:21:08 | INFO     | Row 174: ✓ Saved WMSAF724.jpg
2025-06-29 11:21:08 | INFO     | Row 175: Downloading AFZ_618MP from https://media.cargosnap.net/thumbnails/sm/tenant2217/uploads/20250515/KKezKHOzSWZrkYvqJoNa2LoXszVyvibz/7jjh8b-1747274939705.jpg
2025-06-29 11:21:08 | INFO     | Row 175: ✓ Saved AFZ_618MP.jpg
2025-06-29 11:21:09 | INFO     | Row 178: Downloading DJG3295 from https://media.cargosnap.net/thumbnails/sm/tenant3905/uploads/20250513/zw6u8qcO7V8CramvDd5lItUMEYgQUQg9/yfb8v9-1747173111957.jpg
2025-06-29 11:21:09 | INFO     | Row 178: ✓ Saved DJG3295.jpg
2025-06-29 11:21:09 | INFO     | Row 179: Downloading NHMAF700 from https://media.cargosnap.net/thumbnails/sm/tenant1868/uploads/20250513/3Q2se8Pwj1htTpeXRfdRFojtzLjppPmQ/ygvwd-1747179616034.jpg
2025-06-29 11:21:09 | INFO     | Row 179: ✓ Saved NHMAF700.jpg
2025-06-29 11:21:09 | INFO     | Row 180: Downloading NWMAF720 from https://media.cargosnap.net/thumbnails/sm/tenant1868/uploads/20250513/ktCBWG6i4BsYSkYvFyPTAAKZnLWwcOdy/pdouxe-1747180656183.jpg
2025-06-29 11:21:09 | INFO     | Row 180: ✓ Saved NWMAF720.jpg
2025-06-29 11:21:09 | INFO     | Row 181: Downloading NJC8D96 from https://media.cargosnap.net/thumbnails/sm/tenant3647/uploads/20250513/yECVqo4KRQHklflU4H9dFOsXg4no2xu8/lgm50j-1747180232987.jpg
2025-06-29 11:21:10 | INFO     | Row 181: ✓ Saved NJC8D96.jpg
2025-06-29 11:21:10 | INFO     | Row 185: Downloading NWMAF722 from https://media.cargosnap.net/thumbnails/sm/tenant1868/uploads/20250513/R2iJx2GUajkehih1V4LuoDTbDOa2XD7b/0rdubg-1747179585607.jpg
2025-06-29 11:21:10 | INFO     | Row 185: ✓ Saved NWMAF722.jpg
2025-06-29 11:21:10 | INFO     | Row 186: Downloading HASR1442 from https://media.cargosnap.net/thumbnails/sm/tenant1868/uploads/20250514/e2dd18Wvi98wj9yY6e7TeFQWg0NxM2wg/ymkwehu-1747182520272.jpg
2025-06-29 11:21:10 | INFO     | Row 186: ✓ Saved HASR1442.jpg
2025-06-29 11:21:10 | INFO     | Row 187: Downloading NWMAF705 from https://media.cargosnap.net/thumbnails/sm/tenant1868/uploads/20250513/N47oRn8cli8B4oztF4TVFBD0IloyJUhX/moq7sh-1747176951102.jpg
2025-06-29 11:21:11 | INFO     | Row 187: ✓ Saved NWMAF705.jpg
2025-06-29 11:21:11 | INFO     | Row 188: Downloading WMSAF726 from https://media.cargosnap.net/thumbnails/sm/tenant1868/uploads/20250513/B8AZndbg3VDLJpArtPqz2XbTttb94yXM/vqwjn-1747176660166.jpg
2025-06-29 11:21:11 | INFO     | Row 188: ✓ Saved WMSAF726.jpg
2025-06-29 11:21:11 | INFO     | Row 189: Downloading NWMAF710 from https://media.cargosnap.net/thumbnails/sm/tenant1868/uploads/20250513/zLUcubWsQ2wjEm2Pn23j7Avr9vDoe8R5/3sd1kq-1747176386044.jpg
2025-06-29 11:21:11 | INFO     | Row 189: ✓ Saved NWMAF710.jpg
2025-06-29 11:21:12 | INFO     | Row 190: Downloading NWMAF709 from https://media.cargosnap.net/thumbnails/sm/tenant1868/uploads/20250513/ib59XGFB7jRulKIMopXwua8biDtkbnE7/ph17sn-1747176375145.jpg
2025-06-29 11:21:12 | INFO     | Row 190: ✓ Saved NWMAF709.jpg
2025-06-29 11:21:12 | INFO     | Row 191: Downloading HASR1441 from https://media.cargosnap.net/thumbnails/sm/tenant1868/uploads/20250513/STMVeuXKT0Gj78hr0MtWaRYgyefVAu26/nmb39c-1747175407927.jpg
2025-06-29 11:21:12 | INFO     | Row 191: ✓ Saved HASR1441.jpg
2025-06-29 11:21:12 | INFO     | Row 192: Downloading BVWZ54 from https://media.cargosnap.net/thumbnails/sm/tenant1415/uploads/20250513/coFbnrQHPI9g858WPIcuQsEnjWYk6F65/ua1euj-1747179055821.jpg
2025-06-29 11:21:12 | INFO     | Row 192: ✓ Saved BVWZ54.jpg
2025-06-29 11:21:13 | INFO     | Row 193: Downloading HMSAF715 from https://media.cargosnap.net/thumbnails/sm/tenant1868/uploads/20250514/W5JSgAHw22VCd2GRuYhbfjVwHg1wjeYz/4kjxup-1747181420027.jpg
2025-06-29 11:21:13 | INFO     | Row 193: ✓ Saved HMSAF715.jpg
2025-06-29 11:21:13 | INFO     | Row 194: Downloading NWMAF716 from https://media.cargosnap.net/thumbnails/sm/tenant1868/uploads/20250514/Wk8xbRunfrWxxx3tpKCe55dQ6XVQbTB7/5kdmnv-1747182316328.jpg
2025-06-29 11:21:13 | INFO     | Row 194: ✓ Saved NWMAF716.jpg
2025-06-29 11:21:13 | INFO     | Row 195: Downloading HMAF7141 from https://media.cargosnap.net/thumbnails/sm/tenant1868/uploads/20250514/6U7JXBzfIFX68NtK3mI9y7NfcMmrz1xB/yd3reo-1747182941187.jpg
2025-06-29 11:21:13 | INFO     | Row 195: ✓ Saved HMAF7141.jpg
2025-06-29 11:21:14 | INFO     | Row 196: Downloading MEM5A65 from https://media.cargosnap.net/thumbnails/sm/tenant3647/uploads/20250514/jK57c7nKD93CsP7ltPMgh6J4pYhoBOkQ/xfujg-1747184233522.jpg
2025-06-29 11:21:14 | INFO     | Row 196: ✓ Saved MEM5A65.jpg
2025-06-29 11:21:14 | INFO     | Row 198: Downloading NHHAF721 from https://media.cargosnap.net/thumbnails/sm/tenant1868/uploads/20250514/wfKYnVCGirUXUliZ2gxFFaLlIziBKC2e/mbxy7d-1747184945168.jpg
2025-06-29 11:21:14 | INFO     | Row 198: ✓ Saved NHHAF721.jpg
2025-06-29 11:21:14 | INFO     | Row 199: Downloading MBP_19_04 from https://media.cargosnap.net/thumbnails/sm/tenant2217/uploads/20250514/76T5tvlmrRUBMSKraFGWmpFTPmwMn87v/5qqcji-1743896679497.jpg
2025-06-29 11:21:14 | INFO     | Row 199: ✓ Saved MBP_19_04.jpg
2025-06-29 11:21:15 | INFO     | Row 200: Downloading HMSAF719 from https://media.cargosnap.net/thumbnails/sm/tenant1868/uploads/20250514/NtzRNj4pGMujZYJTTvYENgoJnUKaPY30/qajoq-1747186036645.jpg
2025-06-29 11:21:15 | INFO     | Row 200: ✓ Saved HMSAF719.jpg
2025-06-29 11:21:15 | INFO     | Row 201: Downloading WMJAF722 from https://media.cargosnap.net/thumbnails/sm/tenant1868/uploads/20250515/AIzzXE5przvC239kzeg04S1BOf1OLpiR/59bn1t-1747275373174.jpg
2025-06-29 11:21:15 | INFO     | Row 201: ✓ Saved WMJAF722.jpg
2025-06-29 11:21:15 | INFO     | Row 202: Downloading MLD_13-43 from https://media.cargosnap.net/thumbnails/sm/tenant2217/uploads/20250515/IuKkn16KUAfr1rEOPHB1VjfVpTdW7qdZ/szlax5-1747266109997.jpg
2025-06-29 11:21:15 | INFO     | Row 202: ✓ Saved MLD_13-43.jpg
2025-06-29 11:21:16 | INFO     | Row 203: Downloading NWMAF706 from https://media.cargosnap.net/thumbnails/sm/tenant1868/uploads/20250515/2KypIHEFl7ZpslCBEmA23zfjtInpVEXv/o3xta2-1747269765133.jpg
2025-06-29 11:21:16 | INFO     | Row 203: ✓ Saved NWMAF706.jpg
2025-06-29 11:21:16 | INFO     | Row 204: Downloading MMB_84_87 from https://media.cargosnap.net/thumbnails/sm/tenant2217/uploads/20250515/4m8ZxyYYB3ktC0UxC2HT0u2DN81QMKhx/u2q66j-1747265837050.jpg
2025-06-29 11:21:16 | INFO     | Row 204: ✓ Saved MMB_84_87.jpg
2025-06-29 11:21:16 | INFO     | Row 207: Downloading MLX_46_07 from https://media.cargosnap.net/thumbnails/sm/tenant2217/uploads/20250515/XG1gFN2l89030ltUoCIQBVvzN8Wry8yd/jwfj06-1747268174118.jpg
2025-06-29 11:21:16 | INFO     | Row 207: ✓ Saved MLX_46_07.jpg
2025-06-29 11:21:16 | INFO     | Row 208: Downloading AAY_622MP from https://media.cargosnap.net/thumbnails/sm/tenant2217/uploads/20250515/rQRpjJPTCmuf22SamaI2kejHApjLOMhS/c1nfrt-1747268464763.jpg
2025-06-29 11:21:17 | INFO     | Row 208: ✓ Saved AAY_622MP.jpg
2025-06-29 11:21:17 | INFO     | Row 210: Downloading AJZ_305MP from https://media.cargosnap.net/thumbnails/sm/tenant2217/uploads/20250515/MgMlE8gfXSrWsAQllTgfrU0BdnwibWwL/s73tlb-1747268561929.jpg
2025-06-29 11:21:17 | INFO     | Row 210: ✓ Saved AJZ_305MP.jpg
2025-06-29 11:21:17 | INFO     | Row 211: Downloading MIB1286 from https://media.cargosnap.net/thumbnails/sm/tenant2217/uploads/20250515/wIVWqHZ6rQZZtHljxkw7AZoPvVKncBYE/la6cva-1747264391246.jpg
2025-06-29 11:21:17 | INFO     | Row 211: ✓ Saved MIB1286.jpg
2025-06-29 11:21:17 | INFO     | Row 213: Downloading MLX_07_52 from https://media.cargosnap.net/thumbnails/sm/tenant2217/uploads/20250515/tqEjEBCDckicdEVNcyT5YMqjEsC0W14C/5x0czr-1747264265362.jpg
2025-06-29 11:21:18 | INFO     | Row 213: ✓ Saved MLX_07_52.jpg
2025-06-29 11:21:18 | INFO     | Row 214: Downloading ADF380MC from https://media.cargosnap.net/thumbnails/sm/tenant2217/uploads/20250515/Oc2jGyTDUVL2U4WhASOORBHGCaY6007x/mc7ro-1747264024123.jpg
2025-06-29 11:21:18 | INFO     | Row 214: ✓ Saved ADF380MC.jpg
2025-06-29 11:21:18 | INFO     | Row 215: Downloading MMX1064 from https://media.cargosnap.net/thumbnails/sm/tenant2217/uploads/20250515/SlDyTE7ExIq7MLdegGs9R4GtPI0SkkEd/clv6go-1747267446715.jpg
2025-06-29 11:21:18 | INFO     | Row 215: ✓ Saved MMX1064.jpg
2025-06-29 11:21:18 | INFO     | Row 216: Downloading MMM_99_14 from https://media.cargosnap.net/thumbnails/sm/tenant2217/uploads/20250515/rGnt89xoJxzKk0zDIIl9Sy5u2SyZq3HU/xalmwi-1747263589835.jpg
2025-06-29 11:21:19 | INFO     | Row 216: ✓ Saved MMM_99_14.jpg
2025-06-29 11:21:19 | INFO     | Row 217: Downloading ABU7611C from https://media.cargosnap.net/thumbnails/sm/tenant2217/uploads/20250515/c9ZLBlB4L575cd1XnPzuPx6QN41PkHmS/jgg72-1747267295024.jpg
2025-06-29 11:21:19 | INFO     | Row 217: ✓ Saved ABU7611C.jpg
2025-06-29 11:21:19 | INFO     | Row 218: Downloading MBP_60_04 from https://media.cargosnap.net/thumbnails/sm/tenant2217/uploads/20250514/LinSeZ56DQWXp6uaaqVNZHbwtKU8b2Zx/a3rolm-1747263362469.jpg
2025-06-29 11:21:19 | INFO     | Row 218: ✓ Saved MBP_60_04.jpg
2025-06-29 11:21:19 | INFO     | Row 219: Downloading MMP3216 from https://media.cargosnap.net/thumbnails/sm/tenant2217/uploads/20250514/YwurBhziRPmPQUM5MfWNkTwLLmXxn8cF/xspvpo-1747267146219.jpg
2025-06-29 11:21:20 | INFO     | Row 219: ✓ Saved MMP3216.jpg
2025-06-29 11:21:20 | INFO     | Row 220: Downloading AIP_718MC from https://media.cargosnap.net/thumbnails/sm/tenant2217/uploads/20250514/BFibEd0FyydWu16ZMRvhBFsJ1LeelSYp/hz0mxk-1747262851448.jpg
2025-06-29 11:21:20 | INFO     | Row 220: ✓ Saved AIP_718MC.jpg
2025-06-29 11:21:20 | INFO     | Row 221: Downloading MMM_67_17 from https://media.cargosnap.net/thumbnails/sm/tenant2217/uploads/20250515/AnloX3skFMsSWb2zCtmsqfSAGogBwWR8/6bq9h-1747275067478.jpg
2025-06-29 11:21:21 | INFO     | Row 221: ✓ Saved MMM_67_17.jpg
2025-06-29 11:21:21 | INFO     | Row 223: Downloading MMP_98_06 from https://media.cargosnap.net/thumbnails/sm/tenant2217/uploads/20250515/aJRmoH7kqjMn1Zd83yr6mukXnMUMn0Kq/m65p9r-1747268847374.jpg
2025-06-29 11:21:21 | INFO     | Row 223: ✓ Saved MMP_98_06.jpg
2025-06-29 11:21:21 | INFO     | Row 226: Downloading QIX4317 from https://media.cargosnap.net/thumbnails/sm/tenant1415/uploads/20250519/7yR5vmN8Yf9pl2Ous5WuikEiA4mbB5ZS/7rikua-1747697306446.jpg
2025-06-29 11:21:22 | INFO     | Row 226: ✓ Saved QIX4317.jpg
2025-06-29 11:21:22 | INFO     | Row 227: Downloading QHF0500 from https://media.cargosnap.net/thumbnails/sm/tenant1415/uploads/20250519/sEwkPWZ0Oe2xwWWTIVDbJLR93fP9GOsG/h6tzh6-1747697244186.jpg
2025-06-29 11:21:22 | INFO     | Row 227: ✓ Saved QHF0500.jpg
2025-06-29 11:21:22 | INFO     | Row 228: Downloading NWHAFZ25 from https://media.cargosnap.net/thumbnails/sm/tenant1868/uploads/20250519/Dj5LfFhPI78ePVZPWe1dJN3n3RVJ0Ys5/3q93q-1747697165399.jpg
2025-06-29 11:21:22 | INFO     | Row 228: ✓ Saved NWHAFZ25.jpg
2025-06-29 11:21:22 | INFO     | Row 229: Downloading ABG057MC from https://media.cargosnap.net/thumbnails/sm/tenant2217/uploads/20250519/NhmjxFiBUPZ7Kfcga85QE166X1PJ1XBD/4742vi-1747672203544.jpg
2025-06-29 11:21:23 | INFO     | Row 229: ✓ Saved ABG057MC.jpg
2025-06-29 11:21:23 | INFO     | Row 230: Downloading NHMAF715 from https://media.cargosnap.net/thumbnails/sm/tenant1868/uploads/20250519/BS5pZFBfUNViZ2eMehyOyAunN6USCItL/s23b69-1747695352990.jpg
2025-06-29 11:21:23 | INFO     | Row 230: ✓ Saved NHMAF715.jpg
2025-06-29 11:21:23 | INFO     | Progress: 200 downloaded, 0 failed
2025-06-29 11:21:23 | INFO     | Row 232: Downloading ADF-407MP from https://media.cargosnap.net/thumbnails/sm/tenant2217/uploads/20250519/1R4D3kIaJLwLXMcgCRLsIv4igYRaZ0BA/ghv32-1747671293800.jpg
2025-06-29 11:21:23 | INFO     | Row 232: ✓ Saved ADF-407MP.jpg
2025-06-29 11:21:23 | INFO     | Row 233: Downloading MMX1240 from https://media.cargosnap.net/thumbnails/sm/tenant2217/uploads/20250519/Vgv1t8jkJhmbp3RaBoizA6WudMl4q3lN/b22lq3-1747694823836.jpg
2025-06-29 11:21:24 | INFO     | Row 233: ✓ Saved MMX1240.jpg
2025-06-29 11:21:24 | INFO     | Row 235: Downloading AKH835MC from https://media.cargosnap.net/thumbnails/sm/tenant2217/uploads/20250519/HlNKDrWhGu9yyP6Ik58oBGIlmqY0vgQy/iw27q88-1747671180716.jpg
2025-06-29 11:21:24 | INFO     | Row 235: ✓ Saved AKH835MC.jpg
2025-06-29 11:21:24 | INFO     | Row 236: Downloading AIX791MC from https://media.cargosnap.net/thumbnails/sm/tenant2217/uploads/20250519/zVbLGrrKkkc42g4jgjKmRYy1LF9TJG2R/rga9i6-1747694698763.jpg
2025-06-29 11:21:24 | INFO     | Row 236: ✓ Saved AIX791MC.jpg
2025-06-29 11:21:24 | INFO     | Row 237: Downloading WMSAF712 from https://media.cargosnap.net/thumbnails/sm/tenant1868/uploads/20250519/TPTDnDhQ8WnvBrmORTODel014Fxt1qe0/v6r62r-1747694347882.jpg
2025-06-29 11:21:25 | INFO     | Row 237: ✓ Saved WMSAF712.jpg
2025-06-29 11:21:25 | INFO     | Row 238: Downloading LF0943 from https://media.cargosnap.net/thumbnails/sm/tenant1560/uploads/20250519/F3k8VGBQ5342mQcImEoJI48wT9vxnp1K/w5jsur-1747694251855.jpg
2025-06-29 11:21:25 | INFO     | Row 238: ✓ Saved LF0943.jpg
2025-06-29 11:21:25 | INFO     | Row 240: Downloading AJ1225MP from https://media.cargosnap.net/thumbnails/sm/tenant2217/uploads/20250519/PBWUJo0BIPmmhqMUKpW8nJXxdk0LueDg/kkjqg-1747692345484.jpg
2025-06-29 11:21:25 | INFO     | Row 240: ✓ Saved AJ1225MP.jpg
2025-06-29 11:21:25 | INFO     | Row 242: Downloading ABP605MC from https://media.cargosnap.net/thumbnails/sm/tenant2217/uploads/20250519/rZhWl15mfB7tauOmn1MFuyVzh96vzTWK/rki1rt-1747691727740.jpg
2025-06-29 11:21:27 | INFO     | Row 242: ✓ Saved ABP605MC.jpg
2025-06-29 11:21:27 | INFO     | Row 243: Downloading ABV531MP from https://media.cargosnap.net/thumbnails/sm/tenant2217/uploads/20250519/WEk2prdAgjRiGc5Jo7MTWs0fGjrZrR9U/8uwwzn-1747691568330.jpg
2025-06-29 11:21:27 | INFO     | Row 243: ✓ Saved ABV531MP.jpg
2025-06-29 11:21:28 | INFO     | Row 244: Downloading MMM7676 from https://media.cargosnap.net/thumbnails/sm/tenant2217/uploads/20250519/5q9LEfbHg1mNYdugv8k5uCVVKS1nseeu/d4ve3e-1747698992548.jpg
2025-06-29 11:21:28 | INFO     | Row 244: ✓ Saved MMM7676.jpg
2025-06-29 11:21:28 | INFO     | Row 245: Downloading SXK0J36 from https://media.cargosnap.net/thumbnails/sm/tenant3647/uploads/20250519/pVPMm9CKrrMOFCbv78nRDrtWFH3tnJ32/se4j6k-1747699007173.jpg
2025-06-29 11:21:28 | INFO     | Row 245: ✓ Saved SXK0J36.jpg
2025-06-29 11:21:29 | INFO     | Row 246: Downloading SXKGJ36 from https://media.cargosnap.net/thumbnails/sm/tenant3647/uploads/20250519/dkCzAt4bymQxxpO8V5gSFQG90FVsAiUU/k8t6x-1747699014095.jpg
2025-06-29 11:21:29 | INFO     | Row 246: ✓ Saved SXKGJ36.jpg
2025-06-29 11:21:29 | INFO     | Row 247: Downloading AJI225MP from https://media.cargosnap.net/thumbnails/sm/tenant2217/uploads/20250519/JLY3tZoxwDyftR8gNrfRgLRXdzJ1mW9B/4rdjk-1747699187294.jpg
2025-06-29 11:21:29 | INFO     | Row 247: ✓ Saved AJI225MP.jpg
2025-06-29 11:21:29 | INFO     | Row 248: Downloading AFNGI25 from https://media.cargosnap.net/thumbnails/sm/tenant3647/uploads/20250520/XrbkLvZg1HvEajzIEG2Nmb9pzuIXM6DD/iov2n-1747699248355.jpg
2025-06-29 11:21:29 | INFO     | Row 248: ✓ Saved AFNGI25.jpg
2025-06-29 11:21:29 | INFO     | Row 249: Downloading AFN6I25 from https://media.cargosnap.net/thumbnails/sm/tenant3647/uploads/20250520/MJrK9WUAFUS98E87czLlslcBbmW3kJIc/f8i8xz-1747699254572.jpg
2025-06-29 11:21:30 | INFO     | Row 249: ✓ Saved AFN6I25.jpg
2025-06-29 11:21:30 | INFO     | Row 251: Downloading AAG356MP from https://media.cargosnap.net/thumbnails/sm/tenant2217/uploads/20250520/ExPxla0cxbhN2BRhVtL1AZuWkADYh2Zc/zppwr9-1747699626822.jpg
2025-06-29 11:21:30 | INFO     | Row 251: ✓ Saved AAG356MP.jpg
2025-06-29 11:21:30 | INFO     | Row 253: Downloading WMSAF720 from https://media.cargosnap.net/thumbnails/sm/tenant1868/uploads/20250520/wnv2QPN1OWYkdrKmh9ytI7rXnJ7noqJw/m2nvjp-1747699665247.jpg
2025-06-29 11:21:31 | INFO     | Row 253: ✓ Saved WMSAF720.jpg
2025-06-29 11:21:31 | INFO     | Row 254: Downloading WMSAF714 from https://media.cargosnap.net/thumbnails/sm/tenant1868/uploads/20250520/TRKgmtM5u26RYrWQ6fLml10wFfmPsyyR/zo3suh-1747699770052.jpg
2025-06-29 11:21:31 | INFO     | Row 254: ✓ Saved WMSAF714.jpg
2025-06-29 11:21:31 | INFO     | Row 255: Downloading MLQ7A46 from https://media.cargosnap.net/thumbnails/sm/tenant1673/uploads/20250520/7FOoXhxlQpOGZKP4rs1wt4Di1DdWcOGm/uonbeg-1747700207181.jpg
2025-06-29 11:21:31 | INFO     | Row 255: ✓ Saved MLQ7A46.jpg
2025-06-29 11:21:31 | INFO     | Row 256: Downloading ATKOF75 from https://media.cargosnap.net/thumbnails/sm/tenant1673/uploads/20250520/RpTnUbigeMwLXtlMJ11xwUxhvZ1zIOnp/rx2p8i-1747700243545.jpg
2025-06-29 11:21:32 | INFO     | Row 256: ✓ Saved ATKOF75.jpg
2025-06-29 11:21:32 | INFO     | Row 257: Downloading ABT_388MP from https://media.cargosnap.net/thumbnails/sm/tenant2217/uploads/20250519/7MfRUhBIhtdQkABDRGaRCUL5rV0iFvZk/fjo99-1747671068106.jpg
2025-06-29 11:21:32 | INFO     | Row 257: ✓ Saved ABT_388MP.jpg
2025-06-29 11:21:32 | INFO     | Row 269: Downloading ABF_396MP from https://media.cargosnap.net/thumbnails/sm/tenant2217/uploads/20250519/L2LxeX3j5sVDwWZYcsCQVqDi1Wgy2csY/xbpo8dgq-1747670820327.jpg
2025-06-29 11:21:32 | INFO     | Row 269: ✓ Saved ABF_396MP.jpg
2025-06-29 11:21:32 | INFO     | Row 270: Downloading II287EMP from https://media.cargosnap.net/thumbnails/sm/tenant2217/uploads/20250519/rbgiWXEo5KNOHhKaFAUutEowmCwsJkbI/si38o9-1747692718391.jpg
2025-06-29 11:21:32 | INFO     | Row 270: ✓ Saved II287EMP.jpg
2025-06-29 11:21:33 | INFO     | Row 273: Downloading ALM-748-MC from https://media.cargosnap.net/thumbnails/sm/tenant2217/uploads/20250519/Yam8rsCTcQHQPhra6xiDiGsoz7ZWNmTg/n416a-1747670465821.jpg
2025-06-29 11:21:33 | INFO     | Row 273: ✓ Saved ALM-748-MC.jpg
2025-06-29 11:21:33 | INFO     | Row 274: Downloading AJI223MP from https://media.cargosnap.net/thumbnails/sm/tenant2217/uploads/20250519/ywGgb8mpdmTZgT3W9EYOuvyhHxZaKPvx/rn4elo-1747692463005.jpg
2025-06-29 11:21:33 | INFO     | Row 274: ✓ Saved AJI223MP.jpg
2025-06-29 11:21:33 | INFO     | Row 275: Downloading AAS-867-MP from https://media.cargosnap.net/thumbnails/sm/tenant2217/uploads/20250519/yMOXIgjDD51Q0VLsiFbAxN5AZkqBFKOx/jrjtdl-1747691262160.jpg
2025-06-29 11:21:33 | INFO     | Row 275: ✓ Saved AAS-867-MP.jpg
2025-06-29 11:21:34 | INFO     | Row 277: Downloading ADH_939MP from https://media.cargosnap.net/thumbnails/sm/tenant2217/uploads/20250515/1ZEJK5eqoVh1GLa3EDm7QZWUkmYjkd8l/r8bo7-1747269204207.jpg
2025-06-29 11:21:34 | INFO     | Row 277: ✓ Saved ADH_939MP.jpg
2025-06-29 11:21:34 | INFO     | Row 279: Downloading NWMAF714 from https://media.cargosnap.net/thumbnails/sm/tenant1868/uploads/20250515/5jE7ClGNsns4JSkvw2ByTlLbjnZGNnqh/ufsxfk-1747273489357.jpg
2025-06-29 11:21:34 | INFO     | Row 279: ✓ Saved NWMAF714.jpg
2025-06-29 11:21:34 | INFO     | Row 280: Downloading ACN369MP from https://media.cargosnap.net/thumbnails/sm/tenant2217/uploads/20250515/EGh1Y52wdQ5v7UADmd4fvYvLvpF0E30o/qqvyul-1747273156957.jpg
2025-06-29 11:21:35 | INFO     | Row 280: ✓ Saved ACN369MP.jpg
2025-06-29 11:21:35 | INFO     | Row 281: Downloading MMM_94_76 from https://media.cargosnap.net/thumbnails/sm/tenant2217/uploads/20250515/y1F40fOH3Or245C6sYBhZhe5W6ERlvHx/v4amjm-1747268067696.jpg
2025-06-29 11:21:35 | INFO     | Row 281: ✓ Saved MMM_94_76.jpg
2025-06-29 11:21:35 | INFO     | Row 282: Downloading ADJ_031MP from https://media.cargosnap.net/thumbnails/sm/tenant2217/uploads/20250515/Uu9za7CBl7EE2ghxlKoNlv0LmsdTrgpb/fv1rwp-1747267309316.jpg
2025-06-29 11:21:35 | INFO     | Row 282: ✓ Saved ADJ_031MP.jpg
2025-06-29 11:21:35 | INFO     | Row 292: Downloading ABO535MP from https://media.cargosnap.net/thumbnails/sm/tenant2217/uploads/20250515/9jz3Q6ZhOfkkicvd3s8btHjlY00VXWy0/jvkd6f-1747266425191.jpg
2025-06-29 11:21:35 | INFO     | Row 292: ✓ Saved ABO535MP.jpg
2025-06-29 11:21:36 | INFO     | Row 293: Downloading HMSAF721 from https://media.cargosnap.net/thumbnails/sm/tenant1868/uploads/20250515/uC9Rx1GCgyyoUQ0HStoIVdzxZvJuUYyQ/z40gtc-1747271096159.jpg
2025-06-29 11:21:36 | INFO     | Row 293: ✓ Saved HMSAF721.jpg
2025-06-29 11:21:36 | INFO     | Row 295: Downloading AAS_868MP from https://media.cargosnap.net/thumbnails/sm/tenant2217/uploads/20250515/QIHgNKOVRB6YQwV1imHF2H0qkqLC9oL3/4g1obo-1747268695660.jpg
2025-06-29 11:21:36 | INFO     | Row 295: ✓ Saved AAS_868MP.jpg
2025-06-29 11:21:36 | INFO     | Row 297: Downloading MMM_67_18 from https://media.cargosnap.net/thumbnails/sm/tenant2217/uploads/20250515/ZDaag1L4Lu7RtnY21FaNbEz1O9bbp87a/6gowft-1747281092832.jpg
2025-06-29 11:21:37 | INFO     | Row 297: ✓ Saved MMM_67_18.jpg
2025-06-29 11:21:37 | INFO     | Row 298: Downloading MLX_47_18 from https://media.cargosnap.net/thumbnails/sm/tenant2217/uploads/20250515/aL0MGxwXeBUJBsu05DYsKIJRKa8lZ58S/yfz7j-1747281287487.jpg
2025-06-29 11:21:37 | INFO     | Row 298: ✓ Saved MLX_47_18.jpg
2025-06-29 11:21:37 | INFO     | Row 299: Downloading BYC3930 from https://media.cargosnap.net/thumbnails/sm/tenant1830/uploads/20250515/UN4NrRYftWh8jqKdBiYBoE7Qm1TZQyrn/watwyu-1747284618230.jpg
2025-06-29 11:21:37 | INFO     | Row 299: ✓ Saved BYC3930.jpg
2025-06-29 11:21:37 | INFO     | Row 300: Downloading AFE431MC from https://media.cargosnap.net/thumbnails/sm/tenant2217/uploads/20250515/tz7Eiqgvc43YwsLwmAcHSPoG4RmBdcwo/mkw2j-1747269536610.jpg
2025-06-29 11:21:37 | INFO     | Row 300: ✓ Saved AFE431MC.jpg
2025-06-29 11:21:37 | INFO     | Row 301: Downloading Q from https://media.cargosnap.net/thumbnails/sm/tenant1830/uploads/20250516/5QEFACO09GkiOGlf8LeajvNle4ZqozhA/5wrfvf-1747402621788.jpg
2025-06-29 11:21:38 | INFO     | Row 301: ✓ Saved Q.jpg
2025-06-29 11:21:38 | INFO     | Row 302: Downloading CS139CJ from https://media.cargosnap.net/thumbnails/sm/tenant805/uploads/20250516/tAoLX5sEP8DbdSj2RlQQUsxlJKdGzoW6/g9qs8h-1747402554635.jpg
2025-06-29 11:21:38 | INFO     | Row 302: ✓ Saved CS139CJ.jpg
2025-06-29 11:21:38 | INFO     | Row 304: Downloading XW-40-810 from https://media.cargosnap.net/thumbnails/sm/tenant1560/uploads/20250516/L4BELbtKdxovpY2WNi7nttaM2fQZrbpa/mm35k-1747401876950.jpg
2025-06-29 11:21:39 | INFO     | Row 304: ✓ Saved XW-40-810.jpg
2025-06-29 11:21:39 | INFO     | Row 305: Downloading FH-83-568 from https://media.cargosnap.net/thumbnails/sm/tenant1560/uploads/20250516/mMcxuYzInA1WvOgKUOQntxh8Vr12Cnxd/baaftj-1747401810602.jpg
2025-06-29 11:21:39 | INFO     | Row 305: ✓ Saved FH-83-568.jpg
2025-06-29 11:21:39 | INFO     | Row 306: Downloading JX64709 from https://media.cargosnap.net/thumbnails/sm/tenant1560/uploads/20250516/8ICvV4yi6yuvCg2dZn4sta3bEk3R0THp/z2lm36-1747401768077.jpg
2025-06-29 11:21:39 | INFO     | Row 306: ✓ Saved JX64709.jpg
2025-06-29 11:21:39 | INFO     | Row 307: Downloading AHS467MP from https://media.cargosnap.net/thumbnails/sm/tenant2217/uploads/20250516/rPCZOUrXnLWVTrDTtd3pAajmo7dd6kGm/99uvqj-1747401728261.jpg
2025-06-29 11:21:40 | INFO     | Row 307: ✓ Saved AHS467MP.jpg
2025-06-29 11:21:40 | INFO     | Row 308: Downloading PT-2503-A from https://media.cargosnap.net/thumbnails/sm/tenant1560/uploads/20250516/pHhngUM7Gyp47livbSQ0Rp0PgloNKVnX/kod3zs-1747401417836.jpg
2025-06-29 11:21:40 | INFO     | Row 308: ✓ Saved PT-2503-A.jpg
2025-06-29 11:21:40 | INFO     | Row 309: Downloading RXK7I39 from https://media.cargosnap.net/thumbnails/sm/tenant3905/uploads/20250516/xVFHKeeO7FDKRW6k8YkNwx2VdZobwH2G/7nsc37-1747401249516.jpg
2025-06-29 11:21:40 | INFO     | Row 309: ✓ Saved RXK7I39.jpg
2025-06-29 11:21:40 | INFO     | Row 310: Downloading FH-1426-A from https://media.cargosnap.net/thumbnails/sm/tenant1560/uploads/20250516/USuLc3UDZ08h9FtYysjVq0aatCIzSdhI/64pk3k-1747401202918.jpg
2025-06-29 11:21:41 | INFO     | Row 310: ✓ Saved FH-1426-A.jpg
2025-06-29 11:21:41 | INFO     | Row 311: Downloading OV-55-BY from https://media.cargosnap.net/thumbnails/sm/tenant2/uploads/20250516/nlyxcCrLtbgkvLFat0htkjWaaFP43Mi4/zs235-1747401176842.jpg
2025-06-29 11:21:41 | INFO     | Row 311: ✓ Saved OV-55-BY.jpg
2025-06-29 11:21:41 | INFO     | Row 312: Downloading 58AM1E from https://media.cargosnap.net/thumbnails/sm/tenant1560/uploads/20250516/rnBWnC2zwxgRZAxTqc3rYF2vZifZoCyE/35lq5-1747401153554.jpg
2025-06-29 11:21:41 | INFO     | Row 312: ✓ Saved 58AM1E.jpg
2025-06-29 11:21:42 | INFO     | Row 313: Downloading WGM41313 from https://media.cargosnap.net/thumbnails/sm/tenant2/uploads/20250516/A7RPncsDzfFlnP8gIeh6pnmCwWh19EfX/23lc2m-1747401147144.jpg
2025-06-29 11:21:42 | INFO     | Row 313: ✓ Saved WGM41313.jpg
2025-06-29 11:21:42 | INFO     | Progress: 250 downloaded, 0 failed
2025-06-29 11:21:42 | INFO     | Row 314: Downloading ABT463MP from https://media.cargosnap.net/thumbnails/sm/tenant2217/uploads/20250516/FG0mhFpXfdniUkOeY7Uj69QIXoPRZIWH/m0sz7-1747403154856.jpg
2025-06-29 11:21:42 | INFO     | Row 314: ✓ Saved ABT463MP.jpg
2025-06-29 11:21:42 | INFO     | Row 316: Downloading QZJ5B95 from https://media.cargosnap.net/thumbnails/sm/tenant1830/uploads/20250516/Oh7pi5iaAIJKxOyoa21wMLBC4vYwGltN/xu6ty-1747403014279.jpg
2025-06-29 11:21:42 | INFO     | Row 316: ✓ Saved QZJ5B95.jpg
2025-06-29 11:21:43 | INFO     | Row 317: Downloading 580ER5 from https://media.cargosnap.net/thumbnails/sm/tenant1560/uploads/20250516/npwc23Q3oVNExAoDIk5HDUVxX1uXfrNU/lb0utc-1747402837802.jpg
2025-06-29 11:21:43 | INFO     | Row 317: ✓ Saved 580ER5.jpg
2025-06-29 11:21:43 | INFO     | Row 318: Downloading 52BD2Y from https://media.cargosnap.net/thumbnails/sm/tenant1560/uploads/20250516/HczBPsHDf9uGoERtnQDuUnG09rwO6g37/p1um7e-1747403804912.jpg
2025-06-29 11:21:43 | INFO     | Row 318: ✓ Saved 52BD2Y.jpg
2025-06-29 11:21:43 | INFO     | Row 319: Downloading VZD72B from https://media.cargosnap.net/thumbnails/sm/tenant1098/uploads/20250516/BBG3tzbdUsBq2WCAdeRWXUWVJh25XYMM/2yop3h-1747403871524.jpg
2025-06-29 11:21:43 | INFO     | Row 319: ✓ Saved VZD72B.jpg
2025-06-29 11:21:44 | INFO     | Row 320: Downloading HD-9196-B from https://media.cargosnap.net/thumbnails/sm/tenant1560/uploads/20250516/7HcssGdHWNyHJtGLTovf1aJ1PgrxTg0E/9qb5rr-1747403886225.jpg
2025-06-29 11:21:44 | INFO     | Row 320: ✓ Saved HD-9196-B.jpg
2025-06-29 11:21:44 | INFO     | Row 321: Downloading FG4176A from https://media.cargosnap.net/thumbnails/sm/tenant1560/uploads/20250516/trbof9sJMz4WEmG4CIr7goBEwnkNtHKj/rgxieb-1747403892417.jpg
2025-06-29 11:21:44 | INFO     | Row 321: ✓ Saved FG4176A.jpg
2025-06-29 11:21:44 | INFO     | Row 322: Downloading WMSAF727 from https://media.cargosnap.net/thumbnails/sm/tenant1868/uploads/20250516/JZGthUC8WNf7hpQU9fRpx43atiZhlfds/rc81s-1747405215763.jpg
2025-06-29 11:21:45 | INFO     | Row 322: ✓ Saved WMSAF727.jpg
2025-06-29 11:21:45 | INFO     | Row 324: Downloading JJDJD from https://media.cargosnap.net/thumbnails/sm/tenant1415/uploads/20250516/r7X1UwyQEnEStwH6gEEOFEoRU4Opilit/3j5lba-1747405223733.jpg
2025-06-29 11:21:45 | INFO     | Row 324: ✓ Saved JJDJD.jpg
2025-06-29 11:21:45 | INFO     | Row 325: Downloading AG683X from https://media.cargosnap.net/thumbnails/sm/tenant1415/uploads/20250516/TwQJn9n3LalFEWQ76PP4Yrl6CgeU3o2t/x7gu3g-1747405231252.jpg
2025-06-29 11:21:45 | INFO     | Row 325: ✓ Saved AG683X.jpg
2025-06-29 11:21:45 | INFO     | Row 326: Downloading 469-ES-2 from https://media.cargosnap.net/thumbnails/sm/tenant1560/uploads/20250516/TIdJYhVAmqkAtlwz1Eht95qwZe1banhN/4ydmb-1747403290357.jpg
2025-06-29 11:21:46 | INFO     | Row 326: ✓ Saved 469-ES-2.jpg
2025-06-29 11:21:46 | INFO     | Row 327: Downloading AIE323MP from https://media.cargosnap.net/thumbnails/sm/tenant2217/uploads/20250516/QbpiqKrHiqT05szdqLfklWiy5P63OyQA/k7z4w8-1747403477227.jpg
2025-06-29 11:21:46 | INFO     | Row 327: ✓ Saved AIE323MP.jpg
2025-06-29 11:21:46 | INFO     | Row 328: Downloading FE-2635-A from https://media.cargosnap.net/thumbnails/sm/tenant1560/uploads/20250516/XGlkIjiHWrHaJCu6o2d0Hsyey9QrtyOE/cxheb-1747403499106.jpg
2025-06-29 11:21:46 | INFO     | Row 328: ✓ Saved FE-2635-A.jpg
2025-06-29 11:21:46 | INFO     | Row 329: Downloading ZN7067 from https://media.cargosnap.net/thumbnails/sm/tenant1415/uploads/20250516/JjGBOO7offILBpTlDh8m6sjLfO5nXbJz/bf7s51x-1747403562831.jpg
2025-06-29 11:21:48 | INFO     | Row 329: ✓ Saved ZN7067.jpg
2025-06-29 11:21:48 | INFO     | Row 330: Downloading JB8544 from https://media.cargosnap.net/thumbnails/sm/tenant1415/uploads/20250516/1lpl9SzApfvFLnrJH8wicM2KTCrW0NhS/1ue0bj-1747403573810.jpg
2025-06-29 11:21:48 | INFO     | Row 330: ✓ Saved JB8544.jpg
2025-06-29 11:21:48 | INFO     | Row 331: Downloading FY738LC from https://media.cargosnap.net/thumbnails/sm/tenant805/uploads/20250516/jIHH7ILGeBphyDu7GvGAAHNwfx5ZeheU/zmusea-1747403697563.jpg
2025-06-29 11:21:48 | INFO     | Row 331: ✓ Saved FY738LC.jpg
2025-06-29 11:21:48 | INFO     | Row 332: Downloading FH6329A from https://media.cargosnap.net/thumbnails/sm/tenant1560/uploads/20250516/qz9iJRhFboqnlBtqu4BKGBLs66Xo0rk8/m3yd6q-1747404281699.jpg
2025-06-29 11:21:49 | INFO     | Row 332: ✓ Saved FH6329A.jpg
2025-06-29 11:21:49 | INFO     | Row 333: Downloading FH6408A from https://media.cargosnap.net/thumbnails/sm/tenant1560/uploads/20250516/sRbKY67PFury1zP0gVhGKImdqqjx8GYP/fgxva-1747404355846.jpg
2025-06-29 11:21:49 | INFO     | Row 333: ✓ Saved FH6408A.jpg
2025-06-29 11:21:49 | INFO     | Row 334: Downloading 76AV4C from https://media.cargosnap.net/thumbnails/sm/tenant1560/uploads/20250516/PPMihOGLiCGRvd4zpjl1yCw6CLwDHEbp/e5erta-1747404371268.jpg
2025-06-29 11:21:49 | INFO     | Row 334: ✓ Saved 76AV4C.jpg
2025-06-29 11:21:50 | INFO     | Row 335: Downloading OHY6509 from https://media.cargosnap.net/thumbnails/sm/tenant3905/uploads/20250516/g8sWChtPDMbi6mASI0oyO8svKa1ngpkf/tytxfi-1747404377858.jpg
2025-06-29 11:21:50 | INFO     | Row 335: ✓ Saved OHY6509.jpg
2025-06-29 11:21:50 | INFO     | Row 336: Downloading 65AV3C from https://media.cargosnap.net/thumbnails/sm/tenant1560/uploads/20250516/1M2LhsQ7UNkKRo2zZOKxwJINR0aM7GYc/3pru3f-1747404435108.jpg
2025-06-29 11:21:50 | INFO     | Row 336: ✓ Saved 65AV3C.jpg
2025-06-29 11:21:50 | INFO     | Row 337: Downloading FH-4310-A from https://media.cargosnap.net/thumbnails/sm/tenant1560/uploads/20250516/poBtGyXIHfvJeW4Z8tHDi1Wk4CZmJY6w/zf0d2-1747404443738.jpg
2025-06-29 11:21:51 | INFO     | Row 337: ✓ Saved FH-4310-A.jpg
2025-06-29 11:21:51 | INFO     | Row 338: Downloading 84AP8W from https://media.cargosnap.net/thumbnails/sm/tenant1560/uploads/20250516/rkNB8XkyfxHuWpRRi4NlXS8BWm0RYFgg/zipbu-1747406243915.jpg
2025-06-29 11:21:51 | INFO     | Row 338: ✓ Saved 84AP8W.jpg
2025-06-29 11:21:51 | INFO     | Row 339: Downloading JAG4C76 from https://media.cargosnap.net/thumbnails/sm/tenant3905/uploads/20250516/NpWDrEvPKNeo3qbVUgnDTBSxksD3DXbG/74efl-1747406603691.jpg
2025-06-29 11:21:51 | INFO     | Row 339: ✓ Saved JAG4C76.jpg
2025-06-29 11:21:51 | INFO     | Row 340: Downloading NWMAF701 from https://media.cargosnap.net/thumbnails/sm/tenant1868/uploads/20250516/mjuNkYrmokAfQ7yB6ypDddbbPDKu8bIO/zmzjb-1747405377298.jpg
2025-06-29 11:21:52 | INFO     | Row 340: ✓ Saved NWMAF701.jpg
2025-06-29 11:21:53 | INFO     | Row 341: Downloading 53AT6G from https://media.cargosnap.net/thumbnails/sm/tenant1560/uploads/20250516/T47mdmKrRHGQBSnxmaNQ8pkhUqYAHCbB/unb2ih-1747405409206.jpg
2025-06-29 11:21:53 | INFO     | Row 341: ✓ Saved 53AT6G.jpg
2025-06-29 11:21:53 | INFO     | Row 342: Downloading SXI7F20 from https://media.cargosnap.net/thumbnails/sm/tenant3905/uploads/20250516/oInrdjlpMJPb3g8q8VnHEisnFz85S4X5/rv5dw-1747405418232.jpg
2025-06-29 11:21:53 | INFO     | Row 342: ✓ Saved SXI7F20.jpg
2025-06-29 11:21:54 | INFO     | Row 343: Downloading 05AP8Y from https://media.cargosnap.net/thumbnails/sm/tenant1560/uploads/20250516/nDjNbPKAaLxZZV3Y4IbSOPIjoIgkoq8i/ht2rjq-1747406845465.jpg
2025-06-29 11:21:54 | INFO     | Row 343: ✓ Saved 05AP8Y.jpg
2025-06-29 11:21:54 | INFO     | Row 344: Downloading MLX0860 from https://media.cargosnap.net/thumbnails/sm/tenant2217/uploads/20250516/ORPtBQV7Nl2VEEUsgVB2wV45x6nFA5Ln/00r9a-1747404945638.jpg
2025-06-29 11:21:54 | INFO     | Row 344: ✓ Saved MLX0860.jpg
2025-06-29 11:21:54 | INFO     | Row 345: Downloading ABQ-161-MP from https://media.cargosnap.net/thumbnails/sm/tenant2217/uploads/20250516/YxoOgQZUEFs6W4TJL0iqttiuAdid0DvU/oc6l0h-1747406955826.jpg
2025-06-29 11:21:55 | INFO     | Row 345: ✓ Saved ABQ-161-MP.jpg
2025-06-29 11:21:55 | INFO     | Row 346: Downloading 71BD3B from https://media.cargosnap.net/thumbnails/sm/tenant1560/uploads/20250516/RQX3rtoVD4rT7pgnEzfB3LofH11t0fvX/2qowp-1747407167292.jpg
2025-06-29 11:21:55 | INFO     | Row 346: ✓ Saved 71BD3B.jpg
2025-06-29 11:21:55 | INFO     | Row 347: Downloading FH4529A from https://media.cargosnap.net/thumbnails/sm/tenant1560/uploads/20250516/iGvknQeTtgU3C5yUBGtFEupNZlPWyHjk/1umxuo-1747407255386.jpg
2025-06-29 11:21:55 | INFO     | Row 347: ✓ Saved FH4529A.jpg
2025-06-29 11:21:55 | INFO     | Row 348: Downloading AJI101MP from https://media.cargosnap.net/thumbnails/sm/tenant2217/uploads/20250516/ny7wxL4gNVTgxfMJrb3wCpmuzTmWmIha/6xrv5-1747405502574.jpg
2025-06-29 11:21:56 | INFO     | Row 348: ✓ Saved AJI101MP.jpg
2025-06-29 11:21:56 | INFO     | Row 349: Downloading 63-BG-2B from https://media.cargosnap.net/thumbnails/sm/tenant1560/uploads/20250516/WOjcGISrMejpv9TkkqTEZyqzPaEwleWX/fx4ekr-1747405819490.jpg
2025-06-29 11:21:56 | INFO     | Row 349: ✓ Saved 63-BG-2B.jpg
2025-06-29 11:21:56 | INFO     | Row 350: Downloading 244EV3 from https://media.cargosnap.net/thumbnails/sm/tenant1560/uploads/20250516/4GiRellUScl8Cu5sBThEhQgNQaqOe2CJ/ht7dgn-1747406066600.jpg
2025-06-29 11:21:56 | INFO     | Row 350: ✓ Saved 244EV3.jpg
2025-06-29 11:21:56 | INFO     | Row 351: Downloading AEK_543MC from https://media.cargosnap.net/thumbnails/sm/tenant2217/uploads/20250515/Pc2lCg1Ij0WrqRGW03SgD91scSHpR0fP/ai5zc-1747269782668.jpg
2025-06-29 11:21:57 | INFO     | Row 351: ✓ Saved AEK_543MC.jpg
2025-06-29 11:21:57 | INFO     | Row 355: Downloading AGL134MP from https://media.cargosnap.net/thumbnails/sm/tenant2217/uploads/20250515/vwIetvTaY6babVI1jQ016kOX7te0aZrY/29lhmf-1747269893311.jpg
2025-06-29 11:21:57 | INFO     | Row 355: ✓ Saved AGL134MP.jpg
2025-06-29 11:21:57 | INFO     | Row 356: Downloading ACI002MC from https://media.cargosnap.net/thumbnails/sm/tenant2217/uploads/20250515/jR4YlQvX8uy9kPFwrunwHZQvHM5dgW1P/lmr0l-1747270823826.jpg
2025-06-29 11:21:57 | INFO     | Row 356: ✓ Saved ACI002MC.jpg
2025-06-29 11:21:57 | INFO     | Row 357: Downloading HMSAF727 from https://media.cargosnap.net/thumbnails/sm/tenant1868/uploads/20250515/7suasGpdAu3YTXLk13ViQkz3B8l5YU3q/l36l6g-1747278163456.jpg
2025-06-29 11:21:58 | INFO     | Row 357: ✓ Saved HMSAF727.jpg
2025-06-29 11:21:58 | INFO     | Row 358: Downloading ACC254MP from https://media.cargosnap.net/thumbnails/sm/tenant2217/uploads/20250515/F3vxMWtkU1wpP76nyVIeCsU93B9rbOIX/hp51ub-1747270994176.jpg
2025-06-29 11:21:58 | INFO     | Row 358: ✓ Saved ACC254MP.jpg
2025-06-29 11:21:58 | INFO     | Row 359: Downloading AIE_323MP from https://media.cargosnap.net/thumbnails/sm/tenant2217/uploads/20250515/uYUo3hE1zIo6T41xlISJA9nbGWzWg1wM/l5keyk-1747271350705.jpg
2025-06-29 11:21:58 | INFO     | Row 359: ✓ Saved AIE_323MP.jpg
2025-06-29 11:21:58 | INFO     | Row 360: Downloading AAJ_621GZ from https://media.cargosnap.net/thumbnails/sm/tenant2217/uploads/20250515/XkpIs4zCvfbICkwb0PmG6JnAExgAmxHh/j8gnaq-1747271827538.jpg
2025-06-29 11:21:59 | INFO     | Row 360: ✓ Saved AAJ_621GZ.jpg
2025-06-29 11:21:59 | INFO     | Row 361: Downloading AFE095MC from https://media.cargosnap.net/thumbnails/sm/tenant2217/uploads/20250515/nwNaeUBtUgQ6WdXymysewNEoaNA350b9/jpzqvd-1747272511152.jpg
2025-06-29 11:21:59 | INFO     | Row 361: ✓ Saved AFE095MC.jpg
2025-06-29 11:21:59 | INFO     | Row 362: Downloading MMP_32_16 from https://media.cargosnap.net/thumbnails/sm/tenant2217/uploads/20250515/rWXDH5asp9XDt6z70trbtztkcm7uYHKT/a585u-1747272704598.jpg
2025-06-29 11:21:59 | INFO     | Row 362: ✓ Saved MMP_32_16.jpg
2025-06-29 11:21:59 | INFO     | Row 364: Downloading AEF_593MC from https://media.cargosnap.net/thumbnails/sm/tenant2217/uploads/20250515/I540Tfox4s9HUoocoXQF6ULYbvndZoAK/cn3tch-1747282121445.jpg
2025-06-29 11:22:00 | INFO     | Row 364: ✓ Saved AEF_593MC.jpg
2025-06-29 11:22:00 | INFO     | Row 365: Downloading NOT9069 from https://media.cargosnap.net/thumbnails/sm/tenant1830/uploads/20250515/N6WzC6LQwzVnPY7zVw2tJropwhFGsjc7/zecc9k-1747282258550.jpg
2025-06-29 11:22:00 | INFO     | Row 365: ✓ Saved NOT9069.jpg
2025-06-29 11:22:00 | INFO     | Row 366: Downloading AAE_721GZ from https://media.cargosnap.net/thumbnails/sm/tenant2217/uploads/20250515/nMoBAxiN6J9J7hX4TlRSsTBC2M9RKpQg/ydwg7u-1747282269685.jpg
2025-06-29 11:22:00 | INFO     | Row 366: ✓ Saved AAE_721GZ.jpg
2025-06-29 11:22:00 | INFO     | Row 367: Downloading AAJ_080MC from https://media.cargosnap.net/thumbnails/sm/tenant2217/uploads/20250515/g2cuTDgIKd4tX0KtkHzGOFttaikJqnDx/28n5dv-1747282530076.jpg
2025-06-29 11:22:01 | INFO     | Row 367: ✓ Saved AAJ_080MC.jpg
2025-06-29 11:22:01 | INFO     | Row 368: Downloading 0AHX712 from https://media.cargosnap.net/thumbnails/sm/tenant420/uploads/20250515/PAQyQ4NhdE7rHfqW6zhrNhxLWqso7j9I/c9nn1e-1747285448436.jpg
2025-06-29 11:22:01 | INFO     | Row 368: ✓ Saved 0AHX712.jpg
2025-06-29 11:22:01 | INFO     | Row 369: Downloading AEIS832 from https://media.cargosnap.net/thumbnails/sm/tenant1830/uploads/20250515/VlVadneUPjYeP2H6g4DxzCPppgLmRj5h/qw8twc-1747286411863.jpg
2025-06-29 11:22:01 | INFO     | Row 369: ✓ Saved AEIS832.jpg
2025-06-29 11:22:02 | INFO     | Progress: 300 downloaded, 0 failed
2025-06-29 11:22:02 | INFO     | Reached download limit of 300 images
2025-06-29 11:22:02 | INFO     | 
==================================================
2025-06-29 11:22:02 | INFO     | DOWNLOAD SUMMARY
2025-06-29 11:22:02 | INFO     | ==================================================
2025-06-29 11:22:02 | INFO     | Total rows processed: 370
2025-06-29 11:22:02 | INFO     | Successfully downloaded: 300
2025-06-29 11:22:02 | INFO     | Skipped (already exists): 69
2025-06-29 11:22:02 | INFO     | Failed downloads: 0
2025-06-29 11:22:02 | INFO     | Invalid references: 0
2025-06-29 11:22:02 | INFO     | Output directory: detection/training_data/00_raw/code_license_plate
2025-06-29 11:22:02 | INFO     | 
✓ Successfully downloaded 300 license plate images!
2025-06-29 11:22:02 | INFO     | 
Total time: 109.7 seconds
